[2025-06-13T02:30:34.836+0000] {manager.py:483} INFO - Processing files using up to 2 processes at a time 
[2025-06-13T02:30:34.837+0000] {manager.py:484} INFO - Process each file at most once every 30 seconds
[2025-06-13T02:30:34.838+0000] {manager.py:485} INFO - Checking for new files in /opt/airflow/dags every 300 seconds
[2025-06-13T02:30:34.839+0000] {manager.py:821} INFO - Searching for files in /opt/airflow/dags
[2025-06-13T02:30:34.885+0000] {manager.py:824} INFO - There are 1 files in /opt/airflow/dags
[2025-06-13T02:30:34.990+0000] {manager.py:997} INFO - 
================================================================================
DAG File Processing Stats

File Path                                     PID  Runtime      # DAGs    # Errors  Last Runtime    Last Run      Last # of DB Queries
------------------------------------------  -----  ---------  --------  ----------  --------------  ----------  ----------------------
/opt/airflow/dags/collect_stock_options.py    167  0.02s             0           0                                                   0
================================================================================
[2025-06-13T02:31:05.333+0000] {manager.py:997} INFO - 
================================================================================
DAG File Processing Stats

File Path                                     PID  Runtime      # DAGs    # Errors  Last Runtime    Last Run               Last # of DB Queries
------------------------------------------  -----  ---------  --------  ----------  --------------  -------------------  ----------------------
/opt/airflow/dags/collect_stock_options.py    172  0.01s             0           1  0.13s           2025-06-13T02:30:35                       3
================================================================================
[2025-06-13T02:31:35.711+0000] {manager.py:997} INFO - 
================================================================================
DAG File Processing Stats

File Path                                     PID  Runtime      # DAGs    # Errors  Last Runtime    Last Run               Last # of DB Queries
------------------------------------------  -----  ---------  --------  ----------  --------------  -------------------  ----------------------
/opt/airflow/dags/collect_stock_options.py    177  0.01s             0           1  0.10s           2025-06-13T02:31:05                       5
================================================================================
[2025-06-13T02:32:05.977+0000] {manager.py:997} INFO - 
================================================================================
DAG File Processing Stats

File Path                                     PID  Runtime      # DAGs    # Errors  Last Runtime    Last Run               Last # of DB Queries
------------------------------------------  -----  ---------  --------  ----------  --------------  -------------------  ----------------------
/opt/airflow/dags/collect_stock_options.py    182  0.01s             0           1  0.06s           2025-06-13T02:31:35                       5
================================================================================
[2025-06-13T02:32:36.278+0000] {manager.py:997} INFO - 
================================================================================
DAG File Processing Stats

File Path                                     PID  Runtime      # DAGs    # Errors  Last Runtime    Last Run               Last # of DB Queries
------------------------------------------  -----  ---------  --------  ----------  --------------  -------------------  ----------------------
/opt/airflow/dags/collect_stock_options.py    187  0.01s             0           1  0.12s           2025-06-13T02:32:06                       5
================================================================================
[2025-06-13T02:33:06.549+0000] {manager.py:997} INFO - 
================================================================================
DAG File Processing Stats

File Path                                     PID  Runtime      # DAGs    # Errors  Last Runtime    Last Run               Last # of DB Queries
------------------------------------------  -----  ---------  --------  ----------  --------------  -------------------  ----------------------
/opt/airflow/dags/collect_stock_options.py    192  0.00s             0           1  0.18s           2025-06-13T02:32:36                       5
================================================================================
[2025-06-13T02:33:36.784+0000] {manager.py:997} INFO - 
================================================================================
DAG File Processing Stats

File Path                                     PID  Runtime      # DAGs    # Errors  Last Runtime    Last Run               Last # of DB Queries
------------------------------------------  -----  ---------  --------  ----------  --------------  -------------------  ----------------------
/opt/airflow/dags/collect_stock_options.py    197  0.01s             0           1  0.12s           2025-06-13T02:33:06                       5
================================================================================
[2025-06-13T02:34:07.138+0000] {manager.py:997} INFO - 
================================================================================
DAG File Processing Stats

File Path                                     PID  Runtime      # DAGs    # Errors  Last Runtime    Last Run               Last # of DB Queries
------------------------------------------  -----  ---------  --------  ----------  --------------  -------------------  ----------------------
/opt/airflow/dags/collect_stock_options.py    202  0.00s             0           1  0.12s           2025-06-13T02:33:36                       5
================================================================================
[2025-06-13T02:34:37.470+0000] {manager.py:997} INFO - 
================================================================================
DAG File Processing Stats

File Path                                     PID  Runtime      # DAGs    # Errors  Last Runtime    Last Run               Last # of DB Queries
------------------------------------------  -----  ---------  --------  ----------  --------------  -------------------  ----------------------
/opt/airflow/dags/collect_stock_options.py    207  0.01s             0           1  0.12s           2025-06-13T02:34:07                       5
================================================================================
[2025-06-13T02:35:07.826+0000] {manager.py:997} INFO - 
================================================================================
DAG File Processing Stats

File Path                                     PID  Runtime      # DAGs    # Errors  Last Runtime    Last Run               Last # of DB Queries
------------------------------------------  -----  ---------  --------  ----------  --------------  -------------------  ----------------------
/opt/airflow/dags/collect_stock_options.py    212  0.01s             0           1  0.07s           2025-06-13T02:34:37                       5
================================================================================
[2025-06-13T02:35:35.059+0000] {manager.py:821} INFO - Searching for files in /opt/airflow/dags
[2025-06-13T02:35:35.083+0000] {manager.py:824} INFO - There are 1 files in /opt/airflow/dags
[2025-06-13T02:35:38.126+0000] {manager.py:997} INFO - 
================================================================================
DAG File Processing Stats

File Path                                     PID  Runtime      # DAGs    # Errors  Last Runtime    Last Run               Last # of DB Queries
------------------------------------------  -----  ---------  --------  ----------  --------------  -------------------  ----------------------
/opt/airflow/dags/collect_stock_options.py    217  0.01s             0           1  0.09s           2025-06-13T02:35:07                       5
================================================================================
[2025-06-13T02:36:08.504+0000] {manager.py:997} INFO - 
================================================================================
DAG File Processing Stats

File Path                                   PID    Runtime      # DAGs    # Errors  Last Runtime    Last Run               Last # of DB Queries
------------------------------------------  -----  ---------  --------  ----------  --------------  -------------------  ----------------------
/opt/airflow/dags/collect_stock_options.py                           0           1  0.08s           2025-06-13T02:36:03                       5
================================================================================
[2025-06-13T02:36:38.841+0000] {manager.py:997} INFO - 
================================================================================
DAG File Processing Stats

File Path                                   PID    Runtime      # DAGs    # Errors  Last Runtime    Last Run               Last # of DB Queries
------------------------------------------  -----  ---------  --------  ----------  --------------  -------------------  ----------------------
/opt/airflow/dags/collect_stock_options.py                           1           0  0.38s           2025-06-13T02:36:09                      42
================================================================================
[2025-06-13T02:37:09.517+0000] {manager.py:997} INFO - 
================================================================================
DAG File Processing Stats

File Path                                   PID    Runtime      # DAGs    # Errors  Last Runtime    Last Run               Last # of DB Queries
------------------------------------------  -----  ---------  --------  ----------  --------------  -------------------  ----------------------
/opt/airflow/dags/collect_stock_options.py                           1           0  0.10s           2025-06-13T02:36:40                      12
================================================================================
[2025-06-13T02:37:39.845+0000] {manager.py:997} INFO - 
================================================================================
DAG File Processing Stats

File Path                                   PID    Runtime      # DAGs    # Errors  Last Runtime    Last Run               Last # of DB Queries
------------------------------------------  -----  ---------  --------  ----------  --------------  -------------------  ----------------------
/opt/airflow/dags/collect_stock_options.py                           1           0  0.11s           2025-06-13T02:37:10                      12
================================================================================
[2025-06-13T02:38:10.186+0000] {manager.py:997} INFO - 
================================================================================
DAG File Processing Stats

File Path                                   PID    Runtime      # DAGs    # Errors  Last Runtime    Last Run               Last # of DB Queries
------------------------------------------  -----  ---------  --------  ----------  --------------  -------------------  ----------------------
/opt/airflow/dags/collect_stock_options.py                           1           0  0.21s           2025-06-13T02:37:41                      12
================================================================================
[2025-06-13T02:38:40.430+0000] {manager.py:997} INFO - 
================================================================================
DAG File Processing Stats

File Path                                   PID    Runtime      # DAGs    # Errors  Last Runtime    Last Run               Last # of DB Queries
------------------------------------------  -----  ---------  --------  ----------  --------------  -------------------  ----------------------
/opt/airflow/dags/collect_stock_options.py                           1           0  0.10s           2025-06-13T02:38:11                      12
================================================================================
[2025-06-13T02:39:10.741+0000] {manager.py:997} INFO - 
================================================================================
DAG File Processing Stats

File Path                                   PID    Runtime      # DAGs    # Errors  Last Runtime    Last Run               Last # of DB Queries
------------------------------------------  -----  ---------  --------  ----------  --------------  -------------------  ----------------------
/opt/airflow/dags/collect_stock_options.py                           1           0  0.15s           2025-06-13T02:38:41                      12
================================================================================
[2025-06-13T02:39:41.103+0000] {manager.py:997} INFO - 
================================================================================
DAG File Processing Stats

File Path                                   PID    Runtime      # DAGs    # Errors  Last Runtime    Last Run               Last # of DB Queries
------------------------------------------  -----  ---------  --------  ----------  --------------  -------------------  ----------------------
/opt/airflow/dags/collect_stock_options.py                           1           0  0.15s           2025-06-13T02:39:11                      12
================================================================================
[2025-06-13T02:40:11.501+0000] {manager.py:997} INFO - 
================================================================================
DAG File Processing Stats

File Path                                   PID    Runtime      # DAGs    # Errors  Last Runtime    Last Run               Last # of DB Queries
------------------------------------------  -----  ---------  --------  ----------  --------------  -------------------  ----------------------
/opt/airflow/dags/collect_stock_options.py                           1           0  0.09s           2025-06-13T02:39:42                      12
================================================================================
[2025-06-13T02:40:35.749+0000] {manager.py:821} INFO - Searching for files in /opt/airflow/dags
[2025-06-13T02:40:35.806+0000] {manager.py:824} INFO - There are 1 files in /opt/airflow/dags
[2025-06-13T02:40:41.867+0000] {manager.py:997} INFO - 
================================================================================
DAG File Processing Stats

File Path                                   PID    Runtime      # DAGs    # Errors  Last Runtime    Last Run               Last # of DB Queries
------------------------------------------  -----  ---------  --------  ----------  --------------  -------------------  ----------------------
/opt/airflow/dags/collect_stock_options.py                           1           0  0.12s           2025-06-13T02:40:12                      12
================================================================================
[2025-06-13T02:40:48.181+0000] {manager.py:465} INFO - Exiting gracefully upon receiving signal 15
[2025-06-13T02:42:27.399+0000] {manager.py:483} INFO - Processing files using up to 2 processes at a time 
[2025-06-13T02:42:27.400+0000] {manager.py:484} INFO - Process each file at most once every 30 seconds
[2025-06-13T02:42:27.401+0000] {manager.py:485} INFO - Checking for new files in /opt/airflow/dags every 300 seconds
[2025-06-13T02:42:27.402+0000] {manager.py:821} INFO - Searching for files in /opt/airflow/dags
[2025-06-13T02:42:27.426+0000] {manager.py:824} INFO - There are 1 files in /opt/airflow/dags
[2025-06-13T02:42:27.510+0000] {manager.py:997} INFO - 
================================================================================
DAG File Processing Stats

File Path                                     PID  Runtime      # DAGs    # Errors  Last Runtime    Last Run      Last # of DB Queries
------------------------------------------  -----  ---------  --------  ----------  --------------  ----------  ----------------------
/opt/airflow/dags/collect_stock_options.py    166  0.02s             0           0                                                   0
================================================================================
[2025-06-13T02:42:57.809+0000] {manager.py:997} INFO - 
================================================================================
DAG File Processing Stats

File Path                                     PID  Runtime      # DAGs    # Errors  Last Runtime    Last Run               Last # of DB Queries
------------------------------------------  -----  ---------  --------  ----------  --------------  -------------------  ----------------------
/opt/airflow/dags/collect_stock_options.py    171  0.01s             1           0  0.27s           2025-06-13T02:42:27                      41
================================================================================
[2025-06-13T02:43:28.150+0000] {manager.py:997} INFO - 
================================================================================
DAG File Processing Stats

File Path                                     PID  Runtime      # DAGs    # Errors  Last Runtime    Last Run               Last # of DB Queries
------------------------------------------  -----  ---------  --------  ----------  --------------  -------------------  ----------------------
/opt/airflow/dags/collect_stock_options.py    176  0.00s             1           0  0.11s           2025-06-13T02:42:57                      12
================================================================================
[2025-06-13T02:43:58.595+0000] {manager.py:997} INFO - 
================================================================================
DAG File Processing Stats

File Path                                     PID  Runtime      # DAGs    # Errors  Last Runtime    Last Run               Last # of DB Queries
------------------------------------------  -----  ---------  --------  ----------  --------------  -------------------  ----------------------
/opt/airflow/dags/collect_stock_options.py    181  0.00s             1           0  0.10s           2025-06-13T02:43:28                      12
================================================================================
[2025-06-13T02:44:28.883+0000] {manager.py:997} INFO - 
================================================================================
DAG File Processing Stats

File Path                                     PID  Runtime      # DAGs    # Errors  Last Runtime    Last Run               Last # of DB Queries
------------------------------------------  -----  ---------  --------  ----------  --------------  -------------------  ----------------------
/opt/airflow/dags/collect_stock_options.py    186  0.01s             1           0  0.12s           2025-06-13T02:43:58                      12
================================================================================
[2025-06-13T02:44:59.248+0000] {manager.py:997} INFO - 
================================================================================
DAG File Processing Stats

File Path                                     PID  Runtime      # DAGs    # Errors  Last Runtime    Last Run               Last # of DB Queries
------------------------------------------  -----  ---------  --------  ----------  --------------  -------------------  ----------------------
/opt/airflow/dags/collect_stock_options.py    191  0.00s             1           0  0.18s           2025-06-13T02:44:29                      12
================================================================================
[2025-06-13T02:45:29.535+0000] {manager.py:997} INFO - 
================================================================================
DAG File Processing Stats

File Path                                     PID  Runtime      # DAGs    # Errors  Last Runtime    Last Run               Last # of DB Queries
------------------------------------------  -----  ---------  --------  ----------  --------------  -------------------  ----------------------
/opt/airflow/dags/collect_stock_options.py    196  0.01s             1           0  0.12s           2025-06-13T02:44:59                      12
================================================================================
[2025-06-13T02:45:59.847+0000] {manager.py:997} INFO - 
================================================================================
DAG File Processing Stats

File Path                                     PID  Runtime      # DAGs    # Errors  Last Runtime    Last Run               Last # of DB Queries
------------------------------------------  -----  ---------  --------  ----------  --------------  -------------------  ----------------------
/opt/airflow/dags/collect_stock_options.py    201  0.00s             1           0  0.19s           2025-06-13T02:45:29                      12
================================================================================
[2025-06-13T02:46:30.057+0000] {manager.py:997} INFO - 
================================================================================
DAG File Processing Stats

File Path                                     PID  Runtime      # DAGs    # Errors  Last Runtime    Last Run               Last # of DB Queries
------------------------------------------  -----  ---------  --------  ----------  --------------  -------------------  ----------------------
/opt/airflow/dags/collect_stock_options.py    206  0.00s             1           0  0.12s           2025-06-13T02:45:59                      12
================================================================================
[2025-06-13T02:47:00.384+0000] {manager.py:997} INFO - 
================================================================================
DAG File Processing Stats

File Path                                     PID  Runtime      # DAGs    # Errors  Last Runtime    Last Run               Last # of DB Queries
------------------------------------------  -----  ---------  --------  ----------  --------------  -------------------  ----------------------
/opt/airflow/dags/collect_stock_options.py    211  0.00s             1           0  0.11s           2025-06-13T02:46:30                      12
================================================================================
[2025-06-13T02:47:27.645+0000] {manager.py:821} INFO - Searching for files in /opt/airflow/dags
[2025-06-13T02:47:27.677+0000] {manager.py:824} INFO - There are 1 files in /opt/airflow/dags
[2025-06-13T02:47:30.746+0000] {manager.py:997} INFO - 
================================================================================
DAG File Processing Stats

File Path                                     PID  Runtime      # DAGs    # Errors  Last Runtime    Last Run               Last # of DB Queries
------------------------------------------  -----  ---------  --------  ----------  --------------  -------------------  ----------------------
/opt/airflow/dags/collect_stock_options.py    216  0.01s             1           0  0.15s           2025-06-13T02:47:00                      12
================================================================================
[2025-06-13T02:48:01.111+0000] {manager.py:997} INFO - 
================================================================================
DAG File Processing Stats

File Path                                   PID    Runtime      # DAGs    # Errors  Last Runtime    Last Run               Last # of DB Queries
------------------------------------------  -----  ---------  --------  ----------  --------------  -------------------  ----------------------
/opt/airflow/dags/collect_stock_options.py                           0           1  0.13s           2025-06-13T02:47:56                       3
================================================================================
[2025-06-13T02:48:31.619+0000] {manager.py:997} INFO - 
================================================================================
DAG File Processing Stats

File Path                                   PID    Runtime      # DAGs    # Errors  Last Runtime    Last Run               Last # of DB Queries
------------------------------------------  -----  ---------  --------  ----------  --------------  -------------------  ----------------------
/opt/airflow/dags/collect_stock_options.py                           1           0  0.13s           2025-06-13T02:48:12                      12
================================================================================
[2025-06-13T02:49:01.943+0000] {manager.py:997} INFO - 
================================================================================
DAG File Processing Stats

File Path                                   PID    Runtime      # DAGs    # Errors  Last Runtime    Last Run               Last # of DB Queries
------------------------------------------  -----  ---------  --------  ----------  --------------  -------------------  ----------------------
/opt/airflow/dags/collect_stock_options.py                           1           0  0.11s           2025-06-13T02:48:42                      12
================================================================================
[2025-06-13T02:49:16.137+0000] {manager.py:1291} WARNING - Skipping processing of missing file: /opt/airflow/dags/collect_stock_options.py
[2025-06-13T02:50:27.092+0000] {manager.py:465} INFO - Exiting gracefully upon receiving signal 15
[2025-06-13T02:50:57.265+0000] {manager.py:483} INFO - Processing files using up to 2 processes at a time 
[2025-06-13T02:50:57.266+0000] {manager.py:484} INFO - Process each file at most once every 30 seconds
[2025-06-13T02:50:57.267+0000] {manager.py:485} INFO - Checking for new files in /opt/airflow/dags every 300 seconds
[2025-06-13T02:50:57.268+0000] {manager.py:821} INFO - Searching for files in /opt/airflow/dags
[2025-06-13T02:50:57.288+0000] {manager.py:824} INFO - There are 1 files in /opt/airflow/dags
[2025-06-13T02:50:57.371+0000] {manager.py:997} INFO - 
================================================================================
DAG File Processing Stats

File Path                                   PID  Runtime      # DAGs    # Errors  Last Runtime    Last Run      Last # of DB Queries
----------------------------------------  -----  ---------  --------  ----------  --------------  ----------  ----------------------
/opt/airflow/dags/fetch_stock_options.py    166  0.02s             0           0                                                   0
================================================================================
[2025-06-13T02:51:27.725+0000] {manager.py:997} INFO - 
================================================================================
DAG File Processing Stats

File Path                                   PID  Runtime      # DAGs    # Errors  Last Runtime    Last Run               Last # of DB Queries
----------------------------------------  -----  ---------  --------  ----------  --------------  -------------------  ----------------------
/opt/airflow/dags/fetch_stock_options.py    171  0.00s             1           0  0.30s           2025-06-13T02:50:57                      42
================================================================================
[2025-06-13T02:51:58.041+0000] {manager.py:997} INFO - 
================================================================================
DAG File Processing Stats

File Path                                   PID  Runtime      # DAGs    # Errors  Last Runtime    Last Run               Last # of DB Queries
----------------------------------------  -----  ---------  --------  ----------  --------------  -------------------  ----------------------
/opt/airflow/dags/fetch_stock_options.py    176  0.00s             1           0  0.10s           2025-06-13T02:51:27                      12
================================================================================
[2025-06-13T02:52:28.338+0000] {manager.py:997} INFO - 
================================================================================
DAG File Processing Stats

File Path                                   PID  Runtime      # DAGs    # Errors  Last Runtime    Last Run               Last # of DB Queries
----------------------------------------  -----  ---------  --------  ----------  --------------  -------------------  ----------------------
/opt/airflow/dags/fetch_stock_options.py    181  0.00s             1           0  0.13s           2025-06-13T02:51:58                      12
================================================================================
[2025-06-13T02:52:58.634+0000] {manager.py:997} INFO - 
================================================================================
DAG File Processing Stats

File Path                                   PID  Runtime      # DAGs    # Errors  Last Runtime    Last Run               Last # of DB Queries
----------------------------------------  -----  ---------  --------  ----------  --------------  -------------------  ----------------------
/opt/airflow/dags/fetch_stock_options.py    186  0.00s             1           0  0.17s           2025-06-13T02:52:28                      12
================================================================================
[2025-06-13T02:53:29.003+0000] {manager.py:997} INFO - 
================================================================================
DAG File Processing Stats

File Path                                   PID  Runtime      # DAGs    # Errors  Last Runtime    Last Run               Last # of DB Queries
----------------------------------------  -----  ---------  --------  ----------  --------------  -------------------  ----------------------
/opt/airflow/dags/fetch_stock_options.py    191  0.00s             1           0  0.11s           2025-06-13T02:52:58                      12
================================================================================
[2025-06-13T02:53:59.293+0000] {manager.py:997} INFO - 
================================================================================
DAG File Processing Stats

File Path                                   PID  Runtime      # DAGs    # Errors  Last Runtime    Last Run               Last # of DB Queries
----------------------------------------  -----  ---------  --------  ----------  --------------  -------------------  ----------------------
/opt/airflow/dags/fetch_stock_options.py    196  0.00s             1           0  0.21s           2025-06-13T02:53:29                      12
================================================================================
[2025-06-13T02:54:29.515+0000] {manager.py:997} INFO - 
================================================================================
DAG File Processing Stats

File Path                                   PID  Runtime      # DAGs    # Errors  Last Runtime    Last Run               Last # of DB Queries
----------------------------------------  -----  ---------  --------  ----------  --------------  -------------------  ----------------------
/opt/airflow/dags/fetch_stock_options.py    201  0.00s             1           0  0.11s           2025-06-13T02:53:59                      12
================================================================================
[2025-06-13T02:54:59.872+0000] {manager.py:997} INFO - 
================================================================================
DAG File Processing Stats

File Path                                   PID  Runtime      # DAGs    # Errors  Last Runtime    Last Run               Last # of DB Queries
----------------------------------------  -----  ---------  --------  ----------  --------------  -------------------  ----------------------
/opt/airflow/dags/fetch_stock_options.py    206  0.00s             1           0  0.10s           2025-06-13T02:54:29                      12
================================================================================
[2025-06-13T02:55:30.203+0000] {manager.py:997} INFO - 
================================================================================
DAG File Processing Stats

File Path                                   PID  Runtime      # DAGs    # Errors  Last Runtime    Last Run               Last # of DB Queries
----------------------------------------  -----  ---------  --------  ----------  --------------  -------------------  ----------------------
/opt/airflow/dags/fetch_stock_options.py    211  0.00s             1           0  0.13s           2025-06-13T02:54:59                      12
================================================================================
[2025-06-13T02:55:57.504+0000] {manager.py:821} INFO - Searching for files in /opt/airflow/dags
[2025-06-13T02:55:57.617+0000] {manager.py:824} INFO - There are 1 files in /opt/airflow/dags
[2025-06-13T02:56:00.681+0000] {manager.py:997} INFO - 
================================================================================
DAG File Processing Stats

File Path                                   PID  Runtime      # DAGs    # Errors  Last Runtime    Last Run               Last # of DB Queries
----------------------------------------  -----  ---------  --------  ----------  --------------  -------------------  ----------------------
/opt/airflow/dags/fetch_stock_options.py    216  0.00s             1           0  0.29s           2025-06-13T02:55:30                      12
================================================================================
[2025-06-13T02:56:30.986+0000] {manager.py:997} INFO - 
================================================================================
DAG File Processing Stats

File Path                                   PID  Runtime      # DAGs    # Errors  Last Runtime    Last Run               Last # of DB Queries
----------------------------------------  -----  ---------  --------  ----------  --------------  -------------------  ----------------------
/opt/airflow/dags/fetch_stock_options.py    221  0.00s             1           0  0.09s           2025-06-13T02:56:00                      12
================================================================================
[2025-06-13T02:57:01.487+0000] {manager.py:997} INFO - 
================================================================================
DAG File Processing Stats

File Path                                 PID    Runtime      # DAGs    # Errors  Last Runtime    Last Run               Last # of DB Queries
----------------------------------------  -----  ---------  --------  ----------  --------------  -------------------  ----------------------
/opt/airflow/dags/fetch_stock_options.py                           1           0  0.12s           2025-06-13T02:56:56                      12
================================================================================
[2025-06-13T02:57:14.762+0000] {manager.py:465} INFO - Exiting gracefully upon receiving signal 15
[2025-06-13T02:57:52.495+0000] {manager.py:483} INFO - Processing files using up to 2 processes at a time 
[2025-06-13T02:57:52.497+0000] {manager.py:484} INFO - Process each file at most once every 30 seconds
[2025-06-13T02:57:52.497+0000] {manager.py:485} INFO - Checking for new files in /opt/airflow/dags every 300 seconds
[2025-06-13T02:57:52.498+0000] {manager.py:821} INFO - Searching for files in /opt/airflow/dags
[2025-06-13T02:57:52.529+0000] {manager.py:824} INFO - There are 1 files in /opt/airflow/dags
[2025-06-13T02:57:52.625+0000] {manager.py:997} INFO - 
================================================================================
DAG File Processing Stats

File Path                                   PID  Runtime      # DAGs    # Errors  Last Runtime    Last Run      Last # of DB Queries
----------------------------------------  -----  ---------  --------  ----------  --------------  ----------  ----------------------
/opt/airflow/dags/fetch_stock_options.py    167  0.02s             0           0                                                   0
================================================================================
[2025-06-13T02:58:22.981+0000] {manager.py:997} INFO - 
================================================================================
DAG File Processing Stats

File Path                                   PID  Runtime      # DAGs    # Errors  Last Runtime    Last Run               Last # of DB Queries
----------------------------------------  -----  ---------  --------  ----------  --------------  -------------------  ----------------------
/opt/airflow/dags/fetch_stock_options.py    172  0.00s             1           0  0.30s           2025-06-13T02:57:52                      41
================================================================================
[2025-06-13T02:58:53.323+0000] {manager.py:997} INFO - 
================================================================================
DAG File Processing Stats

File Path                                   PID  Runtime      # DAGs    # Errors  Last Runtime    Last Run               Last # of DB Queries
----------------------------------------  -----  ---------  --------  ----------  --------------  -------------------  ----------------------
/opt/airflow/dags/fetch_stock_options.py    177  0.00s             1           0  0.09s           2025-06-13T02:58:23                      12
================================================================================
[2025-06-13T02:59:23.716+0000] {manager.py:997} INFO - 
================================================================================
DAG File Processing Stats

File Path                                   PID  Runtime      # DAGs    # Errors  Last Runtime    Last Run               Last # of DB Queries
----------------------------------------  -----  ---------  --------  ----------  --------------  -------------------  ----------------------
/opt/airflow/dags/fetch_stock_options.py    182  0.00s             1           0  0.10s           2025-06-13T02:58:53                      12
================================================================================
[2025-06-13T02:59:54.095+0000] {manager.py:997} INFO - 
================================================================================
DAG File Processing Stats

File Path                                   PID  Runtime      # DAGs    # Errors  Last Runtime    Last Run               Last # of DB Queries
----------------------------------------  -----  ---------  --------  ----------  --------------  -------------------  ----------------------
/opt/airflow/dags/fetch_stock_options.py    187  0.00s             1           0  0.34s           2025-06-13T02:59:24                      12
================================================================================
[2025-06-13T03:00:24.443+0000] {manager.py:997} INFO - 
================================================================================
DAG File Processing Stats

File Path                                   PID  Runtime      # DAGs    # Errors  Last Runtime    Last Run               Last # of DB Queries
----------------------------------------  -----  ---------  --------  ----------  --------------  -------------------  ----------------------
/opt/airflow/dags/fetch_stock_options.py    192  0.00s             1           0  0.10s           2025-06-13T02:59:54                      12
================================================================================
[2025-06-13T03:00:54.807+0000] {manager.py:997} INFO - 
================================================================================
DAG File Processing Stats

File Path                                   PID  Runtime      # DAGs    # Errors  Last Runtime    Last Run               Last # of DB Queries
----------------------------------------  -----  ---------  --------  ----------  --------------  -------------------  ----------------------
/opt/airflow/dags/fetch_stock_options.py    197  0.00s             1           0  0.10s           2025-06-13T03:00:24                      12
================================================================================
[2025-06-13T03:01:25.211+0000] {manager.py:997} INFO - 
================================================================================
DAG File Processing Stats

File Path                                   PID  Runtime      # DAGs    # Errors  Last Runtime    Last Run               Last # of DB Queries
----------------------------------------  -----  ---------  --------  ----------  --------------  -------------------  ----------------------
/opt/airflow/dags/fetch_stock_options.py    202  0.01s             1           0  0.10s           2025-06-13T03:00:54                      12
================================================================================
[2025-06-13T03:01:55.583+0000] {manager.py:997} INFO - 
================================================================================
DAG File Processing Stats

File Path                                   PID  Runtime      # DAGs    # Errors  Last Runtime    Last Run               Last # of DB Queries
----------------------------------------  -----  ---------  --------  ----------  --------------  -------------------  ----------------------
/opt/airflow/dags/fetch_stock_options.py    207  0.00s             1           0  0.10s           2025-06-13T03:01:25                      12
================================================================================
[2025-06-13T03:02:17.490+0000] {manager.py:465} INFO - Exiting gracefully upon receiving signal 15
[2025-06-13T03:02:25.679+0000] {manager.py:483} INFO - Processing files using up to 2 processes at a time 
[2025-06-13T03:02:25.680+0000] {manager.py:484} INFO - Process each file at most once every 30 seconds
[2025-06-13T03:02:25.681+0000] {manager.py:485} INFO - Checking for new files in /opt/airflow/dags every 300 seconds
[2025-06-13T03:02:25.682+0000] {manager.py:821} INFO - Searching for files in /opt/airflow/dags
[2025-06-13T03:02:25.718+0000] {manager.py:824} INFO - There are 1 files in /opt/airflow/dags
[2025-06-13T03:02:25.793+0000] {manager.py:997} INFO - 
================================================================================
DAG File Processing Stats

File Path                                   PID  Runtime      # DAGs    # Errors  Last Runtime    Last Run      Last # of DB Queries
----------------------------------------  -----  ---------  --------  ----------  --------------  ----------  ----------------------
/opt/airflow/dags/fetch_stock_options.py    167  0.02s             0           0                                                   0
================================================================================
[2025-06-13T03:02:42.754+0000] {manager.py:465} INFO - Exiting gracefully upon receiving signal 15
[2025-06-13T12:38:35.776+0000] {manager.py:483} INFO - Processing files using up to 2 processes at a time 
[2025-06-13T12:38:35.778+0000] {manager.py:484} INFO - Process each file at most once every 30 seconds
[2025-06-13T12:38:35.780+0000] {manager.py:485} INFO - Checking for new files in /opt/airflow/dags every 300 seconds
[2025-06-13T12:38:35.782+0000] {manager.py:821} INFO - Searching for files in /opt/airflow/dags
[2025-06-13T12:38:35.841+0000] {manager.py:824} INFO - There are 1 files in /opt/airflow/dags
[2025-06-13T12:38:35.952+0000] {manager.py:997} INFO - 
================================================================================
DAG File Processing Stats

File Path                                   PID  Runtime      # DAGs    # Errors  Last Runtime    Last Run      Last # of DB Queries
----------------------------------------  -----  ---------  --------  ----------  --------------  ----------  ----------------------
/opt/airflow/dags/fetch_stock_options.py    167  0.02s             0           0                                                   0
================================================================================
[2025-06-13T12:39:06.246+0000] {manager.py:997} INFO - 
================================================================================
DAG File Processing Stats

File Path                                 PID    Runtime      # DAGs    # Errors  Last Runtime    Last Run               Last # of DB Queries
----------------------------------------  -----  ---------  --------  ----------  --------------  -------------------  ----------------------
/opt/airflow/dags/fetch_stock_options.py                           1           0  0.35s           2025-06-13T12:38:36                      41
================================================================================
[2025-06-13T12:39:36.840+0000] {manager.py:997} INFO - 
================================================================================
DAG File Processing Stats

File Path                                   PID  Runtime      # DAGs    # Errors  Last Runtime    Last Run               Last # of DB Queries
----------------------------------------  -----  ---------  --------  ----------  --------------  -------------------  ----------------------
/opt/airflow/dags/fetch_stock_options.py    177  0.00s             1           0  0.15s           2025-06-13T12:39:06                      12
================================================================================
[2025-06-13T12:40:07.270+0000] {manager.py:997} INFO - 
================================================================================
DAG File Processing Stats

File Path                                   PID  Runtime      # DAGs    # Errors  Last Runtime    Last Run               Last # of DB Queries
----------------------------------------  -----  ---------  --------  ----------  --------------  -------------------  ----------------------
/opt/airflow/dags/fetch_stock_options.py    182  0.01s             1           0  0.14s           2025-06-13T12:39:36                      12
================================================================================
[2025-06-13T12:40:25.760+0000] {manager.py:465} INFO - Exiting gracefully upon receiving signal 15
[2025-06-13T12:40:34.223+0000] {manager.py:483} INFO - Processing files using up to 2 processes at a time 
[2025-06-13T12:40:34.224+0000] {manager.py:484} INFO - Process each file at most once every 30 seconds
[2025-06-13T12:40:34.225+0000] {manager.py:485} INFO - Checking for new files in /opt/airflow/dags every 300 seconds
[2025-06-13T12:40:34.226+0000] {manager.py:821} INFO - Searching for files in /opt/airflow/dags
[2025-06-13T12:40:34.263+0000] {manager.py:824} INFO - There are 1 files in /opt/airflow/dags
[2025-06-13T12:40:34.348+0000] {manager.py:997} INFO - 
================================================================================
DAG File Processing Stats

File Path                                   PID  Runtime      # DAGs    # Errors  Last Runtime    Last Run      Last # of DB Queries
----------------------------------------  -----  ---------  --------  ----------  --------------  ----------  ----------------------
/opt/airflow/dags/fetch_stock_options.py    167  0.03s             0           0                                                   0
================================================================================
[2025-06-13T12:41:04.644+0000] {manager.py:997} INFO - 
================================================================================
DAG File Processing Stats

File Path                                   PID  Runtime      # DAGs    # Errors  Last Runtime    Last Run               Last # of DB Queries
----------------------------------------  -----  ---------  --------  ----------  --------------  -------------------  ----------------------
/opt/airflow/dags/fetch_stock_options.py    172  0.00s             1           0  0.12s           2025-06-13T12:40:34                      12
================================================================================
[2025-06-13T12:41:35.012+0000] {manager.py:997} INFO - 
================================================================================
DAG File Processing Stats

File Path                                   PID  Runtime      # DAGs    # Errors  Last Runtime    Last Run               Last # of DB Queries
----------------------------------------  -----  ---------  --------  ----------  --------------  -------------------  ----------------------
/opt/airflow/dags/fetch_stock_options.py    177  0.01s             1           0  0.15s           2025-06-13T12:41:04                      12
================================================================================
[2025-06-13T12:42:05.410+0000] {manager.py:997} INFO - 
================================================================================
DAG File Processing Stats

File Path                                   PID  Runtime      # DAGs    # Errors  Last Runtime    Last Run               Last # of DB Queries
----------------------------------------  -----  ---------  --------  ----------  --------------  -------------------  ----------------------
/opt/airflow/dags/fetch_stock_options.py    182  0.01s             1           0  0.21s           2025-06-13T12:41:35                      12
================================================================================
[2025-06-13T12:42:35.799+0000] {manager.py:997} INFO - 
================================================================================
DAG File Processing Stats

File Path                                   PID  Runtime      # DAGs    # Errors  Last Runtime    Last Run               Last # of DB Queries
----------------------------------------  -----  ---------  --------  ----------  --------------  -------------------  ----------------------
/opt/airflow/dags/fetch_stock_options.py    187  0.01s             1           0  0.14s           2025-06-13T12:42:05                      12
================================================================================
[2025-06-13T12:43:06.133+0000] {manager.py:997} INFO - 
================================================================================
DAG File Processing Stats

File Path                                   PID  Runtime      # DAGs    # Errors  Last Runtime    Last Run               Last # of DB Queries
----------------------------------------  -----  ---------  --------  ----------  --------------  -------------------  ----------------------
/opt/airflow/dags/fetch_stock_options.py    192  0.00s             1           0  0.12s           2025-06-13T12:42:35                      12
================================================================================
[2025-06-13T12:43:36.513+0000] {manager.py:997} INFO - 
================================================================================
DAG File Processing Stats

File Path                                   PID  Runtime      # DAGs    # Errors  Last Runtime    Last Run               Last # of DB Queries
----------------------------------------  -----  ---------  --------  ----------  --------------  -------------------  ----------------------
/opt/airflow/dags/fetch_stock_options.py    197  0.01s             1           0  0.10s           2025-06-13T12:43:06                      12
================================================================================
[2025-06-13T12:44:06.819+0000] {manager.py:997} INFO - 
================================================================================
DAG File Processing Stats

File Path                                   PID  Runtime      # DAGs    # Errors  Last Runtime    Last Run               Last # of DB Queries
----------------------------------------  -----  ---------  --------  ----------  --------------  -------------------  ----------------------
/opt/airflow/dags/fetch_stock_options.py    202  0.00s             1           0  0.14s           2025-06-13T12:43:36                      12
================================================================================
[2025-06-13T12:44:37.199+0000] {manager.py:997} INFO - 
================================================================================
DAG File Processing Stats

File Path                                   PID  Runtime      # DAGs    # Errors  Last Runtime    Last Run               Last # of DB Queries
----------------------------------------  -----  ---------  --------  ----------  --------------  -------------------  ----------------------
/opt/airflow/dags/fetch_stock_options.py    207  0.01s             1           0  0.13s           2025-06-13T12:44:06                      12
================================================================================
[2025-06-13T12:45:07.569+0000] {manager.py:997} INFO - 
================================================================================
DAG File Processing Stats

File Path                                   PID  Runtime      # DAGs    # Errors  Last Runtime    Last Run               Last # of DB Queries
----------------------------------------  -----  ---------  --------  ----------  --------------  -------------------  ----------------------
/opt/airflow/dags/fetch_stock_options.py    212  0.01s             1           0  0.13s           2025-06-13T12:44:37                      12
================================================================================
[2025-06-13T12:45:34.890+0000] {manager.py:821} INFO - Searching for files in /opt/airflow/dags
[2025-06-13T12:45:34.937+0000] {manager.py:824} INFO - There are 1 files in /opt/airflow/dags
[2025-06-13T12:45:37.997+0000] {manager.py:997} INFO - 
================================================================================
DAG File Processing Stats

File Path                                   PID  Runtime      # DAGs    # Errors  Last Runtime    Last Run               Last # of DB Queries
----------------------------------------  -----  ---------  --------  ----------  --------------  -------------------  ----------------------
/opt/airflow/dags/fetch_stock_options.py    217  0.00s             1           0  0.17s           2025-06-13T12:45:07                      12
================================================================================
[2025-06-13T12:46:08.324+0000] {manager.py:997} INFO - 
================================================================================
DAG File Processing Stats

File Path                                   PID  Runtime      # DAGs    # Errors  Last Runtime    Last Run               Last # of DB Queries
----------------------------------------  -----  ---------  --------  ----------  --------------  -------------------  ----------------------
/opt/airflow/dags/fetch_stock_options.py    222  0.01s             1           0  0.12s           2025-06-13T12:45:38                      12
================================================================================
[2025-06-13T12:46:38.758+0000] {manager.py:997} INFO - 
================================================================================
DAG File Processing Stats

File Path                                   PID  Runtime      # DAGs    # Errors  Last Runtime    Last Run               Last # of DB Queries
----------------------------------------  -----  ---------  --------  ----------  --------------  -------------------  ----------------------
/opt/airflow/dags/fetch_stock_options.py    227  0.01s             1           0  0.14s           2025-06-13T12:46:08                      12
================================================================================
[2025-06-13T12:47:09.131+0000] {manager.py:997} INFO - 
================================================================================
DAG File Processing Stats

File Path                                   PID  Runtime      # DAGs    # Errors  Last Runtime    Last Run               Last # of DB Queries
----------------------------------------  -----  ---------  --------  ----------  --------------  -------------------  ----------------------
/opt/airflow/dags/fetch_stock_options.py    232  0.01s             1           0  0.09s           2025-06-13T12:46:38                      12
================================================================================
[2025-06-13T12:47:42.328+0000] {manager.py:997} INFO - 
================================================================================
DAG File Processing Stats

File Path                                 PID    Runtime      # DAGs    # Errors  Last Runtime    Last Run               Last # of DB Queries
----------------------------------------  -----  ---------  --------  ----------  --------------  -------------------  ----------------------
/opt/airflow/dags/fetch_stock_options.py                           1           0  0.14s           2025-06-13T12:47:09                      12
================================================================================
[2025-06-13T12:48:10.917+0000] {manager.py:997} INFO - 
================================================================================
DAG File Processing Stats

File Path                                 PID    Runtime      # DAGs    # Errors  Last Runtime    Last Run               Last # of DB Queries
----------------------------------------  -----  ---------  --------  ----------  --------------  -------------------  ----------------------
/opt/airflow/dags/fetch_stock_options.py                           1           0  4.92s           2025-06-13T12:48:00                      12
================================================================================
[2025-06-13T12:48:44.186+0000] {manager.py:997} INFO - 
================================================================================
DAG File Processing Stats

File Path                                 PID    Runtime      # DAGs    # Errors  Last Runtime    Last Run               Last # of DB Queries
----------------------------------------  -----  ---------  --------  ----------  --------------  -------------------  ----------------------
/opt/airflow/dags/fetch_stock_options.py                           1           0  0.19s           2025-06-13T12:48:31                      12
================================================================================
[2025-06-13T12:49:14.720+0000] {manager.py:997} INFO - 
================================================================================
DAG File Processing Stats

File Path                                 PID    Runtime      # DAGs    # Errors  Last Runtime    Last Run               Last # of DB Queries
----------------------------------------  -----  ---------  --------  ----------  --------------  -------------------  ----------------------
/opt/airflow/dags/fetch_stock_options.py                           1           0  0.10s           2025-06-13T12:49:01                      12
================================================================================
[2025-06-13T12:49:45.131+0000] {manager.py:997} INFO - 
================================================================================
DAG File Processing Stats

File Path                                 PID    Runtime      # DAGs    # Errors  Last Runtime    Last Run               Last # of DB Queries
----------------------------------------  -----  ---------  --------  ----------  --------------  -------------------  ----------------------
/opt/airflow/dags/fetch_stock_options.py                           1           0  0.10s           2025-06-13T12:49:32                      12
================================================================================
[2025-06-13T12:50:15.445+0000] {manager.py:997} INFO - 
================================================================================
DAG File Processing Stats

File Path                                 PID    Runtime      # DAGs    # Errors  Last Runtime    Last Run               Last # of DB Queries
----------------------------------------  -----  ---------  --------  ----------  --------------  -------------------  ----------------------
/opt/airflow/dags/fetch_stock_options.py                           1           0  0.10s           2025-06-13T12:50:02                      12
================================================================================
[2025-06-13T12:50:35.685+0000] {manager.py:821} INFO - Searching for files in /opt/airflow/dags
[2025-06-13T12:50:35.708+0000] {manager.py:824} INFO - There are 1 files in /opt/airflow/dags
[2025-06-13T12:50:45.796+0000] {manager.py:997} INFO - 
================================================================================
DAG File Processing Stats

File Path                                 PID    Runtime      # DAGs    # Errors  Last Runtime    Last Run               Last # of DB Queries
----------------------------------------  -----  ---------  --------  ----------  --------------  -------------------  ----------------------
/opt/airflow/dags/fetch_stock_options.py                           1           0  0.10s           2025-06-13T12:50:32                      12
================================================================================
[2025-06-13T12:51:16.135+0000] {manager.py:997} INFO - 
================================================================================
DAG File Processing Stats

File Path                                 PID    Runtime      # DAGs    # Errors  Last Runtime    Last Run               Last # of DB Queries
----------------------------------------  -----  ---------  --------  ----------  --------------  -------------------  ----------------------
/opt/airflow/dags/fetch_stock_options.py                           1           0  0.10s           2025-06-13T12:51:03                      12
================================================================================
[2025-06-13T12:51:46.529+0000] {manager.py:997} INFO - 
================================================================================
DAG File Processing Stats

File Path                                 PID    Runtime      # DAGs    # Errors  Last Runtime    Last Run               Last # of DB Queries
----------------------------------------  -----  ---------  --------  ----------  --------------  -------------------  ----------------------
/opt/airflow/dags/fetch_stock_options.py                           1           0  0.10s           2025-06-13T12:51:33                      12
================================================================================
[2025-06-13T12:52:16.851+0000] {manager.py:997} INFO - 
================================================================================
DAG File Processing Stats

File Path                                 PID    Runtime      # DAGs    # Errors  Last Runtime    Last Run               Last # of DB Queries
----------------------------------------  -----  ---------  --------  ----------  --------------  -------------------  ----------------------
/opt/airflow/dags/fetch_stock_options.py                           1           0  0.10s           2025-06-13T12:52:03                      12
================================================================================
[2025-06-13T12:52:42.976+0000] {manager.py:465} INFO - Exiting gracefully upon receiving signal 15
