[2025-06-14T01:43:09.688+0000] {processor.py:186} INFO - Started process (PID=192) to work on /opt/airflow/dags/fetch_stock_options.py
[2025-06-14T01:43:09.688+0000] {processor.py:914} INFO - Processing file /opt/airflow/dags/fetch_stock_options.py for tasks to queue
[2025-06-14T01:43:09.691+0000] {logging_mixin.py:190} INFO - [2025-06-14T01:43:09.691+0000] {dagbag.py:588} INFO - Filling up the DagBag from /opt/airflow/dags/fetch_stock_options.py
[2025-06-14T01:43:09.730+0000] {processor.py:925} INFO - DAG(s) 'fetch_stock_options' retrieved from /opt/airflow/dags/fetch_stock_options.py
[2025-06-14T01:43:09.842+0000] {logging_mixin.py:190} INFO - [2025-06-14T01:43:09.841+0000] {override.py:1900} INFO - Created Permission View: can read on DAG:fetch_stock_options
[2025-06-14T01:43:09.860+0000] {logging_mixin.py:190} INFO - [2025-06-14T01:43:09.859+0000] {override.py:1900} INFO - Created Permission View: can delete on DAG:fetch_stock_options
[2025-06-14T01:43:09.869+0000] {logging_mixin.py:190} INFO - [2025-06-14T01:43:09.869+0000] {override.py:1900} INFO - Created Permission View: can edit on DAG:fetch_stock_options
[2025-06-14T01:43:09.891+0000] {logging_mixin.py:190} INFO - [2025-06-14T01:43:09.890+0000] {override.py:1900} INFO - Created Permission View: menu access on DAG Run:fetch_stock_options
[2025-06-14T01:43:09.907+0000] {logging_mixin.py:190} INFO - [2025-06-14T01:43:09.906+0000] {override.py:1900} INFO - Created Permission View: can read on DAG Run:fetch_stock_options
[2025-06-14T01:43:09.921+0000] {logging_mixin.py:190} INFO - [2025-06-14T01:43:09.920+0000] {override.py:1900} INFO - Created Permission View: can delete on DAG Run:fetch_stock_options
[2025-06-14T01:43:09.934+0000] {logging_mixin.py:190} INFO - [2025-06-14T01:43:09.934+0000] {override.py:1900} INFO - Created Permission View: can create on DAG Run:fetch_stock_options
[2025-06-14T01:43:09.940+0000] {logging_mixin.py:190} INFO - [2025-06-14T01:43:09.940+0000] {dag.py:3239} INFO - Sync 1 DAGs
[2025-06-14T01:43:09.965+0000] {logging_mixin.py:190} INFO - [2025-06-14T01:43:09.964+0000] {dag.py:3262} INFO - Creating ORM DAG for fetch_stock_options
[2025-06-14T01:43:09.987+0000] {logging_mixin.py:190} INFO - [2025-06-14T01:43:09.987+0000] {dag.py:4180} INFO - Setting next_dagrun for fetch_stock_options to 2025-06-14 01:35:00+00:00, run_after=2025-06-14 01:40:00+00:00
[2025-06-14T01:43:10.033+0000] {processor.py:208} INFO - Processing /opt/airflow/dags/fetch_stock_options.py took 0.352 seconds
[2025-06-14T01:43:40.333+0000] {processor.py:186} INFO - Started process (PID=249) to work on /opt/airflow/dags/fetch_stock_options.py
[2025-06-14T01:43:40.333+0000] {processor.py:914} INFO - Processing file /opt/airflow/dags/fetch_stock_options.py for tasks to queue
[2025-06-14T01:43:40.335+0000] {logging_mixin.py:190} INFO - [2025-06-14T01:43:40.335+0000] {dagbag.py:588} INFO - Filling up the DagBag from /opt/airflow/dags/fetch_stock_options.py
[2025-06-14T01:43:40.353+0000] {processor.py:925} INFO - DAG(s) 'fetch_stock_options' retrieved from /opt/airflow/dags/fetch_stock_options.py
[2025-06-14T01:43:40.369+0000] {logging_mixin.py:190} INFO - [2025-06-14T01:43:40.369+0000] {dag.py:3239} INFO - Sync 1 DAGs
[2025-06-14T01:43:40.386+0000] {logging_mixin.py:190} INFO - [2025-06-14T01:43:40.386+0000] {dag.py:4180} INFO - Setting next_dagrun for fetch_stock_options to 2025-06-14 01:35:00+00:00, run_after=2025-06-14 01:40:00+00:00
[2025-06-14T01:43:40.405+0000] {processor.py:208} INFO - Processing /opt/airflow/dags/fetch_stock_options.py took 0.077 seconds
[2025-06-14T01:44:10.758+0000] {processor.py:186} INFO - Started process (PID=272) to work on /opt/airflow/dags/fetch_stock_options.py
[2025-06-14T01:44:10.759+0000] {processor.py:914} INFO - Processing file /opt/airflow/dags/fetch_stock_options.py for tasks to queue
[2025-06-14T01:44:10.761+0000] {logging_mixin.py:190} INFO - [2025-06-14T01:44:10.760+0000] {dagbag.py:588} INFO - Filling up the DagBag from /opt/airflow/dags/fetch_stock_options.py
[2025-06-14T01:44:10.778+0000] {processor.py:925} INFO - DAG(s) 'fetch_stock_options' retrieved from /opt/airflow/dags/fetch_stock_options.py
[2025-06-14T01:44:10.794+0000] {logging_mixin.py:190} INFO - [2025-06-14T01:44:10.793+0000] {dag.py:3239} INFO - Sync 1 DAGs
[2025-06-14T01:44:10.813+0000] {logging_mixin.py:190} INFO - [2025-06-14T01:44:10.812+0000] {dag.py:4180} INFO - Setting next_dagrun for fetch_stock_options to 2025-06-14 01:35:00+00:00, run_after=2025-06-14 01:40:00+00:00
[2025-06-14T01:44:10.831+0000] {processor.py:208} INFO - Processing /opt/airflow/dags/fetch_stock_options.py took 0.078 seconds
[2025-06-14T01:44:41.089+0000] {processor.py:186} INFO - Started process (PID=295) to work on /opt/airflow/dags/fetch_stock_options.py
[2025-06-14T01:44:41.090+0000] {processor.py:914} INFO - Processing file /opt/airflow/dags/fetch_stock_options.py for tasks to queue
[2025-06-14T01:44:41.092+0000] {logging_mixin.py:190} INFO - [2025-06-14T01:44:41.092+0000] {dagbag.py:588} INFO - Filling up the DagBag from /opt/airflow/dags/fetch_stock_options.py
[2025-06-14T01:44:41.110+0000] {processor.py:925} INFO - DAG(s) 'fetch_stock_options' retrieved from /opt/airflow/dags/fetch_stock_options.py
[2025-06-14T01:44:41.129+0000] {logging_mixin.py:190} INFO - [2025-06-14T01:44:41.129+0000] {dag.py:3239} INFO - Sync 1 DAGs
[2025-06-14T01:44:41.148+0000] {logging_mixin.py:190} INFO - [2025-06-14T01:44:41.148+0000] {dag.py:4180} INFO - Setting next_dagrun for fetch_stock_options to 2025-06-14 01:35:00+00:00, run_after=2025-06-14 01:40:00+00:00
[2025-06-14T01:44:41.167+0000] {processor.py:208} INFO - Processing /opt/airflow/dags/fetch_stock_options.py took 0.083 seconds
[2025-06-14T01:45:11.475+0000] {processor.py:186} INFO - Started process (PID=319) to work on /opt/airflow/dags/fetch_stock_options.py
[2025-06-14T01:45:11.475+0000] {processor.py:914} INFO - Processing file /opt/airflow/dags/fetch_stock_options.py for tasks to queue
[2025-06-14T01:45:11.477+0000] {logging_mixin.py:190} INFO - [2025-06-14T01:45:11.477+0000] {dagbag.py:588} INFO - Filling up the DagBag from /opt/airflow/dags/fetch_stock_options.py
[2025-06-14T01:45:11.492+0000] {processor.py:925} INFO - DAG(s) 'fetch_stock_options' retrieved from /opt/airflow/dags/fetch_stock_options.py
[2025-06-14T01:45:11.507+0000] {logging_mixin.py:190} INFO - [2025-06-14T01:45:11.506+0000] {dag.py:3239} INFO - Sync 1 DAGs
[2025-06-14T01:45:11.524+0000] {logging_mixin.py:190} INFO - [2025-06-14T01:45:11.524+0000] {dag.py:4180} INFO - Setting next_dagrun for fetch_stock_options to 2025-06-14 01:40:00+00:00, run_after=2025-06-14 01:45:00+00:00
[2025-06-14T01:45:11.543+0000] {processor.py:208} INFO - Processing /opt/airflow/dags/fetch_stock_options.py took 0.072 seconds
[2025-06-14T01:45:41.881+0000] {processor.py:186} INFO - Started process (PID=342) to work on /opt/airflow/dags/fetch_stock_options.py
[2025-06-14T01:45:41.882+0000] {processor.py:914} INFO - Processing file /opt/airflow/dags/fetch_stock_options.py for tasks to queue
[2025-06-14T01:45:41.884+0000] {logging_mixin.py:190} INFO - [2025-06-14T01:45:41.884+0000] {dagbag.py:588} INFO - Filling up the DagBag from /opt/airflow/dags/fetch_stock_options.py
[2025-06-14T01:45:41.919+0000] {processor.py:925} INFO - DAG(s) 'fetch_stock_options' retrieved from /opt/airflow/dags/fetch_stock_options.py
[2025-06-14T01:45:41.937+0000] {logging_mixin.py:190} INFO - [2025-06-14T01:45:41.936+0000] {dag.py:3239} INFO - Sync 1 DAGs
[2025-06-14T01:45:41.956+0000] {logging_mixin.py:190} INFO - [2025-06-14T01:45:41.956+0000] {dag.py:4180} INFO - Setting next_dagrun for fetch_stock_options to 2025-06-14 01:40:00+00:00, run_after=2025-06-14 01:45:00+00:00
[2025-06-14T01:45:41.976+0000] {processor.py:208} INFO - Processing /opt/airflow/dags/fetch_stock_options.py took 0.100 seconds
[2025-06-14T01:46:12.213+0000] {processor.py:186} INFO - Started process (PID=366) to work on /opt/airflow/dags/fetch_stock_options.py
[2025-06-14T01:46:12.214+0000] {processor.py:914} INFO - Processing file /opt/airflow/dags/fetch_stock_options.py for tasks to queue
[2025-06-14T01:46:12.216+0000] {logging_mixin.py:190} INFO - [2025-06-14T01:46:12.216+0000] {dagbag.py:588} INFO - Filling up the DagBag from /opt/airflow/dags/fetch_stock_options.py
[2025-06-14T01:46:12.235+0000] {processor.py:925} INFO - DAG(s) 'fetch_stock_options' retrieved from /opt/airflow/dags/fetch_stock_options.py
[2025-06-14T01:46:12.253+0000] {logging_mixin.py:190} INFO - [2025-06-14T01:46:12.252+0000] {dag.py:3239} INFO - Sync 1 DAGs
[2025-06-14T01:46:12.272+0000] {logging_mixin.py:190} INFO - [2025-06-14T01:46:12.272+0000] {dag.py:4180} INFO - Setting next_dagrun for fetch_stock_options to 2025-06-14 01:40:00+00:00, run_after=2025-06-14 01:45:00+00:00
[2025-06-14T01:46:12.293+0000] {processor.py:208} INFO - Processing /opt/airflow/dags/fetch_stock_options.py took 0.084 seconds
[2025-06-14T01:46:42.627+0000] {processor.py:186} INFO - Started process (PID=394) to work on /opt/airflow/dags/fetch_stock_options.py
[2025-06-14T01:46:42.628+0000] {processor.py:914} INFO - Processing file /opt/airflow/dags/fetch_stock_options.py for tasks to queue
[2025-06-14T01:46:42.630+0000] {logging_mixin.py:190} INFO - [2025-06-14T01:46:42.630+0000] {dagbag.py:588} INFO - Filling up the DagBag from /opt/airflow/dags/fetch_stock_options.py
[2025-06-14T01:46:42.660+0000] {processor.py:925} INFO - DAG(s) 'fetch_stock_options' retrieved from /opt/airflow/dags/fetch_stock_options.py
[2025-06-14T01:46:42.674+0000] {logging_mixin.py:190} INFO - [2025-06-14T01:46:42.674+0000] {dag.py:3239} INFO - Sync 1 DAGs
[2025-06-14T01:46:42.690+0000] {logging_mixin.py:190} INFO - [2025-06-14T01:46:42.690+0000] {dag.py:4180} INFO - Setting next_dagrun for fetch_stock_options to 2025-06-14 01:45:00+00:00, run_after=2025-06-14 01:50:00+00:00
[2025-06-14T01:46:42.708+0000] {processor.py:208} INFO - Processing /opt/airflow/dags/fetch_stock_options.py took 0.086 seconds
[2025-06-14T01:47:13.044+0000] {processor.py:186} INFO - Started process (PID=417) to work on /opt/airflow/dags/fetch_stock_options.py
[2025-06-14T01:47:13.046+0000] {processor.py:914} INFO - Processing file /opt/airflow/dags/fetch_stock_options.py for tasks to queue
[2025-06-14T01:47:13.053+0000] {logging_mixin.py:190} INFO - [2025-06-14T01:47:13.053+0000] {dagbag.py:588} INFO - Filling up the DagBag from /opt/airflow/dags/fetch_stock_options.py
[2025-06-14T01:47:13.136+0000] {processor.py:925} INFO - DAG(s) 'fetch_stock_options' retrieved from /opt/airflow/dags/fetch_stock_options.py
[2025-06-14T01:47:13.193+0000] {logging_mixin.py:190} INFO - [2025-06-14T01:47:13.192+0000] {dag.py:3239} INFO - Sync 1 DAGs
[2025-06-14T01:47:13.247+0000] {logging_mixin.py:190} INFO - [2025-06-14T01:47:13.247+0000] {dag.py:4180} INFO - Setting next_dagrun for fetch_stock_options to 2025-06-14 01:45:00+00:00, run_after=2025-06-14 01:50:00+00:00
[2025-06-14T01:47:13.294+0000] {processor.py:208} INFO - Processing /opt/airflow/dags/fetch_stock_options.py took 0.261 seconds
[2025-06-14T01:47:43.419+0000] {processor.py:186} INFO - Started process (PID=440) to work on /opt/airflow/dags/fetch_stock_options.py
[2025-06-14T01:47:43.421+0000] {processor.py:914} INFO - Processing file /opt/airflow/dags/fetch_stock_options.py for tasks to queue
[2025-06-14T01:47:43.424+0000] {logging_mixin.py:190} INFO - [2025-06-14T01:47:43.424+0000] {dagbag.py:588} INFO - Filling up the DagBag from /opt/airflow/dags/fetch_stock_options.py
[2025-06-14T01:47:43.464+0000] {processor.py:925} INFO - DAG(s) 'fetch_stock_options' retrieved from /opt/airflow/dags/fetch_stock_options.py
[2025-06-14T01:47:43.480+0000] {logging_mixin.py:190} INFO - [2025-06-14T01:47:43.480+0000] {dag.py:3239} INFO - Sync 1 DAGs
[2025-06-14T01:47:43.495+0000] {logging_mixin.py:190} INFO - [2025-06-14T01:47:43.495+0000] {dag.py:4180} INFO - Setting next_dagrun for fetch_stock_options to 2025-06-14 01:45:00+00:00, run_after=2025-06-14 01:50:00+00:00
[2025-06-14T01:47:43.529+0000] {processor.py:208} INFO - Processing /opt/airflow/dags/fetch_stock_options.py took 0.122 seconds
[2025-06-14T01:48:13.770+0000] {processor.py:186} INFO - Started process (PID=463) to work on /opt/airflow/dags/fetch_stock_options.py
[2025-06-14T01:48:13.771+0000] {processor.py:914} INFO - Processing file /opt/airflow/dags/fetch_stock_options.py for tasks to queue
[2025-06-14T01:48:13.773+0000] {logging_mixin.py:190} INFO - [2025-06-14T01:48:13.773+0000] {dagbag.py:588} INFO - Filling up the DagBag from /opt/airflow/dags/fetch_stock_options.py
[2025-06-14T01:48:13.814+0000] {processor.py:925} INFO - DAG(s) 'fetch_stock_options' retrieved from /opt/airflow/dags/fetch_stock_options.py
[2025-06-14T01:48:13.839+0000] {logging_mixin.py:190} INFO - [2025-06-14T01:48:13.839+0000] {dag.py:3239} INFO - Sync 1 DAGs
[2025-06-14T01:48:13.855+0000] {logging_mixin.py:190} INFO - [2025-06-14T01:48:13.855+0000] {dag.py:4180} INFO - Setting next_dagrun for fetch_stock_options to 2025-06-14 01:45:00+00:00, run_after=2025-06-14 01:50:00+00:00
[2025-06-14T01:48:13.874+0000] {processor.py:208} INFO - Processing /opt/airflow/dags/fetch_stock_options.py took 0.108 seconds
[2025-06-14T01:48:44.168+0000] {processor.py:186} INFO - Started process (PID=486) to work on /opt/airflow/dags/fetch_stock_options.py
[2025-06-14T01:48:44.169+0000] {processor.py:914} INFO - Processing file /opt/airflow/dags/fetch_stock_options.py for tasks to queue
[2025-06-14T01:48:44.170+0000] {logging_mixin.py:190} INFO - [2025-06-14T01:48:44.170+0000] {dagbag.py:588} INFO - Filling up the DagBag from /opt/airflow/dags/fetch_stock_options.py
[2025-06-14T01:48:44.186+0000] {processor.py:925} INFO - DAG(s) 'fetch_stock_options' retrieved from /opt/airflow/dags/fetch_stock_options.py
[2025-06-14T01:48:44.203+0000] {logging_mixin.py:190} INFO - [2025-06-14T01:48:44.202+0000] {dag.py:3239} INFO - Sync 1 DAGs
[2025-06-14T01:48:44.223+0000] {logging_mixin.py:190} INFO - [2025-06-14T01:48:44.223+0000] {dag.py:4180} INFO - Setting next_dagrun for fetch_stock_options to 2025-06-14 01:45:00+00:00, run_after=2025-06-14 01:50:00+00:00
[2025-06-14T01:48:44.240+0000] {processor.py:208} INFO - Processing /opt/airflow/dags/fetch_stock_options.py took 0.077 seconds
[2025-06-14T01:49:14.493+0000] {processor.py:186} INFO - Started process (PID=520) to work on /opt/airflow/dags/fetch_stock_options.py
[2025-06-14T01:49:14.494+0000] {processor.py:914} INFO - Processing file /opt/airflow/dags/fetch_stock_options.py for tasks to queue
[2025-06-14T01:49:14.495+0000] {logging_mixin.py:190} INFO - [2025-06-14T01:49:14.495+0000] {dagbag.py:588} INFO - Filling up the DagBag from /opt/airflow/dags/fetch_stock_options.py
[2025-06-14T01:49:14.512+0000] {processor.py:925} INFO - DAG(s) 'fetch_stock_options' retrieved from /opt/airflow/dags/fetch_stock_options.py
[2025-06-14T01:49:14.526+0000] {logging_mixin.py:190} INFO - [2025-06-14T01:49:14.526+0000] {dag.py:3239} INFO - Sync 1 DAGs
[2025-06-14T01:49:14.544+0000] {logging_mixin.py:190} INFO - [2025-06-14T01:49:14.544+0000] {dag.py:4180} INFO - Setting next_dagrun for fetch_stock_options to 2025-06-14 01:45:00+00:00, run_after=2025-06-14 01:50:00+00:00
[2025-06-14T01:49:14.581+0000] {processor.py:208} INFO - Processing /opt/airflow/dags/fetch_stock_options.py took 0.092 seconds
[2025-06-14T01:49:44.891+0000] {processor.py:186} INFO - Started process (PID=543) to work on /opt/airflow/dags/fetch_stock_options.py
[2025-06-14T01:49:44.891+0000] {processor.py:914} INFO - Processing file /opt/airflow/dags/fetch_stock_options.py for tasks to queue
[2025-06-14T01:49:44.893+0000] {logging_mixin.py:190} INFO - [2025-06-14T01:49:44.893+0000] {dagbag.py:588} INFO - Filling up the DagBag from /opt/airflow/dags/fetch_stock_options.py
[2025-06-14T01:49:44.910+0000] {processor.py:925} INFO - DAG(s) 'fetch_stock_options' retrieved from /opt/airflow/dags/fetch_stock_options.py
[2025-06-14T01:49:44.924+0000] {logging_mixin.py:190} INFO - [2025-06-14T01:49:44.923+0000] {dag.py:3239} INFO - Sync 1 DAGs
[2025-06-14T01:49:44.940+0000] {logging_mixin.py:190} INFO - [2025-06-14T01:49:44.940+0000] {dag.py:4180} INFO - Setting next_dagrun for fetch_stock_options to 2025-06-14 01:45:00+00:00, run_after=2025-06-14 01:50:00+00:00
[2025-06-14T01:49:44.960+0000] {processor.py:208} INFO - Processing /opt/airflow/dags/fetch_stock_options.py took 0.074 seconds
[2025-06-14T01:50:15.229+0000] {processor.py:186} INFO - Started process (PID=568) to work on /opt/airflow/dags/fetch_stock_options.py
[2025-06-14T01:50:15.230+0000] {processor.py:914} INFO - Processing file /opt/airflow/dags/fetch_stock_options.py for tasks to queue
[2025-06-14T01:50:15.231+0000] {logging_mixin.py:190} INFO - [2025-06-14T01:50:15.231+0000] {dagbag.py:588} INFO - Filling up the DagBag from /opt/airflow/dags/fetch_stock_options.py
[2025-06-14T01:50:15.246+0000] {processor.py:925} INFO - DAG(s) 'fetch_stock_options' retrieved from /opt/airflow/dags/fetch_stock_options.py
[2025-06-14T01:50:15.262+0000] {logging_mixin.py:190} INFO - [2025-06-14T01:50:15.262+0000] {dag.py:3239} INFO - Sync 1 DAGs
[2025-06-14T01:50:15.277+0000] {logging_mixin.py:190} INFO - [2025-06-14T01:50:15.277+0000] {dag.py:4180} INFO - Setting next_dagrun for fetch_stock_options to 2025-06-14 01:50:00+00:00, run_after=2025-06-14 01:55:00+00:00
[2025-06-14T01:50:15.296+0000] {processor.py:208} INFO - Processing /opt/airflow/dags/fetch_stock_options.py took 0.072 seconds
[2025-06-14T01:50:45.643+0000] {processor.py:186} INFO - Started process (PID=591) to work on /opt/airflow/dags/fetch_stock_options.py
[2025-06-14T01:50:45.647+0000] {processor.py:914} INFO - Processing file /opt/airflow/dags/fetch_stock_options.py for tasks to queue
[2025-06-14T01:50:45.649+0000] {logging_mixin.py:190} INFO - [2025-06-14T01:50:45.649+0000] {dagbag.py:588} INFO - Filling up the DagBag from /opt/airflow/dags/fetch_stock_options.py
[2025-06-14T01:50:45.662+0000] {processor.py:925} INFO - DAG(s) 'fetch_stock_options' retrieved from /opt/airflow/dags/fetch_stock_options.py
[2025-06-14T01:50:45.676+0000] {logging_mixin.py:190} INFO - [2025-06-14T01:50:45.676+0000] {dag.py:3239} INFO - Sync 1 DAGs
[2025-06-14T01:50:45.691+0000] {logging_mixin.py:190} INFO - [2025-06-14T01:50:45.691+0000] {dag.py:4180} INFO - Setting next_dagrun for fetch_stock_options to 2025-06-14 01:50:00+00:00, run_after=2025-06-14 01:55:00+00:00
[2025-06-14T01:50:45.711+0000] {processor.py:208} INFO - Processing /opt/airflow/dags/fetch_stock_options.py took 0.071 seconds
[2025-06-14T01:51:15.967+0000] {processor.py:186} INFO - Started process (PID=614) to work on /opt/airflow/dags/fetch_stock_options.py
[2025-06-14T01:51:15.968+0000] {processor.py:914} INFO - Processing file /opt/airflow/dags/fetch_stock_options.py for tasks to queue
[2025-06-14T01:51:15.971+0000] {logging_mixin.py:190} INFO - [2025-06-14T01:51:15.971+0000] {dagbag.py:588} INFO - Filling up the DagBag from /opt/airflow/dags/fetch_stock_options.py
[2025-06-14T01:51:15.998+0000] {processor.py:925} INFO - DAG(s) 'fetch_stock_options' retrieved from /opt/airflow/dags/fetch_stock_options.py
[2025-06-14T01:51:16.013+0000] {logging_mixin.py:190} INFO - [2025-06-14T01:51:16.013+0000] {dag.py:3239} INFO - Sync 1 DAGs
[2025-06-14T01:51:16.031+0000] {logging_mixin.py:190} INFO - [2025-06-14T01:51:16.031+0000] {dag.py:4180} INFO - Setting next_dagrun for fetch_stock_options to 2025-06-14 01:50:00+00:00, run_after=2025-06-14 01:55:00+00:00
[2025-06-14T01:51:16.048+0000] {processor.py:208} INFO - Processing /opt/airflow/dags/fetch_stock_options.py took 0.090 seconds
[2025-06-14T01:51:46.309+0000] {processor.py:186} INFO - Started process (PID=643) to work on /opt/airflow/dags/fetch_stock_options.py
[2025-06-14T01:51:46.310+0000] {processor.py:914} INFO - Processing file /opt/airflow/dags/fetch_stock_options.py for tasks to queue
[2025-06-14T01:51:46.312+0000] {logging_mixin.py:190} INFO - [2025-06-14T01:51:46.312+0000] {dagbag.py:588} INFO - Filling up the DagBag from /opt/airflow/dags/fetch_stock_options.py
[2025-06-14T01:51:46.329+0000] {processor.py:925} INFO - DAG(s) 'fetch_stock_options' retrieved from /opt/airflow/dags/fetch_stock_options.py
[2025-06-14T01:51:46.345+0000] {logging_mixin.py:190} INFO - [2025-06-14T01:51:46.345+0000] {dag.py:3239} INFO - Sync 1 DAGs
[2025-06-14T01:51:46.363+0000] {logging_mixin.py:190} INFO - [2025-06-14T01:51:46.362+0000] {dag.py:4180} INFO - Setting next_dagrun for fetch_stock_options to 2025-06-14 01:50:00+00:00, run_after=2025-06-14 01:55:00+00:00
[2025-06-14T01:51:46.381+0000] {processor.py:208} INFO - Processing /opt/airflow/dags/fetch_stock_options.py took 0.076 seconds
[2025-06-14T01:52:16.673+0000] {processor.py:186} INFO - Started process (PID=666) to work on /opt/airflow/dags/fetch_stock_options.py
[2025-06-14T01:52:16.674+0000] {processor.py:914} INFO - Processing file /opt/airflow/dags/fetch_stock_options.py for tasks to queue
[2025-06-14T01:52:16.676+0000] {logging_mixin.py:190} INFO - [2025-06-14T01:52:16.675+0000] {dagbag.py:588} INFO - Filling up the DagBag from /opt/airflow/dags/fetch_stock_options.py
[2025-06-14T01:52:16.694+0000] {processor.py:925} INFO - DAG(s) 'fetch_stock_options' retrieved from /opt/airflow/dags/fetch_stock_options.py
[2025-06-14T01:52:16.709+0000] {logging_mixin.py:190} INFO - [2025-06-14T01:52:16.708+0000] {dag.py:3239} INFO - Sync 1 DAGs
[2025-06-14T01:52:16.725+0000] {logging_mixin.py:190} INFO - [2025-06-14T01:52:16.725+0000] {dag.py:4180} INFO - Setting next_dagrun for fetch_stock_options to 2025-06-14 01:50:00+00:00, run_after=2025-06-14 01:55:00+00:00
[2025-06-14T01:52:16.743+0000] {processor.py:208} INFO - Processing /opt/airflow/dags/fetch_stock_options.py took 0.075 seconds
[2025-06-14T01:52:47.096+0000] {processor.py:186} INFO - Started process (PID=689) to work on /opt/airflow/dags/fetch_stock_options.py
[2025-06-14T01:52:47.097+0000] {processor.py:914} INFO - Processing file /opt/airflow/dags/fetch_stock_options.py for tasks to queue
[2025-06-14T01:52:47.100+0000] {logging_mixin.py:190} INFO - [2025-06-14T01:52:47.099+0000] {dagbag.py:588} INFO - Filling up the DagBag from /opt/airflow/dags/fetch_stock_options.py
[2025-06-14T01:52:47.147+0000] {processor.py:925} INFO - DAG(s) 'fetch_stock_options' retrieved from /opt/airflow/dags/fetch_stock_options.py
[2025-06-14T01:52:47.167+0000] {logging_mixin.py:190} INFO - [2025-06-14T01:52:47.167+0000] {dag.py:3239} INFO - Sync 1 DAGs
[2025-06-14T01:52:47.187+0000] {logging_mixin.py:190} INFO - [2025-06-14T01:52:47.186+0000] {dag.py:4180} INFO - Setting next_dagrun for fetch_stock_options to 2025-06-14 01:50:00+00:00, run_after=2025-06-14 01:55:00+00:00
[2025-06-14T01:52:47.223+0000] {processor.py:208} INFO - Processing /opt/airflow/dags/fetch_stock_options.py took 0.134 seconds
[2025-06-14T01:53:17.464+0000] {processor.py:186} INFO - Started process (PID=712) to work on /opt/airflow/dags/fetch_stock_options.py
[2025-06-14T01:53:17.465+0000] {processor.py:914} INFO - Processing file /opt/airflow/dags/fetch_stock_options.py for tasks to queue
[2025-06-14T01:53:17.467+0000] {logging_mixin.py:190} INFO - [2025-06-14T01:53:17.467+0000] {dagbag.py:588} INFO - Filling up the DagBag from /opt/airflow/dags/fetch_stock_options.py
[2025-06-14T01:53:17.490+0000] {processor.py:925} INFO - DAG(s) 'fetch_stock_options' retrieved from /opt/airflow/dags/fetch_stock_options.py
[2025-06-14T01:53:17.509+0000] {logging_mixin.py:190} INFO - [2025-06-14T01:53:17.509+0000] {dag.py:3239} INFO - Sync 1 DAGs
[2025-06-14T01:53:17.532+0000] {logging_mixin.py:190} INFO - [2025-06-14T01:53:17.532+0000] {dag.py:4180} INFO - Setting next_dagrun for fetch_stock_options to 2025-06-14 01:50:00+00:00, run_after=2025-06-14 01:55:00+00:00
[2025-06-14T01:53:17.554+0000] {processor.py:208} INFO - Processing /opt/airflow/dags/fetch_stock_options.py took 0.096 seconds
[2025-06-14T01:53:47.905+0000] {processor.py:186} INFO - Started process (PID=735) to work on /opt/airflow/dags/fetch_stock_options.py
[2025-06-14T01:53:47.905+0000] {processor.py:914} INFO - Processing file /opt/airflow/dags/fetch_stock_options.py for tasks to queue
[2025-06-14T01:53:47.907+0000] {logging_mixin.py:190} INFO - [2025-06-14T01:53:47.907+0000] {dagbag.py:588} INFO - Filling up the DagBag from /opt/airflow/dags/fetch_stock_options.py
[2025-06-14T01:53:47.938+0000] {processor.py:925} INFO - DAG(s) 'fetch_stock_options' retrieved from /opt/airflow/dags/fetch_stock_options.py
[2025-06-14T01:53:47.964+0000] {logging_mixin.py:190} INFO - [2025-06-14T01:53:47.964+0000] {dag.py:3239} INFO - Sync 1 DAGs
[2025-06-14T01:53:47.994+0000] {logging_mixin.py:190} INFO - [2025-06-14T01:53:47.994+0000] {dag.py:4180} INFO - Setting next_dagrun for fetch_stock_options to 2025-06-14 01:50:00+00:00, run_after=2025-06-14 01:55:00+00:00
[2025-06-14T01:53:48.025+0000] {processor.py:208} INFO - Processing /opt/airflow/dags/fetch_stock_options.py took 0.125 seconds
[2025-06-14T01:54:18.270+0000] {processor.py:186} INFO - Started process (PID=758) to work on /opt/airflow/dags/fetch_stock_options.py
[2025-06-14T01:54:18.271+0000] {processor.py:914} INFO - Processing file /opt/airflow/dags/fetch_stock_options.py for tasks to queue
[2025-06-14T01:54:18.273+0000] {logging_mixin.py:190} INFO - [2025-06-14T01:54:18.273+0000] {dagbag.py:588} INFO - Filling up the DagBag from /opt/airflow/dags/fetch_stock_options.py
[2025-06-14T01:54:18.304+0000] {processor.py:925} INFO - DAG(s) 'fetch_stock_options' retrieved from /opt/airflow/dags/fetch_stock_options.py
[2025-06-14T01:54:18.331+0000] {logging_mixin.py:190} INFO - [2025-06-14T01:54:18.331+0000] {dag.py:3239} INFO - Sync 1 DAGs
[2025-06-14T01:54:18.352+0000] {logging_mixin.py:190} INFO - [2025-06-14T01:54:18.351+0000] {dag.py:4180} INFO - Setting next_dagrun for fetch_stock_options to 2025-06-14 01:50:00+00:00, run_after=2025-06-14 01:55:00+00:00
[2025-06-14T01:54:18.376+0000] {processor.py:208} INFO - Processing /opt/airflow/dags/fetch_stock_options.py took 0.113 seconds
[2025-06-14T01:54:48.663+0000] {processor.py:186} INFO - Started process (PID=781) to work on /opt/airflow/dags/fetch_stock_options.py
[2025-06-14T01:54:48.664+0000] {processor.py:914} INFO - Processing file /opt/airflow/dags/fetch_stock_options.py for tasks to queue
[2025-06-14T01:54:48.666+0000] {logging_mixin.py:190} INFO - [2025-06-14T01:54:48.666+0000] {dagbag.py:588} INFO - Filling up the DagBag from /opt/airflow/dags/fetch_stock_options.py
[2025-06-14T01:54:48.687+0000] {processor.py:925} INFO - DAG(s) 'fetch_stock_options' retrieved from /opt/airflow/dags/fetch_stock_options.py
[2025-06-14T01:54:48.703+0000] {logging_mixin.py:190} INFO - [2025-06-14T01:54:48.702+0000] {dag.py:3239} INFO - Sync 1 DAGs
[2025-06-14T01:54:48.720+0000] {logging_mixin.py:190} INFO - [2025-06-14T01:54:48.720+0000] {dag.py:4180} INFO - Setting next_dagrun for fetch_stock_options to 2025-06-14 01:50:00+00:00, run_after=2025-06-14 01:55:00+00:00
[2025-06-14T01:54:48.749+0000] {processor.py:208} INFO - Processing /opt/airflow/dags/fetch_stock_options.py took 0.091 seconds
[2025-06-14T01:55:18.977+0000] {processor.py:186} INFO - Started process (PID=810) to work on /opt/airflow/dags/fetch_stock_options.py
[2025-06-14T01:55:18.978+0000] {processor.py:914} INFO - Processing file /opt/airflow/dags/fetch_stock_options.py for tasks to queue
[2025-06-14T01:55:18.980+0000] {logging_mixin.py:190} INFO - [2025-06-14T01:55:18.980+0000] {dagbag.py:588} INFO - Filling up the DagBag from /opt/airflow/dags/fetch_stock_options.py
[2025-06-14T01:55:19.000+0000] {processor.py:925} INFO - DAG(s) 'fetch_stock_options' retrieved from /opt/airflow/dags/fetch_stock_options.py
[2025-06-14T01:55:19.020+0000] {logging_mixin.py:190} INFO - [2025-06-14T01:55:19.020+0000] {dag.py:3239} INFO - Sync 1 DAGs
[2025-06-14T01:55:19.050+0000] {logging_mixin.py:190} INFO - [2025-06-14T01:55:19.049+0000] {dag.py:4180} INFO - Setting next_dagrun for fetch_stock_options to 2025-06-14 01:55:00+00:00, run_after=2025-06-14 02:00:00+00:00
[2025-06-14T01:55:19.091+0000] {processor.py:208} INFO - Processing /opt/airflow/dags/fetch_stock_options.py took 0.119 seconds
[2025-06-14T01:55:49.410+0000] {processor.py:186} INFO - Started process (PID=833) to work on /opt/airflow/dags/fetch_stock_options.py
[2025-06-14T01:55:49.411+0000] {processor.py:914} INFO - Processing file /opt/airflow/dags/fetch_stock_options.py for tasks to queue
[2025-06-14T01:55:49.413+0000] {logging_mixin.py:190} INFO - [2025-06-14T01:55:49.413+0000] {dagbag.py:588} INFO - Filling up the DagBag from /opt/airflow/dags/fetch_stock_options.py
[2025-06-14T01:55:49.438+0000] {processor.py:925} INFO - DAG(s) 'fetch_stock_options' retrieved from /opt/airflow/dags/fetch_stock_options.py
[2025-06-14T01:55:49.460+0000] {logging_mixin.py:190} INFO - [2025-06-14T01:55:49.459+0000] {dag.py:3239} INFO - Sync 1 DAGs
[2025-06-14T01:55:49.477+0000] {logging_mixin.py:190} INFO - [2025-06-14T01:55:49.477+0000] {dag.py:4180} INFO - Setting next_dagrun for fetch_stock_options to 2025-06-14 01:55:00+00:00, run_after=2025-06-14 02:00:00+00:00
[2025-06-14T01:55:49.499+0000] {processor.py:208} INFO - Processing /opt/airflow/dags/fetch_stock_options.py took 0.093 seconds
