[2025-06-13T02:30:35.000+0000] {processor.py:186} INFO - Started process (PID=167) to work on /opt/airflow/dags/collect_stock_options.py
[2025-06-13T02:30:35.001+0000] {processor.py:914} INFO - Processing file /opt/airflow/dags/collect_stock_options.py for tasks to queue
[2025-06-13T02:30:35.002+0000] {logging_mixin.py:190} INFO - [2025-06-13T02:30:35.002+0000] {dagbag.py:588} INFO - Filling up the DagBag from /opt/airflow/dags/collect_stock_options.py
[2025-06-13T02:30:35.058+0000] {logging_mixin.py:190} INFO - [2025-06-13T02:30:35.044+0000] {dagbag.py:387} ERROR - Failed to import: /opt/airflow/dags/collect_stock_options.py
Traceback (most recent call last):
  File "/home/airflow/.local/lib/python3.9/site-packages/airflow/models/dagbag.py", line 383, in parse
    loader.exec_module(new_module)
  File "<frozen importlib._bootstrap_external>", line 850, in exec_module
  File "<frozen importlib._bootstrap>", line 228, in _call_with_frames_removed
  File "/opt/airflow/dags/collect_stock_options.py", line 3, in <module>
    from airflow.operators.http import SimpleHttpOperator
ModuleNotFoundError: No module named 'airflow.operators.http'
[2025-06-13T02:30:35.063+0000] {processor.py:927} WARNING - No viable dags retrieved from /opt/airflow/dags/collect_stock_options.py
[2025-06-13T02:30:35.084+0000] {processor.py:208} INFO - Processing /opt/airflow/dags/collect_stock_options.py took 0.090 seconds
[2025-06-13T02:31:05.360+0000] {processor.py:186} INFO - Started process (PID=172) to work on /opt/airflow/dags/collect_stock_options.py
[2025-06-13T02:31:05.361+0000] {processor.py:914} INFO - Processing file /opt/airflow/dags/collect_stock_options.py for tasks to queue
[2025-06-13T02:31:05.364+0000] {logging_mixin.py:190} INFO - [2025-06-13T02:31:05.363+0000] {dagbag.py:588} INFO - Filling up the DagBag from /opt/airflow/dags/collect_stock_options.py
[2025-06-13T02:31:05.393+0000] {logging_mixin.py:190} INFO - [2025-06-13T02:31:05.386+0000] {dagbag.py:387} ERROR - Failed to import: /opt/airflow/dags/collect_stock_options.py
Traceback (most recent call last):
  File "/home/airflow/.local/lib/python3.9/site-packages/airflow/models/dagbag.py", line 383, in parse
    loader.exec_module(new_module)
  File "<frozen importlib._bootstrap_external>", line 850, in exec_module
  File "<frozen importlib._bootstrap>", line 228, in _call_with_frames_removed
  File "/opt/airflow/dags/collect_stock_options.py", line 3, in <module>
    from airflow.operators.http import SimpleHttpOperator
ModuleNotFoundError: No module named 'airflow.operators.http'
[2025-06-13T02:31:05.394+0000] {processor.py:927} WARNING - No viable dags retrieved from /opt/airflow/dags/collect_stock_options.py
[2025-06-13T02:31:05.414+0000] {processor.py:208} INFO - Processing /opt/airflow/dags/collect_stock_options.py took 0.060 seconds
[2025-06-13T02:31:35.728+0000] {processor.py:186} INFO - Started process (PID=177) to work on /opt/airflow/dags/collect_stock_options.py
[2025-06-13T02:31:35.729+0000] {processor.py:914} INFO - Processing file /opt/airflow/dags/collect_stock_options.py for tasks to queue
[2025-06-13T02:31:35.731+0000] {logging_mixin.py:190} INFO - [2025-06-13T02:31:35.730+0000] {dagbag.py:588} INFO - Filling up the DagBag from /opt/airflow/dags/collect_stock_options.py
[2025-06-13T02:31:35.747+0000] {logging_mixin.py:190} INFO - [2025-06-13T02:31:35.743+0000] {dagbag.py:387} ERROR - Failed to import: /opt/airflow/dags/collect_stock_options.py
Traceback (most recent call last):
  File "/home/airflow/.local/lib/python3.9/site-packages/airflow/models/dagbag.py", line 383, in parse
    loader.exec_module(new_module)
  File "<frozen importlib._bootstrap_external>", line 850, in exec_module
  File "<frozen importlib._bootstrap>", line 228, in _call_with_frames_removed
  File "/opt/airflow/dags/collect_stock_options.py", line 3, in <module>
    from airflow.operators.http import SimpleHttpOperator
ModuleNotFoundError: No module named 'airflow.operators.http'
[2025-06-13T02:31:35.748+0000] {processor.py:927} WARNING - No viable dags retrieved from /opt/airflow/dags/collect_stock_options.py
[2025-06-13T02:31:35.764+0000] {processor.py:208} INFO - Processing /opt/airflow/dags/collect_stock_options.py took 0.041 seconds
[2025-06-13T02:32:06.006+0000] {processor.py:186} INFO - Started process (PID=182) to work on /opt/airflow/dags/collect_stock_options.py
[2025-06-13T02:32:06.008+0000] {processor.py:914} INFO - Processing file /opt/airflow/dags/collect_stock_options.py for tasks to queue
[2025-06-13T02:32:06.011+0000] {logging_mixin.py:190} INFO - [2025-06-13T02:32:06.011+0000] {dagbag.py:588} INFO - Filling up the DagBag from /opt/airflow/dags/collect_stock_options.py
[2025-06-13T02:32:06.061+0000] {logging_mixin.py:190} INFO - [2025-06-13T02:32:06.050+0000] {dagbag.py:387} ERROR - Failed to import: /opt/airflow/dags/collect_stock_options.py
Traceback (most recent call last):
  File "/home/airflow/.local/lib/python3.9/site-packages/airflow/models/dagbag.py", line 383, in parse
    loader.exec_module(new_module)
  File "<frozen importlib._bootstrap_external>", line 850, in exec_module
  File "<frozen importlib._bootstrap>", line 228, in _call_with_frames_removed
  File "/opt/airflow/dags/collect_stock_options.py", line 3, in <module>
    from airflow.operators.http import SimpleHttpOperator
ModuleNotFoundError: No module named 'airflow.operators.http'
[2025-06-13T02:32:06.063+0000] {processor.py:927} WARNING - No viable dags retrieved from /opt/airflow/dags/collect_stock_options.py
[2025-06-13T02:32:06.082+0000] {processor.py:208} INFO - Processing /opt/airflow/dags/collect_stock_options.py took 0.084 seconds
[2025-06-13T02:32:36.327+0000] {processor.py:186} INFO - Started process (PID=187) to work on /opt/airflow/dags/collect_stock_options.py
[2025-06-13T02:32:36.329+0000] {processor.py:914} INFO - Processing file /opt/airflow/dags/collect_stock_options.py for tasks to queue
[2025-06-13T02:32:36.334+0000] {logging_mixin.py:190} INFO - [2025-06-13T02:32:36.333+0000] {dagbag.py:588} INFO - Filling up the DagBag from /opt/airflow/dags/collect_stock_options.py
[2025-06-13T02:32:36.406+0000] {logging_mixin.py:190} INFO - [2025-06-13T02:32:36.390+0000] {dagbag.py:387} ERROR - Failed to import: /opt/airflow/dags/collect_stock_options.py
Traceback (most recent call last):
  File "/home/airflow/.local/lib/python3.9/site-packages/airflow/models/dagbag.py", line 383, in parse
    loader.exec_module(new_module)
  File "<frozen importlib._bootstrap_external>", line 850, in exec_module
  File "<frozen importlib._bootstrap>", line 228, in _call_with_frames_removed
  File "/opt/airflow/dags/collect_stock_options.py", line 3, in <module>
    from airflow.operators.http import SimpleHttpOperator
ModuleNotFoundError: No module named 'airflow.operators.http'
[2025-06-13T02:32:36.411+0000] {processor.py:927} WARNING - No viable dags retrieved from /opt/airflow/dags/collect_stock_options.py
[2025-06-13T02:32:36.444+0000] {processor.py:208} INFO - Processing /opt/airflow/dags/collect_stock_options.py took 0.128 seconds
[2025-06-13T02:33:06.578+0000] {processor.py:186} INFO - Started process (PID=192) to work on /opt/airflow/dags/collect_stock_options.py
[2025-06-13T02:33:06.579+0000] {processor.py:914} INFO - Processing file /opt/airflow/dags/collect_stock_options.py for tasks to queue
[2025-06-13T02:33:06.582+0000] {logging_mixin.py:190} INFO - [2025-06-13T02:33:06.582+0000] {dagbag.py:588} INFO - Filling up the DagBag from /opt/airflow/dags/collect_stock_options.py
[2025-06-13T02:33:06.625+0000] {logging_mixin.py:190} INFO - [2025-06-13T02:33:06.616+0000] {dagbag.py:387} ERROR - Failed to import: /opt/airflow/dags/collect_stock_options.py
Traceback (most recent call last):
  File "/home/airflow/.local/lib/python3.9/site-packages/airflow/models/dagbag.py", line 383, in parse
    loader.exec_module(new_module)
  File "<frozen importlib._bootstrap_external>", line 850, in exec_module
  File "<frozen importlib._bootstrap>", line 228, in _call_with_frames_removed
  File "/opt/airflow/dags/collect_stock_options.py", line 3, in <module>
    from airflow.operators.http import SimpleHttpOperator
ModuleNotFoundError: No module named 'airflow.operators.http'
[2025-06-13T02:33:06.628+0000] {processor.py:927} WARNING - No viable dags retrieved from /opt/airflow/dags/collect_stock_options.py
[2025-06-13T02:33:06.647+0000] {processor.py:208} INFO - Processing /opt/airflow/dags/collect_stock_options.py took 0.076 seconds
[2025-06-13T02:33:36.822+0000] {processor.py:186} INFO - Started process (PID=197) to work on /opt/airflow/dags/collect_stock_options.py
[2025-06-13T02:33:36.824+0000] {processor.py:914} INFO - Processing file /opt/airflow/dags/collect_stock_options.py for tasks to queue
[2025-06-13T02:33:36.827+0000] {logging_mixin.py:190} INFO - [2025-06-13T02:33:36.827+0000] {dagbag.py:588} INFO - Filling up the DagBag from /opt/airflow/dags/collect_stock_options.py
[2025-06-13T02:33:36.863+0000] {logging_mixin.py:190} INFO - [2025-06-13T02:33:36.856+0000] {dagbag.py:387} ERROR - Failed to import: /opt/airflow/dags/collect_stock_options.py
Traceback (most recent call last):
  File "/home/airflow/.local/lib/python3.9/site-packages/airflow/models/dagbag.py", line 383, in parse
    loader.exec_module(new_module)
  File "<frozen importlib._bootstrap_external>", line 850, in exec_module
  File "<frozen importlib._bootstrap>", line 228, in _call_with_frames_removed
  File "/opt/airflow/dags/collect_stock_options.py", line 3, in <module>
    from airflow.operators.http import SimpleHttpOperator
ModuleNotFoundError: No module named 'airflow.operators.http'
[2025-06-13T02:33:36.865+0000] {processor.py:927} WARNING - No viable dags retrieved from /opt/airflow/dags/collect_stock_options.py
[2025-06-13T02:33:36.886+0000] {processor.py:208} INFO - Processing /opt/airflow/dags/collect_stock_options.py took 0.074 seconds
[2025-06-13T02:34:07.165+0000] {processor.py:186} INFO - Started process (PID=202) to work on /opt/airflow/dags/collect_stock_options.py
[2025-06-13T02:34:07.167+0000] {processor.py:914} INFO - Processing file /opt/airflow/dags/collect_stock_options.py for tasks to queue
[2025-06-13T02:34:07.169+0000] {logging_mixin.py:190} INFO - [2025-06-13T02:34:07.169+0000] {dagbag.py:588} INFO - Filling up the DagBag from /opt/airflow/dags/collect_stock_options.py
[2025-06-13T02:34:07.214+0000] {logging_mixin.py:190} INFO - [2025-06-13T02:34:07.198+0000] {dagbag.py:387} ERROR - Failed to import: /opt/airflow/dags/collect_stock_options.py
Traceback (most recent call last):
  File "/home/airflow/.local/lib/python3.9/site-packages/airflow/models/dagbag.py", line 383, in parse
    loader.exec_module(new_module)
  File "<frozen importlib._bootstrap_external>", line 850, in exec_module
  File "<frozen importlib._bootstrap>", line 228, in _call_with_frames_removed
  File "/opt/airflow/dags/collect_stock_options.py", line 3, in <module>
    from airflow.operators.http import SimpleHttpOperator
ModuleNotFoundError: No module named 'airflow.operators.http'
[2025-06-13T02:34:07.217+0000] {processor.py:927} WARNING - No viable dags retrieved from /opt/airflow/dags/collect_stock_options.py
[2025-06-13T02:34:07.241+0000] {processor.py:208} INFO - Processing /opt/airflow/dags/collect_stock_options.py took 0.081 seconds
[2025-06-13T02:34:37.488+0000] {processor.py:186} INFO - Started process (PID=207) to work on /opt/airflow/dags/collect_stock_options.py
[2025-06-13T02:34:37.489+0000] {processor.py:914} INFO - Processing file /opt/airflow/dags/collect_stock_options.py for tasks to queue
[2025-06-13T02:34:37.491+0000] {logging_mixin.py:190} INFO - [2025-06-13T02:34:37.490+0000] {dagbag.py:588} INFO - Filling up the DagBag from /opt/airflow/dags/collect_stock_options.py
[2025-06-13T02:34:37.507+0000] {logging_mixin.py:190} INFO - [2025-06-13T02:34:37.504+0000] {dagbag.py:387} ERROR - Failed to import: /opt/airflow/dags/collect_stock_options.py
Traceback (most recent call last):
  File "/home/airflow/.local/lib/python3.9/site-packages/airflow/models/dagbag.py", line 383, in parse
    loader.exec_module(new_module)
  File "<frozen importlib._bootstrap_external>", line 850, in exec_module
  File "<frozen importlib._bootstrap>", line 228, in _call_with_frames_removed
  File "/opt/airflow/dags/collect_stock_options.py", line 3, in <module>
    from airflow.operators.http import SimpleHttpOperator
ModuleNotFoundError: No module named 'airflow.operators.http'
[2025-06-13T02:34:37.508+0000] {processor.py:927} WARNING - No viable dags retrieved from /opt/airflow/dags/collect_stock_options.py
[2025-06-13T02:34:37.523+0000] {processor.py:208} INFO - Processing /opt/airflow/dags/collect_stock_options.py took 0.042 seconds
[2025-06-13T02:35:07.845+0000] {processor.py:186} INFO - Started process (PID=212) to work on /opt/airflow/dags/collect_stock_options.py
[2025-06-13T02:35:07.846+0000] {processor.py:914} INFO - Processing file /opt/airflow/dags/collect_stock_options.py for tasks to queue
[2025-06-13T02:35:07.848+0000] {logging_mixin.py:190} INFO - [2025-06-13T02:35:07.848+0000] {dagbag.py:588} INFO - Filling up the DagBag from /opt/airflow/dags/collect_stock_options.py
[2025-06-13T02:35:07.874+0000] {logging_mixin.py:190} INFO - [2025-06-13T02:35:07.868+0000] {dagbag.py:387} ERROR - Failed to import: /opt/airflow/dags/collect_stock_options.py
Traceback (most recent call last):
  File "/home/airflow/.local/lib/python3.9/site-packages/airflow/models/dagbag.py", line 383, in parse
    loader.exec_module(new_module)
  File "<frozen importlib._bootstrap_external>", line 850, in exec_module
  File "<frozen importlib._bootstrap>", line 228, in _call_with_frames_removed
  File "/opt/airflow/dags/collect_stock_options.py", line 3, in <module>
    from airflow.operators.http import SimpleHttpOperator
ModuleNotFoundError: No module named 'airflow.operators.http'
[2025-06-13T02:35:07.875+0000] {processor.py:927} WARNING - No viable dags retrieved from /opt/airflow/dags/collect_stock_options.py
[2025-06-13T02:35:07.897+0000] {processor.py:208} INFO - Processing /opt/airflow/dags/collect_stock_options.py took 0.058 seconds
[2025-06-13T02:35:38.149+0000] {processor.py:186} INFO - Started process (PID=217) to work on /opt/airflow/dags/collect_stock_options.py
[2025-06-13T02:35:38.150+0000] {processor.py:914} INFO - Processing file /opt/airflow/dags/collect_stock_options.py for tasks to queue
[2025-06-13T02:35:38.153+0000] {logging_mixin.py:190} INFO - [2025-06-13T02:35:38.153+0000] {dagbag.py:588} INFO - Filling up the DagBag from /opt/airflow/dags/collect_stock_options.py
[2025-06-13T02:35:38.200+0000] {logging_mixin.py:190} INFO - [2025-06-13T02:35:38.190+0000] {dagbag.py:387} ERROR - Failed to import: /opt/airflow/dags/collect_stock_options.py
Traceback (most recent call last):
  File "/home/airflow/.local/lib/python3.9/site-packages/airflow/models/dagbag.py", line 383, in parse
    loader.exec_module(new_module)
  File "<frozen importlib._bootstrap_external>", line 850, in exec_module
  File "<frozen importlib._bootstrap>", line 228, in _call_with_frames_removed
  File "/opt/airflow/dags/collect_stock_options.py", line 3, in <module>
    from airflow.operators.http import SimpleHttpOperator
ModuleNotFoundError: No module named 'airflow.operators.http'
[2025-06-13T02:35:38.203+0000] {processor.py:927} WARNING - No viable dags retrieved from /opt/airflow/dags/collect_stock_options.py
[2025-06-13T02:35:38.220+0000] {processor.py:208} INFO - Processing /opt/airflow/dags/collect_stock_options.py took 0.075 seconds
[2025-06-13T02:36:03.445+0000] {processor.py:186} INFO - Started process (PID=222) to work on /opt/airflow/dags/collect_stock_options.py
[2025-06-13T02:36:03.446+0000] {processor.py:914} INFO - Processing file /opt/airflow/dags/collect_stock_options.py for tasks to queue
[2025-06-13T02:36:03.448+0000] {logging_mixin.py:190} INFO - [2025-06-13T02:36:03.448+0000] {dagbag.py:588} INFO - Filling up the DagBag from /opt/airflow/dags/collect_stock_options.py
[2025-06-13T02:36:03.468+0000] {logging_mixin.py:190} INFO - [2025-06-13T02:36:03.467+0000] {dagbag.py:387} ERROR - Failed to import: /opt/airflow/dags/collect_stock_options.py
Traceback (most recent call last):
  File "/home/airflow/.local/lib/python3.9/site-packages/airflow/models/dagbag.py", line 383, in parse
    loader.exec_module(new_module)
  File "<frozen importlib._bootstrap_external>", line 846, in exec_module
  File "<frozen importlib._bootstrap_external>", line 983, in get_code
  File "<frozen importlib._bootstrap_external>", line 913, in source_to_code
  File "<frozen importlib._bootstrap>", line 228, in _call_with_frames_removed
  File "/opt/airflow/dags/collect_stock_options.py", line 2
    from airflow import DAG
IndentationError: unexpected indent
[2025-06-13T02:36:03.469+0000] {processor.py:927} WARNING - No viable dags retrieved from /opt/airflow/dags/collect_stock_options.py
[2025-06-13T02:36:03.484+0000] {processor.py:208} INFO - Processing /opt/airflow/dags/collect_stock_options.py took 0.046 seconds
[2025-06-13T02:36:09.599+0000] {processor.py:186} INFO - Started process (PID=227) to work on /opt/airflow/dags/collect_stock_options.py
[2025-06-13T02:36:09.600+0000] {processor.py:914} INFO - Processing file /opt/airflow/dags/collect_stock_options.py for tasks to queue
[2025-06-13T02:36:09.601+0000] {logging_mixin.py:190} INFO - [2025-06-13T02:36:09.601+0000] {dagbag.py:588} INFO - Filling up the DagBag from /opt/airflow/dags/collect_stock_options.py
[2025-06-13T02:36:09.643+0000] {processor.py:925} INFO - DAG(s) 'fetch_stock_options' retrieved from /opt/airflow/dags/collect_stock_options.py
[2025-06-13T02:36:09.863+0000] {logging_mixin.py:190} INFO - [2025-06-13T02:36:09.862+0000] {override.py:1900} INFO - Created Permission View: can read on DAG:fetch_stock_options
[2025-06-13T02:36:09.869+0000] {logging_mixin.py:190} INFO - [2025-06-13T02:36:09.869+0000] {override.py:1900} INFO - Created Permission View: can edit on DAG:fetch_stock_options
[2025-06-13T02:36:09.881+0000] {logging_mixin.py:190} INFO - [2025-06-13T02:36:09.881+0000] {override.py:1900} INFO - Created Permission View: can delete on DAG:fetch_stock_options
[2025-06-13T02:36:09.895+0000] {logging_mixin.py:190} INFO - [2025-06-13T02:36:09.895+0000] {override.py:1900} INFO - Created Permission View: can create on DAG Run:fetch_stock_options
[2025-06-13T02:36:09.905+0000] {logging_mixin.py:190} INFO - [2025-06-13T02:36:09.904+0000] {override.py:1900} INFO - Created Permission View: can read on DAG Run:fetch_stock_options
[2025-06-13T02:36:09.911+0000] {logging_mixin.py:190} INFO - [2025-06-13T02:36:09.911+0000] {override.py:1900} INFO - Created Permission View: can delete on DAG Run:fetch_stock_options
[2025-06-13T02:36:09.917+0000] {logging_mixin.py:190} INFO - [2025-06-13T02:36:09.917+0000] {override.py:1900} INFO - Created Permission View: menu access on DAG Run:fetch_stock_options
[2025-06-13T02:36:09.918+0000] {logging_mixin.py:190} INFO - [2025-06-13T02:36:09.918+0000] {dag.py:3239} INFO - Sync 1 DAGs
[2025-06-13T02:36:09.928+0000] {logging_mixin.py:190} INFO - [2025-06-13T02:36:09.928+0000] {dag.py:3262} INFO - Creating ORM DAG for fetch_stock_options
[2025-06-13T02:36:09.936+0000] {logging_mixin.py:190} INFO - [2025-06-13T02:36:09.936+0000] {dag.py:4180} INFO - Setting next_dagrun for fetch_stock_options to 2025-06-13 02:30:00+00:00, run_after=2025-06-13 02:35:00+00:00
[2025-06-13T02:36:09.954+0000] {processor.py:208} INFO - Processing /opt/airflow/dags/collect_stock_options.py took 0.360 seconds
[2025-06-13T02:36:40.268+0000] {processor.py:186} INFO - Started process (PID=232) to work on /opt/airflow/dags/collect_stock_options.py
[2025-06-13T02:36:40.269+0000] {processor.py:914} INFO - Processing file /opt/airflow/dags/collect_stock_options.py for tasks to queue
[2025-06-13T02:36:40.271+0000] {logging_mixin.py:190} INFO - [2025-06-13T02:36:40.271+0000] {dagbag.py:588} INFO - Filling up the DagBag from /opt/airflow/dags/collect_stock_options.py
[2025-06-13T02:36:40.288+0000] {processor.py:925} INFO - DAG(s) 'fetch_stock_options' retrieved from /opt/airflow/dags/collect_stock_options.py
[2025-06-13T02:36:40.309+0000] {logging_mixin.py:190} INFO - [2025-06-13T02:36:40.309+0000] {dag.py:3239} INFO - Sync 1 DAGs
[2025-06-13T02:36:40.327+0000] {logging_mixin.py:190} INFO - [2025-06-13T02:36:40.327+0000] {dag.py:4180} INFO - Setting next_dagrun for fetch_stock_options to 2025-06-13 02:30:00+00:00, run_after=2025-06-13 02:35:00+00:00
[2025-06-13T02:36:40.344+0000] {processor.py:208} INFO - Processing /opt/airflow/dags/collect_stock_options.py took 0.081 seconds
[2025-06-13T02:37:10.564+0000] {processor.py:186} INFO - Started process (PID=237) to work on /opt/airflow/dags/collect_stock_options.py
[2025-06-13T02:37:10.565+0000] {processor.py:914} INFO - Processing file /opt/airflow/dags/collect_stock_options.py for tasks to queue
[2025-06-13T02:37:10.567+0000] {logging_mixin.py:190} INFO - [2025-06-13T02:37:10.567+0000] {dagbag.py:588} INFO - Filling up the DagBag from /opt/airflow/dags/collect_stock_options.py
[2025-06-13T02:37:10.590+0000] {processor.py:925} INFO - DAG(s) 'fetch_stock_options' retrieved from /opt/airflow/dags/collect_stock_options.py
[2025-06-13T02:37:10.611+0000] {logging_mixin.py:190} INFO - [2025-06-13T02:37:10.611+0000] {dag.py:3239} INFO - Sync 1 DAGs
[2025-06-13T02:37:10.629+0000] {logging_mixin.py:190} INFO - [2025-06-13T02:37:10.628+0000] {dag.py:4180} INFO - Setting next_dagrun for fetch_stock_options to 2025-06-13 02:30:00+00:00, run_after=2025-06-13 02:35:00+00:00
[2025-06-13T02:37:10.644+0000] {processor.py:208} INFO - Processing /opt/airflow/dags/collect_stock_options.py took 0.087 seconds
[2025-06-13T02:37:40.882+0000] {processor.py:186} INFO - Started process (PID=242) to work on /opt/airflow/dags/collect_stock_options.py
[2025-06-13T02:37:40.883+0000] {processor.py:914} INFO - Processing file /opt/airflow/dags/collect_stock_options.py for tasks to queue
[2025-06-13T02:37:40.885+0000] {logging_mixin.py:190} INFO - [2025-06-13T02:37:40.885+0000] {dagbag.py:588} INFO - Filling up the DagBag from /opt/airflow/dags/collect_stock_options.py
[2025-06-13T02:37:40.989+0000] {processor.py:925} INFO - DAG(s) 'fetch_stock_options' retrieved from /opt/airflow/dags/collect_stock_options.py
[2025-06-13T02:37:41.019+0000] {logging_mixin.py:190} INFO - [2025-06-13T02:37:41.018+0000] {dag.py:3239} INFO - Sync 1 DAGs
[2025-06-13T02:37:41.040+0000] {logging_mixin.py:190} INFO - [2025-06-13T02:37:41.040+0000] {dag.py:4180} INFO - Setting next_dagrun for fetch_stock_options to 2025-06-13 02:30:00+00:00, run_after=2025-06-13 02:35:00+00:00
[2025-06-13T02:37:41.058+0000] {processor.py:208} INFO - Processing /opt/airflow/dags/collect_stock_options.py took 0.181 seconds
[2025-06-13T02:38:11.233+0000] {processor.py:186} INFO - Started process (PID=247) to work on /opt/airflow/dags/collect_stock_options.py
[2025-06-13T02:38:11.235+0000] {processor.py:914} INFO - Processing file /opt/airflow/dags/collect_stock_options.py for tasks to queue
[2025-06-13T02:38:11.238+0000] {logging_mixin.py:190} INFO - [2025-06-13T02:38:11.238+0000] {dagbag.py:588} INFO - Filling up the DagBag from /opt/airflow/dags/collect_stock_options.py
[2025-06-13T02:38:11.257+0000] {processor.py:925} INFO - DAG(s) 'fetch_stock_options' retrieved from /opt/airflow/dags/collect_stock_options.py
[2025-06-13T02:38:11.276+0000] {logging_mixin.py:190} INFO - [2025-06-13T02:38:11.276+0000] {dag.py:3239} INFO - Sync 1 DAGs
[2025-06-13T02:38:11.292+0000] {logging_mixin.py:190} INFO - [2025-06-13T02:38:11.292+0000] {dag.py:4180} INFO - Setting next_dagrun for fetch_stock_options to 2025-06-13 02:30:00+00:00, run_after=2025-06-13 02:35:00+00:00
[2025-06-13T02:38:11.308+0000] {processor.py:208} INFO - Processing /opt/airflow/dags/collect_stock_options.py took 0.080 seconds
[2025-06-13T02:38:41.500+0000] {processor.py:186} INFO - Started process (PID=252) to work on /opt/airflow/dags/collect_stock_options.py
[2025-06-13T02:38:41.501+0000] {processor.py:914} INFO - Processing file /opt/airflow/dags/collect_stock_options.py for tasks to queue
[2025-06-13T02:38:41.504+0000] {logging_mixin.py:190} INFO - [2025-06-13T02:38:41.503+0000] {dagbag.py:588} INFO - Filling up the DagBag from /opt/airflow/dags/collect_stock_options.py
[2025-06-13T02:38:41.548+0000] {processor.py:925} INFO - DAG(s) 'fetch_stock_options' retrieved from /opt/airflow/dags/collect_stock_options.py
[2025-06-13T02:38:41.566+0000] {logging_mixin.py:190} INFO - [2025-06-13T02:38:41.566+0000] {dag.py:3239} INFO - Sync 1 DAGs
[2025-06-13T02:38:41.583+0000] {logging_mixin.py:190} INFO - [2025-06-13T02:38:41.583+0000] {dag.py:4180} INFO - Setting next_dagrun for fetch_stock_options to 2025-06-13 02:30:00+00:00, run_after=2025-06-13 02:35:00+00:00
[2025-06-13T02:38:41.602+0000] {processor.py:208} INFO - Processing /opt/airflow/dags/collect_stock_options.py took 0.119 seconds
[2025-06-13T02:39:11.808+0000] {processor.py:186} INFO - Started process (PID=257) to work on /opt/airflow/dags/collect_stock_options.py
[2025-06-13T02:39:11.809+0000] {processor.py:914} INFO - Processing file /opt/airflow/dags/collect_stock_options.py for tasks to queue
[2025-06-13T02:39:11.812+0000] {logging_mixin.py:190} INFO - [2025-06-13T02:39:11.811+0000] {dagbag.py:588} INFO - Filling up the DagBag from /opt/airflow/dags/collect_stock_options.py
[2025-06-13T02:39:11.851+0000] {processor.py:925} INFO - DAG(s) 'fetch_stock_options' retrieved from /opt/airflow/dags/collect_stock_options.py
[2025-06-13T02:39:11.873+0000] {logging_mixin.py:190} INFO - [2025-06-13T02:39:11.872+0000] {dag.py:3239} INFO - Sync 1 DAGs
[2025-06-13T02:39:11.892+0000] {logging_mixin.py:190} INFO - [2025-06-13T02:39:11.892+0000] {dag.py:4180} INFO - Setting next_dagrun for fetch_stock_options to 2025-06-13 02:30:00+00:00, run_after=2025-06-13 02:35:00+00:00
[2025-06-13T02:39:11.912+0000] {processor.py:208} INFO - Processing /opt/airflow/dags/collect_stock_options.py took 0.110 seconds
[2025-06-13T02:39:42.148+0000] {processor.py:186} INFO - Started process (PID=262) to work on /opt/airflow/dags/collect_stock_options.py
[2025-06-13T02:39:42.149+0000] {processor.py:914} INFO - Processing file /opt/airflow/dags/collect_stock_options.py for tasks to queue
[2025-06-13T02:39:42.151+0000] {logging_mixin.py:190} INFO - [2025-06-13T02:39:42.151+0000] {dagbag.py:588} INFO - Filling up the DagBag from /opt/airflow/dags/collect_stock_options.py
[2025-06-13T02:39:42.167+0000] {processor.py:925} INFO - DAG(s) 'fetch_stock_options' retrieved from /opt/airflow/dags/collect_stock_options.py
[2025-06-13T02:39:42.185+0000] {logging_mixin.py:190} INFO - [2025-06-13T02:39:42.184+0000] {dag.py:3239} INFO - Sync 1 DAGs
[2025-06-13T02:39:42.200+0000] {logging_mixin.py:190} INFO - [2025-06-13T02:39:42.200+0000] {dag.py:4180} INFO - Setting next_dagrun for fetch_stock_options to 2025-06-13 02:30:00+00:00, run_after=2025-06-13 02:35:00+00:00
[2025-06-13T02:39:42.214+0000] {processor.py:208} INFO - Processing /opt/airflow/dags/collect_stock_options.py took 0.070 seconds
[2025-06-13T02:40:12.545+0000] {processor.py:186} INFO - Started process (PID=267) to work on /opt/airflow/dags/collect_stock_options.py
[2025-06-13T02:40:12.550+0000] {processor.py:914} INFO - Processing file /opt/airflow/dags/collect_stock_options.py for tasks to queue
[2025-06-13T02:40:12.552+0000] {logging_mixin.py:190} INFO - [2025-06-13T02:40:12.552+0000] {dagbag.py:588} INFO - Filling up the DagBag from /opt/airflow/dags/collect_stock_options.py
[2025-06-13T02:40:12.591+0000] {processor.py:925} INFO - DAG(s) 'fetch_stock_options' retrieved from /opt/airflow/dags/collect_stock_options.py
[2025-06-13T02:40:12.609+0000] {logging_mixin.py:190} INFO - [2025-06-13T02:40:12.609+0000] {dag.py:3239} INFO - Sync 1 DAGs
[2025-06-13T02:40:12.625+0000] {logging_mixin.py:190} INFO - [2025-06-13T02:40:12.625+0000] {dag.py:4180} INFO - Setting next_dagrun for fetch_stock_options to 2025-06-13 02:35:00+00:00, run_after=2025-06-13 02:40:00+00:00
[2025-06-13T02:40:12.640+0000] {processor.py:208} INFO - Processing /opt/airflow/dags/collect_stock_options.py took 0.099 seconds
[2025-06-13T02:40:42.945+0000] {processor.py:186} INFO - Started process (PID=272) to work on /opt/airflow/dags/collect_stock_options.py
[2025-06-13T02:40:42.947+0000] {processor.py:914} INFO - Processing file /opt/airflow/dags/collect_stock_options.py for tasks to queue
[2025-06-13T02:40:42.950+0000] {logging_mixin.py:190} INFO - [2025-06-13T02:40:42.950+0000] {dagbag.py:588} INFO - Filling up the DagBag from /opt/airflow/dags/collect_stock_options.py
[2025-06-13T02:40:42.997+0000] {processor.py:925} INFO - DAG(s) 'fetch_stock_options' retrieved from /opt/airflow/dags/collect_stock_options.py
[2025-06-13T02:40:43.044+0000] {logging_mixin.py:190} INFO - [2025-06-13T02:40:43.044+0000] {dag.py:3239} INFO - Sync 1 DAGs
[2025-06-13T02:40:43.070+0000] {logging_mixin.py:190} INFO - [2025-06-13T02:40:43.070+0000] {dag.py:4180} INFO - Setting next_dagrun for fetch_stock_options to 2025-06-13 02:35:00+00:00, run_after=2025-06-13 02:40:00+00:00
[2025-06-13T02:40:43.098+0000] {processor.py:208} INFO - Processing /opt/airflow/dags/collect_stock_options.py took 0.165 seconds
[2025-06-13T02:42:27.509+0000] {processor.py:186} INFO - Started process (PID=166) to work on /opt/airflow/dags/collect_stock_options.py
[2025-06-13T02:42:27.510+0000] {processor.py:914} INFO - Processing file /opt/airflow/dags/collect_stock_options.py for tasks to queue
[2025-06-13T02:42:27.512+0000] {logging_mixin.py:190} INFO - [2025-06-13T02:42:27.511+0000] {dagbag.py:588} INFO - Filling up the DagBag from /opt/airflow/dags/collect_stock_options.py
[2025-06-13T02:42:27.536+0000] {processor.py:925} INFO - DAG(s) 'fetch_stock_options' retrieved from /opt/airflow/dags/collect_stock_options.py
[2025-06-13T02:42:27.689+0000] {logging_mixin.py:190} INFO - [2025-06-13T02:42:27.688+0000] {override.py:1900} INFO - Created Permission View: can read on DAG:fetch_stock_options
[2025-06-13T02:42:27.695+0000] {logging_mixin.py:190} INFO - [2025-06-13T02:42:27.694+0000] {override.py:1900} INFO - Created Permission View: can delete on DAG:fetch_stock_options
[2025-06-13T02:42:27.700+0000] {logging_mixin.py:190} INFO - [2025-06-13T02:42:27.700+0000] {override.py:1900} INFO - Created Permission View: can edit on DAG:fetch_stock_options
[2025-06-13T02:42:27.706+0000] {logging_mixin.py:190} INFO - [2025-06-13T02:42:27.705+0000] {override.py:1900} INFO - Created Permission View: can read on DAG Run:fetch_stock_options
[2025-06-13T02:42:27.713+0000] {logging_mixin.py:190} INFO - [2025-06-13T02:42:27.712+0000] {override.py:1900} INFO - Created Permission View: can delete on DAG Run:fetch_stock_options
[2025-06-13T02:42:27.721+0000] {logging_mixin.py:190} INFO - [2025-06-13T02:42:27.721+0000] {override.py:1900} INFO - Created Permission View: can create on DAG Run:fetch_stock_options
[2025-06-13T02:42:27.726+0000] {logging_mixin.py:190} INFO - [2025-06-13T02:42:27.726+0000] {override.py:1900} INFO - Created Permission View: menu access on DAG Run:fetch_stock_options
[2025-06-13T02:42:27.726+0000] {logging_mixin.py:190} INFO - [2025-06-13T02:42:27.726+0000] {dag.py:3239} INFO - Sync 1 DAGs
[2025-06-13T02:42:27.737+0000] {logging_mixin.py:190} INFO - [2025-06-13T02:42:27.737+0000] {dag.py:3262} INFO - Creating ORM DAG for fetch_stock_options
[2025-06-13T02:42:27.744+0000] {logging_mixin.py:190} INFO - [2025-06-13T02:42:27.744+0000] {dag.py:4180} INFO - Setting next_dagrun for fetch_stock_options to 2025-06-13 02:35:00+00:00, run_after=2025-06-13 02:40:00+00:00
[2025-06-13T02:42:27.758+0000] {processor.py:208} INFO - Processing /opt/airflow/dags/collect_stock_options.py took 0.254 seconds
[2025-06-13T02:42:57.826+0000] {processor.py:186} INFO - Started process (PID=171) to work on /opt/airflow/dags/collect_stock_options.py
[2025-06-13T02:42:57.827+0000] {processor.py:914} INFO - Processing file /opt/airflow/dags/collect_stock_options.py for tasks to queue
[2025-06-13T02:42:57.830+0000] {logging_mixin.py:190} INFO - [2025-06-13T02:42:57.830+0000] {dagbag.py:588} INFO - Filling up the DagBag from /opt/airflow/dags/collect_stock_options.py
[2025-06-13T02:42:57.850+0000] {processor.py:925} INFO - DAG(s) 'fetch_stock_options' retrieved from /opt/airflow/dags/collect_stock_options.py
[2025-06-13T02:42:57.872+0000] {logging_mixin.py:190} INFO - [2025-06-13T02:42:57.872+0000] {dag.py:3239} INFO - Sync 1 DAGs
[2025-06-13T02:42:57.891+0000] {logging_mixin.py:190} INFO - [2025-06-13T02:42:57.891+0000] {dag.py:4180} INFO - Setting next_dagrun for fetch_stock_options to 2025-06-13 02:35:00+00:00, run_after=2025-06-13 02:40:00+00:00
[2025-06-13T02:42:57.905+0000] {processor.py:208} INFO - Processing /opt/airflow/dags/collect_stock_options.py took 0.085 seconds
[2025-06-13T02:43:28.164+0000] {processor.py:186} INFO - Started process (PID=176) to work on /opt/airflow/dags/collect_stock_options.py
[2025-06-13T02:43:28.164+0000] {processor.py:914} INFO - Processing file /opt/airflow/dags/collect_stock_options.py for tasks to queue
[2025-06-13T02:43:28.166+0000] {logging_mixin.py:190} INFO - [2025-06-13T02:43:28.166+0000] {dagbag.py:588} INFO - Filling up the DagBag from /opt/airflow/dags/collect_stock_options.py
[2025-06-13T02:43:28.185+0000] {processor.py:925} INFO - DAG(s) 'fetch_stock_options' retrieved from /opt/airflow/dags/collect_stock_options.py
[2025-06-13T02:43:28.206+0000] {logging_mixin.py:190} INFO - [2025-06-13T02:43:28.206+0000] {dag.py:3239} INFO - Sync 1 DAGs
[2025-06-13T02:43:28.223+0000] {logging_mixin.py:190} INFO - [2025-06-13T02:43:28.223+0000] {dag.py:4180} INFO - Setting next_dagrun for fetch_stock_options to 2025-06-13 02:35:00+00:00, run_after=2025-06-13 02:40:00+00:00
[2025-06-13T02:43:28.238+0000] {processor.py:208} INFO - Processing /opt/airflow/dags/collect_stock_options.py took 0.079 seconds
[2025-06-13T02:43:58.617+0000] {processor.py:186} INFO - Started process (PID=181) to work on /opt/airflow/dags/collect_stock_options.py
[2025-06-13T02:43:58.617+0000] {processor.py:914} INFO - Processing file /opt/airflow/dags/collect_stock_options.py for tasks to queue
[2025-06-13T02:43:58.619+0000] {logging_mixin.py:190} INFO - [2025-06-13T02:43:58.619+0000] {dagbag.py:588} INFO - Filling up the DagBag from /opt/airflow/dags/collect_stock_options.py
[2025-06-13T02:43:58.646+0000] {processor.py:925} INFO - DAG(s) 'fetch_stock_options' retrieved from /opt/airflow/dags/collect_stock_options.py
[2025-06-13T02:43:58.666+0000] {logging_mixin.py:190} INFO - [2025-06-13T02:43:58.665+0000] {dag.py:3239} INFO - Sync 1 DAGs
[2025-06-13T02:43:58.686+0000] {logging_mixin.py:190} INFO - [2025-06-13T02:43:58.686+0000] {dag.py:4180} INFO - Setting next_dagrun for fetch_stock_options to 2025-06-13 02:35:00+00:00, run_after=2025-06-13 02:40:00+00:00
[2025-06-13T02:43:58.703+0000] {processor.py:208} INFO - Processing /opt/airflow/dags/collect_stock_options.py took 0.091 seconds
[2025-06-13T02:44:28.913+0000] {processor.py:186} INFO - Started process (PID=186) to work on /opt/airflow/dags/collect_stock_options.py
[2025-06-13T02:44:28.915+0000] {processor.py:914} INFO - Processing file /opt/airflow/dags/collect_stock_options.py for tasks to queue
[2025-06-13T02:44:28.918+0000] {logging_mixin.py:190} INFO - [2025-06-13T02:44:28.917+0000] {dagbag.py:588} INFO - Filling up the DagBag from /opt/airflow/dags/collect_stock_options.py
[2025-06-13T02:44:28.962+0000] {processor.py:925} INFO - DAG(s) 'fetch_stock_options' retrieved from /opt/airflow/dags/collect_stock_options.py
[2025-06-13T02:44:28.991+0000] {logging_mixin.py:190} INFO - [2025-06-13T02:44:28.991+0000] {dag.py:3239} INFO - Sync 1 DAGs
[2025-06-13T02:44:29.018+0000] {logging_mixin.py:190} INFO - [2025-06-13T02:44:29.018+0000] {dag.py:4180} INFO - Setting next_dagrun for fetch_stock_options to 2025-06-13 02:35:00+00:00, run_after=2025-06-13 02:40:00+00:00
[2025-06-13T02:44:29.040+0000] {processor.py:208} INFO - Processing /opt/airflow/dags/collect_stock_options.py took 0.131 seconds
[2025-06-13T02:44:59.274+0000] {processor.py:186} INFO - Started process (PID=191) to work on /opt/airflow/dags/collect_stock_options.py
[2025-06-13T02:44:59.275+0000] {processor.py:914} INFO - Processing file /opt/airflow/dags/collect_stock_options.py for tasks to queue
[2025-06-13T02:44:59.277+0000] {logging_mixin.py:190} INFO - [2025-06-13T02:44:59.277+0000] {dagbag.py:588} INFO - Filling up the DagBag from /opt/airflow/dags/collect_stock_options.py
[2025-06-13T02:44:59.304+0000] {processor.py:925} INFO - DAG(s) 'fetch_stock_options' retrieved from /opt/airflow/dags/collect_stock_options.py
[2025-06-13T02:44:59.323+0000] {logging_mixin.py:190} INFO - [2025-06-13T02:44:59.323+0000] {dag.py:3239} INFO - Sync 1 DAGs
[2025-06-13T02:44:59.343+0000] {logging_mixin.py:190} INFO - [2025-06-13T02:44:59.342+0000] {dag.py:4180} INFO - Setting next_dagrun for fetch_stock_options to 2025-06-13 02:35:00+00:00, run_after=2025-06-13 02:40:00+00:00
[2025-06-13T02:44:59.360+0000] {processor.py:208} INFO - Processing /opt/airflow/dags/collect_stock_options.py took 0.092 seconds
[2025-06-13T02:45:29.566+0000] {processor.py:186} INFO - Started process (PID=196) to work on /opt/airflow/dags/collect_stock_options.py
[2025-06-13T02:45:29.568+0000] {processor.py:914} INFO - Processing file /opt/airflow/dags/collect_stock_options.py for tasks to queue
[2025-06-13T02:45:29.571+0000] {logging_mixin.py:190} INFO - [2025-06-13T02:45:29.571+0000] {dagbag.py:588} INFO - Filling up the DagBag from /opt/airflow/dags/collect_stock_options.py
[2025-06-13T02:45:29.615+0000] {processor.py:925} INFO - DAG(s) 'fetch_stock_options' retrieved from /opt/airflow/dags/collect_stock_options.py
[2025-06-13T02:45:29.659+0000] {logging_mixin.py:190} INFO - [2025-06-13T02:45:29.658+0000] {dag.py:3239} INFO - Sync 1 DAGs
[2025-06-13T02:45:29.684+0000] {logging_mixin.py:190} INFO - [2025-06-13T02:45:29.684+0000] {dag.py:4180} INFO - Setting next_dagrun for fetch_stock_options to 2025-06-13 02:40:00+00:00, run_after=2025-06-13 02:45:00+00:00
[2025-06-13T02:45:29.710+0000] {processor.py:208} INFO - Processing /opt/airflow/dags/collect_stock_options.py took 0.149 seconds
[2025-06-13T02:45:59.863+0000] {processor.py:186} INFO - Started process (PID=201) to work on /opt/airflow/dags/collect_stock_options.py
[2025-06-13T02:45:59.864+0000] {processor.py:914} INFO - Processing file /opt/airflow/dags/collect_stock_options.py for tasks to queue
[2025-06-13T02:45:59.866+0000] {logging_mixin.py:190} INFO - [2025-06-13T02:45:59.866+0000] {dagbag.py:588} INFO - Filling up the DagBag from /opt/airflow/dags/collect_stock_options.py
[2025-06-13T02:45:59.883+0000] {processor.py:925} INFO - DAG(s) 'fetch_stock_options' retrieved from /opt/airflow/dags/collect_stock_options.py
[2025-06-13T02:45:59.903+0000] {logging_mixin.py:190} INFO - [2025-06-13T02:45:59.902+0000] {dag.py:3239} INFO - Sync 1 DAGs
[2025-06-13T02:45:59.922+0000] {logging_mixin.py:190} INFO - [2025-06-13T02:45:59.922+0000] {dag.py:4180} INFO - Setting next_dagrun for fetch_stock_options to 2025-06-13 02:40:00+00:00, run_after=2025-06-13 02:45:00+00:00
[2025-06-13T02:45:59.951+0000] {processor.py:208} INFO - Processing /opt/airflow/dags/collect_stock_options.py took 0.093 seconds
[2025-06-13T02:46:30.072+0000] {processor.py:186} INFO - Started process (PID=206) to work on /opt/airflow/dags/collect_stock_options.py
[2025-06-13T02:46:30.073+0000] {processor.py:914} INFO - Processing file /opt/airflow/dags/collect_stock_options.py for tasks to queue
[2025-06-13T02:46:30.074+0000] {logging_mixin.py:190} INFO - [2025-06-13T02:46:30.074+0000] {dagbag.py:588} INFO - Filling up the DagBag from /opt/airflow/dags/collect_stock_options.py
[2025-06-13T02:46:30.096+0000] {processor.py:925} INFO - DAG(s) 'fetch_stock_options' retrieved from /opt/airflow/dags/collect_stock_options.py
[2025-06-13T02:46:30.115+0000] {logging_mixin.py:190} INFO - [2025-06-13T02:46:30.115+0000] {dag.py:3239} INFO - Sync 1 DAGs
[2025-06-13T02:46:30.135+0000] {logging_mixin.py:190} INFO - [2025-06-13T02:46:30.134+0000] {dag.py:4180} INFO - Setting next_dagrun for fetch_stock_options to 2025-06-13 02:40:00+00:00, run_after=2025-06-13 02:45:00+00:00
[2025-06-13T02:46:30.152+0000] {processor.py:208} INFO - Processing /opt/airflow/dags/collect_stock_options.py took 0.085 seconds
[2025-06-13T02:47:00.416+0000] {processor.py:186} INFO - Started process (PID=211) to work on /opt/airflow/dags/collect_stock_options.py
[2025-06-13T02:47:00.417+0000] {processor.py:914} INFO - Processing file /opt/airflow/dags/collect_stock_options.py for tasks to queue
[2025-06-13T02:47:00.419+0000] {logging_mixin.py:190} INFO - [2025-06-13T02:47:00.419+0000] {dagbag.py:588} INFO - Filling up the DagBag from /opt/airflow/dags/collect_stock_options.py
[2025-06-13T02:47:00.454+0000] {processor.py:925} INFO - DAG(s) 'fetch_stock_options' retrieved from /opt/airflow/dags/collect_stock_options.py
[2025-06-13T02:47:00.479+0000] {logging_mixin.py:190} INFO - [2025-06-13T02:47:00.479+0000] {dag.py:3239} INFO - Sync 1 DAGs
[2025-06-13T02:47:00.504+0000] {logging_mixin.py:190} INFO - [2025-06-13T02:47:00.504+0000] {dag.py:4180} INFO - Setting next_dagrun for fetch_stock_options to 2025-06-13 02:40:00+00:00, run_after=2025-06-13 02:45:00+00:00
[2025-06-13T02:47:00.523+0000] {processor.py:208} INFO - Processing /opt/airflow/dags/collect_stock_options.py took 0.112 seconds
[2025-06-13T02:47:30.762+0000] {processor.py:186} INFO - Started process (PID=216) to work on /opt/airflow/dags/collect_stock_options.py
[2025-06-13T02:47:30.763+0000] {processor.py:914} INFO - Processing file /opt/airflow/dags/collect_stock_options.py for tasks to queue
[2025-06-13T02:47:30.766+0000] {logging_mixin.py:190} INFO - [2025-06-13T02:47:30.766+0000] {dagbag.py:588} INFO - Filling up the DagBag from /opt/airflow/dags/collect_stock_options.py
[2025-06-13T02:47:30.785+0000] {processor.py:925} INFO - DAG(s) 'fetch_stock_options' retrieved from /opt/airflow/dags/collect_stock_options.py
[2025-06-13T02:47:30.807+0000] {logging_mixin.py:190} INFO - [2025-06-13T02:47:30.807+0000] {dag.py:3239} INFO - Sync 1 DAGs
[2025-06-13T02:47:30.827+0000] {logging_mixin.py:190} INFO - [2025-06-13T02:47:30.826+0000] {dag.py:4180} INFO - Setting next_dagrun for fetch_stock_options to 2025-06-13 02:40:00+00:00, run_after=2025-06-13 02:45:00+00:00
[2025-06-13T02:47:30.845+0000] {processor.py:208} INFO - Processing /opt/airflow/dags/collect_stock_options.py took 0.089 seconds
[2025-06-13T02:47:56.076+0000] {processor.py:186} INFO - Started process (PID=221) to work on /opt/airflow/dags/collect_stock_options.py
[2025-06-13T02:47:56.077+0000] {processor.py:914} INFO - Processing file /opt/airflow/dags/collect_stock_options.py for tasks to queue
[2025-06-13T02:47:56.080+0000] {logging_mixin.py:190} INFO - [2025-06-13T02:47:56.080+0000] {dagbag.py:588} INFO - Filling up the DagBag from /opt/airflow/dags/collect_stock_options.py
[2025-06-13T02:47:56.118+0000] {logging_mixin.py:190} INFO - [2025-06-13T02:47:56.114+0000] {dagbag.py:387} ERROR - Failed to import: /opt/airflow/dags/collect_stock_options.py
Traceback (most recent call last):
  File "/home/airflow/.local/lib/python3.9/site-packages/airflow/models/dagbag.py", line 383, in parse
    loader.exec_module(new_module)
  File "<frozen importlib._bootstrap_external>", line 846, in exec_module
  File "<frozen importlib._bootstrap_external>", line 983, in get_code
  File "<frozen importlib._bootstrap_external>", line 913, in source_to_code
  File "<frozen importlib._bootstrap>", line 228, in _call_with_frames_removed
  File "/opt/airflow/dags/collect_stock_options.py", line 2
    from airflow import DAG
IndentationError: unexpected indent
[2025-06-13T02:47:56.119+0000] {processor.py:927} WARNING - No viable dags retrieved from /opt/airflow/dags/collect_stock_options.py
[2025-06-13T02:47:56.149+0000] {processor.py:208} INFO - Processing /opt/airflow/dags/collect_stock_options.py took 0.083 seconds
[2025-06-13T02:48:01.237+0000] {processor.py:186} INFO - Started process (PID=226) to work on /opt/airflow/dags/collect_stock_options.py
[2025-06-13T02:48:01.238+0000] {processor.py:914} INFO - Processing file /opt/airflow/dags/collect_stock_options.py for tasks to queue
[2025-06-13T02:48:01.240+0000] {logging_mixin.py:190} INFO - [2025-06-13T02:48:01.240+0000] {dagbag.py:588} INFO - Filling up the DagBag from /opt/airflow/dags/collect_stock_options.py
[2025-06-13T02:48:01.272+0000] {processor.py:925} INFO - DAG(s) 'fetch_stock_options' retrieved from /opt/airflow/dags/collect_stock_options.py
[2025-06-13T02:48:01.297+0000] {logging_mixin.py:190} INFO - [2025-06-13T02:48:01.297+0000] {dag.py:3239} INFO - Sync 1 DAGs
[2025-06-13T02:48:01.318+0000] {logging_mixin.py:190} INFO - [2025-06-13T02:48:01.317+0000] {dag.py:4180} INFO - Setting next_dagrun for fetch_stock_options to 2025-06-13 02:40:00+00:00, run_after=2025-06-13 02:45:00+00:00
[2025-06-13T02:48:01.336+0000] {processor.py:208} INFO - Processing /opt/airflow/dags/collect_stock_options.py took 0.104 seconds
[2025-06-13T02:48:12.475+0000] {processor.py:186} INFO - Started process (PID=231) to work on /opt/airflow/dags/collect_stock_options.py
[2025-06-13T02:48:12.476+0000] {processor.py:914} INFO - Processing file /opt/airflow/dags/collect_stock_options.py for tasks to queue
[2025-06-13T02:48:12.479+0000] {logging_mixin.py:190} INFO - [2025-06-13T02:48:12.478+0000] {dagbag.py:588} INFO - Filling up the DagBag from /opt/airflow/dags/collect_stock_options.py
[2025-06-13T02:48:12.509+0000] {processor.py:925} INFO - DAG(s) 'fetch_stock_options' retrieved from /opt/airflow/dags/collect_stock_options.py
[2025-06-13T02:48:12.529+0000] {logging_mixin.py:190} INFO - [2025-06-13T02:48:12.529+0000] {dag.py:3239} INFO - Sync 1 DAGs
[2025-06-13T02:48:12.547+0000] {logging_mixin.py:190} INFO - [2025-06-13T02:48:12.547+0000] {dag.py:4180} INFO - Setting next_dagrun for fetch_stock_options to 2025-06-13 02:40:00+00:00, run_after=2025-06-13 02:45:00+00:00
[2025-06-13T02:48:12.568+0000] {processor.py:208} INFO - Processing /opt/airflow/dags/collect_stock_options.py took 0.100 seconds
[2025-06-13T02:48:42.742+0000] {processor.py:186} INFO - Started process (PID=236) to work on /opt/airflow/dags/collect_stock_options.py
[2025-06-13T02:48:42.743+0000] {processor.py:914} INFO - Processing file /opt/airflow/dags/collect_stock_options.py for tasks to queue
[2025-06-13T02:48:42.746+0000] {logging_mixin.py:190} INFO - [2025-06-13T02:48:42.745+0000] {dagbag.py:588} INFO - Filling up the DagBag from /opt/airflow/dags/collect_stock_options.py
[2025-06-13T02:48:42.763+0000] {processor.py:925} INFO - DAG(s) 'fetch_stock_options' retrieved from /opt/airflow/dags/collect_stock_options.py
[2025-06-13T02:48:42.783+0000] {logging_mixin.py:190} INFO - [2025-06-13T02:48:42.782+0000] {dag.py:3239} INFO - Sync 1 DAGs
[2025-06-13T02:48:42.800+0000] {logging_mixin.py:190} INFO - [2025-06-13T02:48:42.799+0000] {dag.py:4180} INFO - Setting next_dagrun for fetch_stock_options to 2025-06-13 02:40:00+00:00, run_after=2025-06-13 02:45:00+00:00
[2025-06-13T02:48:42.816+0000] {processor.py:208} INFO - Processing /opt/airflow/dags/collect_stock_options.py took 0.079 seconds
[2025-06-13T02:49:13.137+0000] {processor.py:186} INFO - Started process (PID=241) to work on /opt/airflow/dags/collect_stock_options.py
[2025-06-13T02:49:13.138+0000] {processor.py:914} INFO - Processing file /opt/airflow/dags/collect_stock_options.py for tasks to queue
[2025-06-13T02:49:13.140+0000] {logging_mixin.py:190} INFO - [2025-06-13T02:49:13.140+0000] {dagbag.py:588} INFO - Filling up the DagBag from /opt/airflow/dags/collect_stock_options.py
[2025-06-13T02:49:13.177+0000] {processor.py:925} INFO - DAG(s) 'fetch_stock_options' retrieved from /opt/airflow/dags/collect_stock_options.py
[2025-06-13T02:49:13.195+0000] {logging_mixin.py:190} INFO - [2025-06-13T02:49:13.195+0000] {dag.py:3239} INFO - Sync 1 DAGs
[2025-06-13T02:49:13.213+0000] {logging_mixin.py:190} INFO - [2025-06-13T02:49:13.212+0000] {dag.py:4180} INFO - Setting next_dagrun for fetch_stock_options to 2025-06-13 02:40:00+00:00, run_after=2025-06-13 02:45:00+00:00
[2025-06-13T02:49:13.229+0000] {processor.py:208} INFO - Processing /opt/airflow/dags/collect_stock_options.py took 0.099 seconds
