[2025-06-13T02:50:57.375+0000] {processor.py:186} INFO - Started process (PID=166) to work on /opt/airflow/dags/fetch_stock_options.py
[2025-06-13T02:50:57.375+0000] {processor.py:914} INFO - Processing file /opt/airflow/dags/fetch_stock_options.py for tasks to queue
[2025-06-13T02:50:57.377+0000] {logging_mixin.py:190} INFO - [2025-06-13T02:50:57.377+0000] {dagbag.py:588} INFO - Filling up the DagBag from /opt/airflow/dags/fetch_stock_options.py
[2025-06-13T02:50:57.408+0000] {processor.py:925} INFO - DAG(s) 'fetch_stock_options' retrieved from /opt/airflow/dags/fetch_stock_options.py
[2025-06-13T02:50:57.570+0000] {logging_mixin.py:190} INFO - [2025-06-13T02:50:57.570+0000] {override.py:1900} INFO - Created Permission View: can read on DAG:fetch_stock_options
[2025-06-13T02:50:57.578+0000] {logging_mixin.py:190} INFO - [2025-06-13T02:50:57.578+0000] {override.py:1900} INFO - Created Permission View: can edit on DAG:fetch_stock_options
[2025-06-13T02:50:57.584+0000] {logging_mixin.py:190} INFO - [2025-06-13T02:50:57.584+0000] {override.py:1900} INFO - Created Permission View: can delete on DAG:fetch_stock_options
[2025-06-13T02:50:57.593+0000] {logging_mixin.py:190} INFO - [2025-06-13T02:50:57.592+0000] {override.py:1900} INFO - Created Permission View: menu access on DAG Run:fetch_stock_options
[2025-06-13T02:50:57.601+0000] {logging_mixin.py:190} INFO - [2025-06-13T02:50:57.601+0000] {override.py:1900} INFO - Created Permission View: can read on DAG Run:fetch_stock_options
[2025-06-13T02:50:57.607+0000] {logging_mixin.py:190} INFO - [2025-06-13T02:50:57.606+0000] {override.py:1900} INFO - Created Permission View: can create on DAG Run:fetch_stock_options
[2025-06-13T02:50:57.612+0000] {logging_mixin.py:190} INFO - [2025-06-13T02:50:57.611+0000] {override.py:1900} INFO - Created Permission View: can delete on DAG Run:fetch_stock_options
[2025-06-13T02:50:57.612+0000] {logging_mixin.py:190} INFO - [2025-06-13T02:50:57.612+0000] {dag.py:3239} INFO - Sync 1 DAGs
[2025-06-13T02:50:57.623+0000] {logging_mixin.py:190} INFO - [2025-06-13T02:50:57.623+0000] {dag.py:3262} INFO - Creating ORM DAG for fetch_stock_options
[2025-06-13T02:50:57.631+0000] {logging_mixin.py:190} INFO - [2025-06-13T02:50:57.631+0000] {dag.py:4180} INFO - Setting next_dagrun for fetch_stock_options to 2025-06-13 02:45:00+00:00, run_after=2025-06-13 02:50:00+00:00
[2025-06-13T02:50:57.647+0000] {processor.py:208} INFO - Processing /opt/airflow/dags/fetch_stock_options.py took 0.276 seconds
[2025-06-13T02:51:27.739+0000] {processor.py:186} INFO - Started process (PID=171) to work on /opt/airflow/dags/fetch_stock_options.py
[2025-06-13T02:51:27.740+0000] {processor.py:914} INFO - Processing file /opt/airflow/dags/fetch_stock_options.py for tasks to queue
[2025-06-13T02:51:27.742+0000] {logging_mixin.py:190} INFO - [2025-06-13T02:51:27.742+0000] {dagbag.py:588} INFO - Filling up the DagBag from /opt/airflow/dags/fetch_stock_options.py
[2025-06-13T02:51:27.760+0000] {processor.py:925} INFO - DAG(s) 'fetch_stock_options' retrieved from /opt/airflow/dags/fetch_stock_options.py
[2025-06-13T02:51:27.781+0000] {logging_mixin.py:190} INFO - [2025-06-13T02:51:27.781+0000] {dag.py:3239} INFO - Sync 1 DAGs
[2025-06-13T02:51:27.799+0000] {logging_mixin.py:190} INFO - [2025-06-13T02:51:27.799+0000] {dag.py:4180} INFO - Setting next_dagrun for fetch_stock_options to 2025-06-13 02:45:00+00:00, run_after=2025-06-13 02:50:00+00:00
[2025-06-13T02:51:27.813+0000] {processor.py:208} INFO - Processing /opt/airflow/dags/fetch_stock_options.py took 0.079 seconds
[2025-06-13T02:51:58.070+0000] {processor.py:186} INFO - Started process (PID=176) to work on /opt/airflow/dags/fetch_stock_options.py
[2025-06-13T02:51:58.070+0000] {processor.py:914} INFO - Processing file /opt/airflow/dags/fetch_stock_options.py for tasks to queue
[2025-06-13T02:51:58.073+0000] {logging_mixin.py:190} INFO - [2025-06-13T02:51:58.072+0000] {dagbag.py:588} INFO - Filling up the DagBag from /opt/airflow/dags/fetch_stock_options.py
[2025-06-13T02:51:58.100+0000] {processor.py:925} INFO - DAG(s) 'fetch_stock_options' retrieved from /opt/airflow/dags/fetch_stock_options.py
[2025-06-13T02:51:58.124+0000] {logging_mixin.py:190} INFO - [2025-06-13T02:51:58.124+0000] {dag.py:3239} INFO - Sync 1 DAGs
[2025-06-13T02:51:58.143+0000] {logging_mixin.py:190} INFO - [2025-06-13T02:51:58.143+0000] {dag.py:4180} INFO - Setting next_dagrun for fetch_stock_options to 2025-06-13 02:45:00+00:00, run_after=2025-06-13 02:50:00+00:00
[2025-06-13T02:51:58.162+0000] {processor.py:208} INFO - Processing /opt/airflow/dags/fetch_stock_options.py took 0.097 seconds
[2025-06-13T02:52:28.378+0000] {processor.py:186} INFO - Started process (PID=181) to work on /opt/airflow/dags/fetch_stock_options.py
[2025-06-13T02:52:28.379+0000] {processor.py:914} INFO - Processing file /opt/airflow/dags/fetch_stock_options.py for tasks to queue
[2025-06-13T02:52:28.382+0000] {logging_mixin.py:190} INFO - [2025-06-13T02:52:28.381+0000] {dagbag.py:588} INFO - Filling up the DagBag from /opt/airflow/dags/fetch_stock_options.py
[2025-06-13T02:52:28.420+0000] {processor.py:925} INFO - DAG(s) 'fetch_stock_options' retrieved from /opt/airflow/dags/fetch_stock_options.py
[2025-06-13T02:52:28.447+0000] {logging_mixin.py:190} INFO - [2025-06-13T02:52:28.444+0000] {dag.py:3239} INFO - Sync 1 DAGs
[2025-06-13T02:52:28.470+0000] {logging_mixin.py:190} INFO - [2025-06-13T02:52:28.470+0000] {dag.py:4180} INFO - Setting next_dagrun for fetch_stock_options to 2025-06-13 02:45:00+00:00, run_after=2025-06-13 02:50:00+00:00
[2025-06-13T02:52:28.491+0000] {processor.py:208} INFO - Processing /opt/airflow/dags/fetch_stock_options.py took 0.118 seconds
[2025-06-13T02:52:58.650+0000] {processor.py:186} INFO - Started process (PID=186) to work on /opt/airflow/dags/fetch_stock_options.py
[2025-06-13T02:52:58.651+0000] {processor.py:914} INFO - Processing file /opt/airflow/dags/fetch_stock_options.py for tasks to queue
[2025-06-13T02:52:58.653+0000] {logging_mixin.py:190} INFO - [2025-06-13T02:52:58.653+0000] {dagbag.py:588} INFO - Filling up the DagBag from /opt/airflow/dags/fetch_stock_options.py
[2025-06-13T02:52:58.672+0000] {processor.py:925} INFO - DAG(s) 'fetch_stock_options' retrieved from /opt/airflow/dags/fetch_stock_options.py
[2025-06-13T02:52:58.695+0000] {logging_mixin.py:190} INFO - [2025-06-13T02:52:58.695+0000] {dag.py:3239} INFO - Sync 1 DAGs
[2025-06-13T02:52:58.713+0000] {logging_mixin.py:190} INFO - [2025-06-13T02:52:58.713+0000] {dag.py:4180} INFO - Setting next_dagrun for fetch_stock_options to 2025-06-13 02:45:00+00:00, run_after=2025-06-13 02:50:00+00:00
[2025-06-13T02:52:58.731+0000] {processor.py:208} INFO - Processing /opt/airflow/dags/fetch_stock_options.py took 0.086 seconds
[2025-06-13T02:53:29.029+0000] {processor.py:186} INFO - Started process (PID=191) to work on /opt/airflow/dags/fetch_stock_options.py
[2025-06-13T02:53:29.030+0000] {processor.py:914} INFO - Processing file /opt/airflow/dags/fetch_stock_options.py for tasks to queue
[2025-06-13T02:53:29.032+0000] {logging_mixin.py:190} INFO - [2025-06-13T02:53:29.032+0000] {dagbag.py:588} INFO - Filling up the DagBag from /opt/airflow/dags/fetch_stock_options.py
[2025-06-13T02:53:29.054+0000] {processor.py:925} INFO - DAG(s) 'fetch_stock_options' retrieved from /opt/airflow/dags/fetch_stock_options.py
[2025-06-13T02:53:29.075+0000] {logging_mixin.py:190} INFO - [2025-06-13T02:53:29.075+0000] {dag.py:3239} INFO - Sync 1 DAGs
[2025-06-13T02:53:29.095+0000] {logging_mixin.py:190} INFO - [2025-06-13T02:53:29.094+0000] {dag.py:4180} INFO - Setting next_dagrun for fetch_stock_options to 2025-06-13 02:45:00+00:00, run_after=2025-06-13 02:50:00+00:00
[2025-06-13T02:53:29.178+0000] {processor.py:208} INFO - Processing /opt/airflow/dags/fetch_stock_options.py took 0.153 seconds
[2025-06-13T02:53:59.311+0000] {processor.py:186} INFO - Started process (PID=196) to work on /opt/airflow/dags/fetch_stock_options.py
[2025-06-13T02:53:59.312+0000] {processor.py:914} INFO - Processing file /opt/airflow/dags/fetch_stock_options.py for tasks to queue
[2025-06-13T02:53:59.314+0000] {logging_mixin.py:190} INFO - [2025-06-13T02:53:59.314+0000] {dagbag.py:588} INFO - Filling up the DagBag from /opt/airflow/dags/fetch_stock_options.py
[2025-06-13T02:53:59.338+0000] {processor.py:925} INFO - DAG(s) 'fetch_stock_options' retrieved from /opt/airflow/dags/fetch_stock_options.py
[2025-06-13T02:53:59.357+0000] {logging_mixin.py:190} INFO - [2025-06-13T02:53:59.357+0000] {dag.py:3239} INFO - Sync 1 DAGs
[2025-06-13T02:53:59.375+0000] {logging_mixin.py:190} INFO - [2025-06-13T02:53:59.375+0000] {dag.py:4180} INFO - Setting next_dagrun for fetch_stock_options to 2025-06-13 02:45:00+00:00, run_after=2025-06-13 02:50:00+00:00
[2025-06-13T02:53:59.392+0000] {processor.py:208} INFO - Processing /opt/airflow/dags/fetch_stock_options.py took 0.085 seconds
[2025-06-13T02:54:29.530+0000] {processor.py:186} INFO - Started process (PID=201) to work on /opt/airflow/dags/fetch_stock_options.py
[2025-06-13T02:54:29.530+0000] {processor.py:914} INFO - Processing file /opt/airflow/dags/fetch_stock_options.py for tasks to queue
[2025-06-13T02:54:29.532+0000] {logging_mixin.py:190} INFO - [2025-06-13T02:54:29.532+0000] {dagbag.py:588} INFO - Filling up the DagBag from /opt/airflow/dags/fetch_stock_options.py
[2025-06-13T02:54:29.549+0000] {processor.py:925} INFO - DAG(s) 'fetch_stock_options' retrieved from /opt/airflow/dags/fetch_stock_options.py
[2025-06-13T02:54:29.566+0000] {logging_mixin.py:190} INFO - [2025-06-13T02:54:29.566+0000] {dag.py:3239} INFO - Sync 1 DAGs
[2025-06-13T02:54:29.586+0000] {logging_mixin.py:190} INFO - [2025-06-13T02:54:29.586+0000] {dag.py:4180} INFO - Setting next_dagrun for fetch_stock_options to 2025-06-13 02:45:00+00:00, run_after=2025-06-13 02:50:00+00:00
[2025-06-13T02:54:29.603+0000] {processor.py:208} INFO - Processing /opt/airflow/dags/fetch_stock_options.py took 0.078 seconds
[2025-06-13T02:54:59.899+0000] {processor.py:186} INFO - Started process (PID=206) to work on /opt/airflow/dags/fetch_stock_options.py
[2025-06-13T02:54:59.900+0000] {processor.py:914} INFO - Processing file /opt/airflow/dags/fetch_stock_options.py for tasks to queue
[2025-06-13T02:54:59.902+0000] {logging_mixin.py:190} INFO - [2025-06-13T02:54:59.902+0000] {dagbag.py:588} INFO - Filling up the DagBag from /opt/airflow/dags/fetch_stock_options.py
[2025-06-13T02:54:59.939+0000] {processor.py:925} INFO - DAG(s) 'fetch_stock_options' retrieved from /opt/airflow/dags/fetch_stock_options.py
[2025-06-13T02:54:59.958+0000] {logging_mixin.py:190} INFO - [2025-06-13T02:54:59.958+0000] {dag.py:3239} INFO - Sync 1 DAGs
[2025-06-13T02:54:59.975+0000] {logging_mixin.py:190} INFO - [2025-06-13T02:54:59.975+0000] {dag.py:4180} INFO - Setting next_dagrun for fetch_stock_options to 2025-06-13 02:45:00+00:00, run_after=2025-06-13 02:50:00+00:00
[2025-06-13T02:54:59.991+0000] {processor.py:208} INFO - Processing /opt/airflow/dags/fetch_stock_options.py took 0.098 seconds
[2025-06-13T02:55:30.264+0000] {processor.py:186} INFO - Started process (PID=211) to work on /opt/airflow/dags/fetch_stock_options.py
[2025-06-13T02:55:30.267+0000] {processor.py:914} INFO - Processing file /opt/airflow/dags/fetch_stock_options.py for tasks to queue
[2025-06-13T02:55:30.271+0000] {logging_mixin.py:190} INFO - [2025-06-13T02:55:30.270+0000] {dagbag.py:588} INFO - Filling up the DagBag from /opt/airflow/dags/fetch_stock_options.py
[2025-06-13T02:55:30.392+0000] {processor.py:925} INFO - DAG(s) 'fetch_stock_options' retrieved from /opt/airflow/dags/fetch_stock_options.py
[2025-06-13T02:55:30.422+0000] {logging_mixin.py:190} INFO - [2025-06-13T02:55:30.421+0000] {dag.py:3239} INFO - Sync 1 DAGs
[2025-06-13T02:55:30.456+0000] {logging_mixin.py:190} INFO - [2025-06-13T02:55:30.456+0000] {dag.py:4180} INFO - Setting next_dagrun for fetch_stock_options to 2025-06-13 02:50:00+00:00, run_after=2025-06-13 02:55:00+00:00
[2025-06-13T02:55:30.483+0000] {processor.py:208} INFO - Processing /opt/airflow/dags/fetch_stock_options.py took 0.226 seconds
[2025-06-13T02:56:00.696+0000] {processor.py:186} INFO - Started process (PID=216) to work on /opt/airflow/dags/fetch_stock_options.py
[2025-06-13T02:56:00.696+0000] {processor.py:914} INFO - Processing file /opt/airflow/dags/fetch_stock_options.py for tasks to queue
[2025-06-13T02:56:00.698+0000] {logging_mixin.py:190} INFO - [2025-06-13T02:56:00.698+0000] {dagbag.py:588} INFO - Filling up the DagBag from /opt/airflow/dags/fetch_stock_options.py
[2025-06-13T02:56:00.716+0000] {processor.py:925} INFO - DAG(s) 'fetch_stock_options' retrieved from /opt/airflow/dags/fetch_stock_options.py
[2025-06-13T02:56:00.733+0000] {logging_mixin.py:190} INFO - [2025-06-13T02:56:00.732+0000] {dag.py:3239} INFO - Sync 1 DAGs
[2025-06-13T02:56:00.748+0000] {logging_mixin.py:190} INFO - [2025-06-13T02:56:00.748+0000] {dag.py:4180} INFO - Setting next_dagrun for fetch_stock_options to 2025-06-13 02:50:00+00:00, run_after=2025-06-13 02:55:00+00:00
[2025-06-13T02:56:00.764+0000] {processor.py:208} INFO - Processing /opt/airflow/dags/fetch_stock_options.py took 0.072 seconds
[2025-06-13T02:56:31.000+0000] {processor.py:186} INFO - Started process (PID=221) to work on /opt/airflow/dags/fetch_stock_options.py
[2025-06-13T02:56:31.001+0000] {processor.py:914} INFO - Processing file /opt/airflow/dags/fetch_stock_options.py for tasks to queue
[2025-06-13T02:56:31.003+0000] {logging_mixin.py:190} INFO - [2025-06-13T02:56:31.003+0000] {dagbag.py:588} INFO - Filling up the DagBag from /opt/airflow/dags/fetch_stock_options.py
[2025-06-13T02:56:31.020+0000] {processor.py:925} INFO - DAG(s) 'fetch_stock_options' retrieved from /opt/airflow/dags/fetch_stock_options.py
[2025-06-13T02:56:31.036+0000] {logging_mixin.py:190} INFO - [2025-06-13T02:56:31.036+0000] {dag.py:3239} INFO - Sync 1 DAGs
[2025-06-13T02:56:31.054+0000] {logging_mixin.py:190} INFO - [2025-06-13T02:56:31.054+0000] {dag.py:4180} INFO - Setting next_dagrun for fetch_stock_options to 2025-06-13 02:50:00+00:00, run_after=2025-06-13 02:55:00+00:00
[2025-06-13T02:56:31.068+0000] {processor.py:208} INFO - Processing /opt/airflow/dags/fetch_stock_options.py took 0.072 seconds
[2025-06-13T02:56:51.275+0000] {processor.py:186} INFO - Started process (PID=226) to work on /opt/airflow/dags/fetch_stock_options.py
[2025-06-13T02:56:51.276+0000] {processor.py:914} INFO - Processing file /opt/airflow/dags/fetch_stock_options.py for tasks to queue
[2025-06-13T02:56:51.280+0000] {logging_mixin.py:190} INFO - [2025-06-13T02:56:51.280+0000] {dagbag.py:588} INFO - Filling up the DagBag from /opt/airflow/dags/fetch_stock_options.py
[2025-06-13T02:56:51.316+0000] {logging_mixin.py:190} INFO - [2025-06-13T02:56:51.314+0000] {dagbag.py:387} ERROR - Failed to import: /opt/airflow/dags/fetch_stock_options.py
Traceback (most recent call last):
  File "/home/airflow/.local/lib/python3.9/site-packages/airflow/models/dagbag.py", line 383, in parse
    loader.exec_module(new_module)
  File "<frozen importlib._bootstrap_external>", line 846, in exec_module
  File "<frozen importlib._bootstrap_external>", line 983, in get_code
  File "<frozen importlib._bootstrap_external>", line 913, in source_to_code
  File "<frozen importlib._bootstrap>", line 228, in _call_with_frames_removed
  File "/opt/airflow/dags/fetch_stock_options.py", line 2
    from airflow import DAG
IndentationError: unexpected indent
[2025-06-13T02:56:51.316+0000] {processor.py:927} WARNING - No viable dags retrieved from /opt/airflow/dags/fetch_stock_options.py
[2025-06-13T02:56:51.347+0000] {processor.py:208} INFO - Processing /opt/airflow/dags/fetch_stock_options.py took 0.080 seconds
[2025-06-13T02:56:56.336+0000] {processor.py:186} INFO - Started process (PID=231) to work on /opt/airflow/dags/fetch_stock_options.py
[2025-06-13T02:56:56.337+0000] {processor.py:914} INFO - Processing file /opt/airflow/dags/fetch_stock_options.py for tasks to queue
[2025-06-13T02:56:56.338+0000] {logging_mixin.py:190} INFO - [2025-06-13T02:56:56.338+0000] {dagbag.py:588} INFO - Filling up the DagBag from /opt/airflow/dags/fetch_stock_options.py
[2025-06-13T02:56:56.366+0000] {processor.py:925} INFO - DAG(s) 'fetch_stock_options' retrieved from /opt/airflow/dags/fetch_stock_options.py
[2025-06-13T02:56:56.387+0000] {logging_mixin.py:190} INFO - [2025-06-13T02:56:56.387+0000] {dag.py:3239} INFO - Sync 1 DAGs
[2025-06-13T02:56:56.404+0000] {logging_mixin.py:190} INFO - [2025-06-13T02:56:56.404+0000] {dag.py:4180} INFO - Setting next_dagrun for fetch_stock_options to 2025-06-13 02:50:00+00:00, run_after=2025-06-13 02:55:00+00:00
[2025-06-13T02:56:56.424+0000] {processor.py:208} INFO - Processing /opt/airflow/dags/fetch_stock_options.py took 0.093 seconds
[2025-06-13T02:57:52.627+0000] {processor.py:186} INFO - Started process (PID=167) to work on /opt/airflow/dags/fetch_stock_options.py
[2025-06-13T02:57:52.627+0000] {processor.py:914} INFO - Processing file /opt/airflow/dags/fetch_stock_options.py for tasks to queue
[2025-06-13T02:57:52.630+0000] {logging_mixin.py:190} INFO - [2025-06-13T02:57:52.629+0000] {dagbag.py:588} INFO - Filling up the DagBag from /opt/airflow/dags/fetch_stock_options.py
[2025-06-13T02:57:52.669+0000] {processor.py:925} INFO - DAG(s) 'fetch_stock_options' retrieved from /opt/airflow/dags/fetch_stock_options.py
[2025-06-13T02:57:52.832+0000] {logging_mixin.py:190} INFO - [2025-06-13T02:57:52.831+0000] {override.py:1900} INFO - Created Permission View: can delete on DAG:fetch_stock_options
[2025-06-13T02:57:52.837+0000] {logging_mixin.py:190} INFO - [2025-06-13T02:57:52.837+0000] {override.py:1900} INFO - Created Permission View: can read on DAG:fetch_stock_options
[2025-06-13T02:57:52.843+0000] {logging_mixin.py:190} INFO - [2025-06-13T02:57:52.843+0000] {override.py:1900} INFO - Created Permission View: can edit on DAG:fetch_stock_options
[2025-06-13T02:57:52.849+0000] {logging_mixin.py:190} INFO - [2025-06-13T02:57:52.848+0000] {override.py:1900} INFO - Created Permission View: can delete on DAG Run:fetch_stock_options
[2025-06-13T02:57:52.853+0000] {logging_mixin.py:190} INFO - [2025-06-13T02:57:52.853+0000] {override.py:1900} INFO - Created Permission View: can create on DAG Run:fetch_stock_options
[2025-06-13T02:57:52.861+0000] {logging_mixin.py:190} INFO - [2025-06-13T02:57:52.860+0000] {override.py:1900} INFO - Created Permission View: can read on DAG Run:fetch_stock_options
[2025-06-13T02:57:52.865+0000] {logging_mixin.py:190} INFO - [2025-06-13T02:57:52.865+0000] {override.py:1900} INFO - Created Permission View: menu access on DAG Run:fetch_stock_options
[2025-06-13T02:57:52.866+0000] {logging_mixin.py:190} INFO - [2025-06-13T02:57:52.866+0000] {dag.py:3239} INFO - Sync 1 DAGs
[2025-06-13T02:57:52.876+0000] {logging_mixin.py:190} INFO - [2025-06-13T02:57:52.876+0000] {dag.py:3262} INFO - Creating ORM DAG for fetch_stock_options
[2025-06-13T02:57:52.883+0000] {logging_mixin.py:190} INFO - [2025-06-13T02:57:52.883+0000] {dag.py:4180} INFO - Setting next_dagrun for fetch_stock_options to 2025-06-13 02:50:00+00:00, run_after=2025-06-13 02:55:00+00:00
[2025-06-13T02:57:52.897+0000] {processor.py:208} INFO - Processing /opt/airflow/dags/fetch_stock_options.py took 0.276 seconds
[2025-06-13T02:58:22.995+0000] {processor.py:186} INFO - Started process (PID=172) to work on /opt/airflow/dags/fetch_stock_options.py
[2025-06-13T02:58:22.996+0000] {processor.py:914} INFO - Processing file /opt/airflow/dags/fetch_stock_options.py for tasks to queue
[2025-06-13T02:58:22.997+0000] {logging_mixin.py:190} INFO - [2025-06-13T02:58:22.997+0000] {dagbag.py:588} INFO - Filling up the DagBag from /opt/airflow/dags/fetch_stock_options.py
[2025-06-13T02:58:23.017+0000] {processor.py:925} INFO - DAG(s) 'fetch_stock_options' retrieved from /opt/airflow/dags/fetch_stock_options.py
[2025-06-13T02:58:23.038+0000] {logging_mixin.py:190} INFO - [2025-06-13T02:58:23.037+0000] {dag.py:3239} INFO - Sync 1 DAGs
[2025-06-13T02:58:23.054+0000] {logging_mixin.py:190} INFO - [2025-06-13T02:58:23.054+0000] {dag.py:4180} INFO - Setting next_dagrun for fetch_stock_options to 2025-06-13 02:50:00+00:00, run_after=2025-06-13 02:55:00+00:00
[2025-06-13T02:58:23.067+0000] {processor.py:208} INFO - Processing /opt/airflow/dags/fetch_stock_options.py took 0.077 seconds
[2025-06-13T02:58:53.338+0000] {processor.py:186} INFO - Started process (PID=177) to work on /opt/airflow/dags/fetch_stock_options.py
[2025-06-13T02:58:53.339+0000] {processor.py:914} INFO - Processing file /opt/airflow/dags/fetch_stock_options.py for tasks to queue
[2025-06-13T02:58:53.340+0000] {logging_mixin.py:190} INFO - [2025-06-13T02:58:53.340+0000] {dagbag.py:588} INFO - Filling up the DagBag from /opt/airflow/dags/fetch_stock_options.py
[2025-06-13T02:58:53.360+0000] {processor.py:925} INFO - DAG(s) 'fetch_stock_options' retrieved from /opt/airflow/dags/fetch_stock_options.py
[2025-06-13T02:58:53.378+0000] {logging_mixin.py:190} INFO - [2025-06-13T02:58:53.378+0000] {dag.py:3239} INFO - Sync 1 DAGs
[2025-06-13T02:58:53.395+0000] {logging_mixin.py:190} INFO - [2025-06-13T02:58:53.395+0000] {dag.py:4180} INFO - Setting next_dagrun for fetch_stock_options to 2025-06-13 02:50:00+00:00, run_after=2025-06-13 02:55:00+00:00
[2025-06-13T02:58:53.410+0000] {processor.py:208} INFO - Processing /opt/airflow/dags/fetch_stock_options.py took 0.077 seconds
[2025-06-13T02:59:23.836+0000] {processor.py:186} INFO - Started process (PID=182) to work on /opt/airflow/dags/fetch_stock_options.py
[2025-06-13T02:59:23.839+0000] {processor.py:914} INFO - Processing file /opt/airflow/dags/fetch_stock_options.py for tasks to queue
[2025-06-13T02:59:23.843+0000] {logging_mixin.py:190} INFO - [2025-06-13T02:59:23.843+0000] {dagbag.py:588} INFO - Filling up the DagBag from /opt/airflow/dags/fetch_stock_options.py
[2025-06-13T02:59:23.983+0000] {processor.py:925} INFO - DAG(s) 'fetch_stock_options' retrieved from /opt/airflow/dags/fetch_stock_options.py
[2025-06-13T02:59:24.006+0000] {logging_mixin.py:190} INFO - [2025-06-13T02:59:24.006+0000] {dag.py:3239} INFO - Sync 1 DAGs
[2025-06-13T02:59:24.027+0000] {logging_mixin.py:190} INFO - [2025-06-13T02:59:24.027+0000] {dag.py:4180} INFO - Setting next_dagrun for fetch_stock_options to 2025-06-13 02:50:00+00:00, run_after=2025-06-13 02:55:00+00:00
[2025-06-13T02:59:24.047+0000] {processor.py:208} INFO - Processing /opt/airflow/dags/fetch_stock_options.py took 0.219 seconds
[2025-06-13T02:59:54.108+0000] {processor.py:186} INFO - Started process (PID=187) to work on /opt/airflow/dags/fetch_stock_options.py
[2025-06-13T02:59:54.110+0000] {processor.py:914} INFO - Processing file /opt/airflow/dags/fetch_stock_options.py for tasks to queue
[2025-06-13T02:59:54.111+0000] {logging_mixin.py:190} INFO - [2025-06-13T02:59:54.111+0000] {dagbag.py:588} INFO - Filling up the DagBag from /opt/airflow/dags/fetch_stock_options.py
[2025-06-13T02:59:54.129+0000] {processor.py:925} INFO - DAG(s) 'fetch_stock_options' retrieved from /opt/airflow/dags/fetch_stock_options.py
[2025-06-13T02:59:54.148+0000] {logging_mixin.py:190} INFO - [2025-06-13T02:59:54.148+0000] {dag.py:3239} INFO - Sync 1 DAGs
[2025-06-13T02:59:54.166+0000] {logging_mixin.py:190} INFO - [2025-06-13T02:59:54.165+0000] {dag.py:4180} INFO - Setting next_dagrun for fetch_stock_options to 2025-06-13 02:50:00+00:00, run_after=2025-06-13 02:55:00+00:00
[2025-06-13T02:59:54.181+0000] {processor.py:208} INFO - Processing /opt/airflow/dags/fetch_stock_options.py took 0.077 seconds
[2025-06-13T03:00:24.457+0000] {processor.py:186} INFO - Started process (PID=192) to work on /opt/airflow/dags/fetch_stock_options.py
[2025-06-13T03:00:24.458+0000] {processor.py:914} INFO - Processing file /opt/airflow/dags/fetch_stock_options.py for tasks to queue
[2025-06-13T03:00:24.460+0000] {logging_mixin.py:190} INFO - [2025-06-13T03:00:24.460+0000] {dagbag.py:588} INFO - Filling up the DagBag from /opt/airflow/dags/fetch_stock_options.py
[2025-06-13T03:00:24.479+0000] {processor.py:925} INFO - DAG(s) 'fetch_stock_options' retrieved from /opt/airflow/dags/fetch_stock_options.py
[2025-06-13T03:00:24.497+0000] {logging_mixin.py:190} INFO - [2025-06-13T03:00:24.496+0000] {dag.py:3239} INFO - Sync 1 DAGs
[2025-06-13T03:00:24.514+0000] {logging_mixin.py:190} INFO - [2025-06-13T03:00:24.514+0000] {dag.py:4180} INFO - Setting next_dagrun for fetch_stock_options to 2025-06-13 02:55:00+00:00, run_after=2025-06-13 03:00:00+00:00
[2025-06-13T03:00:24.529+0000] {processor.py:208} INFO - Processing /opt/airflow/dags/fetch_stock_options.py took 0.077 seconds
[2025-06-13T03:00:54.820+0000] {processor.py:186} INFO - Started process (PID=197) to work on /opt/airflow/dags/fetch_stock_options.py
[2025-06-13T03:00:54.820+0000] {processor.py:914} INFO - Processing file /opt/airflow/dags/fetch_stock_options.py for tasks to queue
[2025-06-13T03:00:54.822+0000] {logging_mixin.py:190} INFO - [2025-06-13T03:00:54.822+0000] {dagbag.py:588} INFO - Filling up the DagBag from /opt/airflow/dags/fetch_stock_options.py
[2025-06-13T03:00:54.850+0000] {processor.py:925} INFO - DAG(s) 'fetch_stock_options' retrieved from /opt/airflow/dags/fetch_stock_options.py
[2025-06-13T03:00:54.867+0000] {logging_mixin.py:190} INFO - [2025-06-13T03:00:54.867+0000] {dag.py:3239} INFO - Sync 1 DAGs
[2025-06-13T03:00:54.884+0000] {logging_mixin.py:190} INFO - [2025-06-13T03:00:54.884+0000] {dag.py:4180} INFO - Setting next_dagrun for fetch_stock_options to 2025-06-13 02:55:00+00:00, run_after=2025-06-13 03:00:00+00:00
[2025-06-13T03:00:54.898+0000] {processor.py:208} INFO - Processing /opt/airflow/dags/fetch_stock_options.py took 0.083 seconds
[2025-06-13T03:01:25.225+0000] {processor.py:186} INFO - Started process (PID=202) to work on /opt/airflow/dags/fetch_stock_options.py
[2025-06-13T03:01:25.226+0000] {processor.py:914} INFO - Processing file /opt/airflow/dags/fetch_stock_options.py for tasks to queue
[2025-06-13T03:01:25.228+0000] {logging_mixin.py:190} INFO - [2025-06-13T03:01:25.227+0000] {dagbag.py:588} INFO - Filling up the DagBag from /opt/airflow/dags/fetch_stock_options.py
[2025-06-13T03:01:25.248+0000] {processor.py:925} INFO - DAG(s) 'fetch_stock_options' retrieved from /opt/airflow/dags/fetch_stock_options.py
[2025-06-13T03:01:25.264+0000] {logging_mixin.py:190} INFO - [2025-06-13T03:01:25.264+0000] {dag.py:3239} INFO - Sync 1 DAGs
[2025-06-13T03:01:25.282+0000] {logging_mixin.py:190} INFO - [2025-06-13T03:01:25.282+0000] {dag.py:4180} INFO - Setting next_dagrun for fetch_stock_options to 2025-06-13 02:55:00+00:00, run_after=2025-06-13 03:00:00+00:00
[2025-06-13T03:01:25.298+0000] {processor.py:208} INFO - Processing /opt/airflow/dags/fetch_stock_options.py took 0.077 seconds
[2025-06-13T03:01:55.598+0000] {processor.py:186} INFO - Started process (PID=207) to work on /opt/airflow/dags/fetch_stock_options.py
[2025-06-13T03:01:55.599+0000] {processor.py:914} INFO - Processing file /opt/airflow/dags/fetch_stock_options.py for tasks to queue
[2025-06-13T03:01:55.600+0000] {logging_mixin.py:190} INFO - [2025-06-13T03:01:55.600+0000] {dagbag.py:588} INFO - Filling up the DagBag from /opt/airflow/dags/fetch_stock_options.py
[2025-06-13T03:01:55.616+0000] {processor.py:925} INFO - DAG(s) 'fetch_stock_options' retrieved from /opt/airflow/dags/fetch_stock_options.py
[2025-06-13T03:01:55.632+0000] {logging_mixin.py:190} INFO - [2025-06-13T03:01:55.632+0000] {dag.py:3239} INFO - Sync 1 DAGs
[2025-06-13T03:01:55.649+0000] {logging_mixin.py:190} INFO - [2025-06-13T03:01:55.649+0000] {dag.py:4180} INFO - Setting next_dagrun for fetch_stock_options to 2025-06-13 02:55:00+00:00, run_after=2025-06-13 03:00:00+00:00
[2025-06-13T03:01:55.664+0000] {processor.py:208} INFO - Processing /opt/airflow/dags/fetch_stock_options.py took 0.070 seconds
[2025-06-13T03:02:25.791+0000] {processor.py:186} INFO - Started process (PID=167) to work on /opt/airflow/dags/fetch_stock_options.py
[2025-06-13T03:02:25.792+0000] {processor.py:914} INFO - Processing file /opt/airflow/dags/fetch_stock_options.py for tasks to queue
[2025-06-13T03:02:25.793+0000] {logging_mixin.py:190} INFO - [2025-06-13T03:02:25.793+0000] {dagbag.py:588} INFO - Filling up the DagBag from /opt/airflow/dags/fetch_stock_options.py
[2025-06-13T03:02:25.824+0000] {processor.py:925} INFO - DAG(s) 'fetch_stock_options' retrieved from /opt/airflow/dags/fetch_stock_options.py
[2025-06-13T03:02:25.843+0000] {logging_mixin.py:190} INFO - [2025-06-13T03:02:25.843+0000] {dag.py:3239} INFO - Sync 1 DAGs
[2025-06-13T03:02:25.861+0000] {logging_mixin.py:190} INFO - [2025-06-13T03:02:25.861+0000] {dag.py:4180} INFO - Setting next_dagrun for fetch_stock_options to 2025-06-13 02:55:00+00:00, run_after=2025-06-13 03:00:00+00:00
[2025-06-13T03:02:25.878+0000] {processor.py:208} INFO - Processing /opt/airflow/dags/fetch_stock_options.py took 0.092 seconds
[2025-06-13T12:38:35.952+0000] {processor.py:186} INFO - Started process (PID=167) to work on /opt/airflow/dags/fetch_stock_options.py
[2025-06-13T12:38:35.953+0000] {processor.py:914} INFO - Processing file /opt/airflow/dags/fetch_stock_options.py for tasks to queue
[2025-06-13T12:38:35.955+0000] {logging_mixin.py:190} INFO - [2025-06-13T12:38:35.955+0000] {dagbag.py:588} INFO - Filling up the DagBag from /opt/airflow/dags/fetch_stock_options.py
[2025-06-13T12:38:35.991+0000] {processor.py:925} INFO - DAG(s) 'fetch_stock_options' retrieved from /opt/airflow/dags/fetch_stock_options.py
[2025-06-13T12:38:36.191+0000] {logging_mixin.py:190} INFO - [2025-06-13T12:38:36.191+0000] {override.py:1900} INFO - Created Permission View: can read on DAG:fetch_stock_options
[2025-06-13T12:38:36.197+0000] {logging_mixin.py:190} INFO - [2025-06-13T12:38:36.196+0000] {override.py:1900} INFO - Created Permission View: can edit on DAG:fetch_stock_options
[2025-06-13T12:38:36.203+0000] {logging_mixin.py:190} INFO - [2025-06-13T12:38:36.202+0000] {override.py:1900} INFO - Created Permission View: can delete on DAG:fetch_stock_options
[2025-06-13T12:38:36.209+0000] {logging_mixin.py:190} INFO - [2025-06-13T12:38:36.209+0000] {override.py:1900} INFO - Created Permission View: can read on DAG Run:fetch_stock_options
[2025-06-13T12:38:36.215+0000] {logging_mixin.py:190} INFO - [2025-06-13T12:38:36.215+0000] {override.py:1900} INFO - Created Permission View: menu access on DAG Run:fetch_stock_options
[2025-06-13T12:38:36.220+0000] {logging_mixin.py:190} INFO - [2025-06-13T12:38:36.220+0000] {override.py:1900} INFO - Created Permission View: can create on DAG Run:fetch_stock_options
[2025-06-13T12:38:36.228+0000] {logging_mixin.py:190} INFO - [2025-06-13T12:38:36.228+0000] {override.py:1900} INFO - Created Permission View: can delete on DAG Run:fetch_stock_options
[2025-06-13T12:38:36.229+0000] {logging_mixin.py:190} INFO - [2025-06-13T12:38:36.229+0000] {dag.py:3239} INFO - Sync 1 DAGs
[2025-06-13T12:38:36.242+0000] {logging_mixin.py:190} INFO - [2025-06-13T12:38:36.241+0000] {dag.py:3262} INFO - Creating ORM DAG for fetch_stock_options
[2025-06-13T12:38:36.250+0000] {logging_mixin.py:190} INFO - [2025-06-13T12:38:36.249+0000] {dag.py:4180} INFO - Setting next_dagrun for fetch_stock_options to 2025-06-13 12:30:00+00:00, run_after=2025-06-13 12:35:00+00:00
[2025-06-13T12:38:36.267+0000] {processor.py:208} INFO - Processing /opt/airflow/dags/fetch_stock_options.py took 0.321 seconds
[2025-06-13T12:39:06.593+0000] {processor.py:186} INFO - Started process (PID=172) to work on /opt/airflow/dags/fetch_stock_options.py
[2025-06-13T12:39:06.594+0000] {processor.py:914} INFO - Processing file /opt/airflow/dags/fetch_stock_options.py for tasks to queue
[2025-06-13T12:39:06.597+0000] {logging_mixin.py:190} INFO - [2025-06-13T12:39:06.596+0000] {dagbag.py:588} INFO - Filling up the DagBag from /opt/airflow/dags/fetch_stock_options.py
[2025-06-13T12:39:06.623+0000] {processor.py:925} INFO - DAG(s) 'fetch_stock_options' retrieved from /opt/airflow/dags/fetch_stock_options.py
[2025-06-13T12:39:06.661+0000] {logging_mixin.py:190} INFO - [2025-06-13T12:39:06.660+0000] {dag.py:3239} INFO - Sync 1 DAGs
[2025-06-13T12:39:06.680+0000] {logging_mixin.py:190} INFO - [2025-06-13T12:39:06.679+0000] {dag.py:4180} INFO - Setting next_dagrun for fetch_stock_options to 2025-06-13 12:30:00+00:00, run_after=2025-06-13 12:35:00+00:00
[2025-06-13T12:39:06.695+0000] {processor.py:208} INFO - Processing /opt/airflow/dags/fetch_stock_options.py took 0.113 seconds
[2025-06-13T12:39:36.863+0000] {processor.py:186} INFO - Started process (PID=177) to work on /opt/airflow/dags/fetch_stock_options.py
[2025-06-13T12:39:36.864+0000] {processor.py:914} INFO - Processing file /opt/airflow/dags/fetch_stock_options.py for tasks to queue
[2025-06-13T12:39:36.866+0000] {logging_mixin.py:190} INFO - [2025-06-13T12:39:36.866+0000] {dagbag.py:588} INFO - Filling up the DagBag from /opt/airflow/dags/fetch_stock_options.py
[2025-06-13T12:39:36.899+0000] {processor.py:925} INFO - DAG(s) 'fetch_stock_options' retrieved from /opt/airflow/dags/fetch_stock_options.py
[2025-06-13T12:39:36.926+0000] {logging_mixin.py:190} INFO - [2025-06-13T12:39:36.926+0000] {dag.py:3239} INFO - Sync 1 DAGs
[2025-06-13T12:39:36.948+0000] {logging_mixin.py:190} INFO - [2025-06-13T12:39:36.947+0000] {dag.py:4180} INFO - Setting next_dagrun for fetch_stock_options to 2025-06-13 12:30:00+00:00, run_after=2025-06-13 12:35:00+00:00
[2025-06-13T12:39:36.964+0000] {processor.py:208} INFO - Processing /opt/airflow/dags/fetch_stock_options.py took 0.110 seconds
[2025-06-13T12:40:07.306+0000] {processor.py:186} INFO - Started process (PID=182) to work on /opt/airflow/dags/fetch_stock_options.py
[2025-06-13T12:40:07.307+0000] {processor.py:914} INFO - Processing file /opt/airflow/dags/fetch_stock_options.py for tasks to queue
[2025-06-13T12:40:07.309+0000] {logging_mixin.py:190} INFO - [2025-06-13T12:40:07.309+0000] {dagbag.py:588} INFO - Filling up the DagBag from /opt/airflow/dags/fetch_stock_options.py
[2025-06-13T12:40:07.344+0000] {processor.py:925} INFO - DAG(s) 'fetch_stock_options' retrieved from /opt/airflow/dags/fetch_stock_options.py
[2025-06-13T12:40:07.367+0000] {logging_mixin.py:190} INFO - [2025-06-13T12:40:07.366+0000] {dag.py:3239} INFO - Sync 1 DAGs
[2025-06-13T12:40:07.385+0000] {logging_mixin.py:190} INFO - [2025-06-13T12:40:07.385+0000] {dag.py:4180} INFO - Setting next_dagrun for fetch_stock_options to 2025-06-13 12:35:00+00:00, run_after=2025-06-13 12:40:00+00:00
[2025-06-13T12:40:07.408+0000] {processor.py:208} INFO - Processing /opt/airflow/dags/fetch_stock_options.py took 0.107 seconds
[2025-06-13T12:40:34.344+0000] {processor.py:186} INFO - Started process (PID=167) to work on /opt/airflow/dags/fetch_stock_options.py
[2025-06-13T12:40:34.346+0000] {processor.py:914} INFO - Processing file /opt/airflow/dags/fetch_stock_options.py for tasks to queue
[2025-06-13T12:40:34.347+0000] {logging_mixin.py:190} INFO - [2025-06-13T12:40:34.347+0000] {dagbag.py:588} INFO - Filling up the DagBag from /opt/airflow/dags/fetch_stock_options.py
[2025-06-13T12:40:34.378+0000] {processor.py:925} INFO - DAG(s) 'fetch_stock_options' retrieved from /opt/airflow/dags/fetch_stock_options.py
[2025-06-13T12:40:34.398+0000] {logging_mixin.py:190} INFO - [2025-06-13T12:40:34.397+0000] {dag.py:3239} INFO - Sync 1 DAGs
[2025-06-13T12:40:34.414+0000] {logging_mixin.py:190} INFO - [2025-06-13T12:40:34.414+0000] {dag.py:4180} INFO - Setting next_dagrun for fetch_stock_options to 2025-06-13 12:35:00+00:00, run_after=2025-06-13 12:40:00+00:00
[2025-06-13T12:40:34.430+0000] {processor.py:208} INFO - Processing /opt/airflow/dags/fetch_stock_options.py took 0.091 seconds
[2025-06-13T12:41:04.670+0000] {processor.py:186} INFO - Started process (PID=172) to work on /opt/airflow/dags/fetch_stock_options.py
[2025-06-13T12:41:04.672+0000] {processor.py:914} INFO - Processing file /opt/airflow/dags/fetch_stock_options.py for tasks to queue
[2025-06-13T12:41:04.676+0000] {logging_mixin.py:190} INFO - [2025-06-13T12:41:04.676+0000] {dagbag.py:588} INFO - Filling up the DagBag from /opt/airflow/dags/fetch_stock_options.py
[2025-06-13T12:41:04.717+0000] {processor.py:925} INFO - DAG(s) 'fetch_stock_options' retrieved from /opt/airflow/dags/fetch_stock_options.py
[2025-06-13T12:41:04.735+0000] {logging_mixin.py:190} INFO - [2025-06-13T12:41:04.735+0000] {dag.py:3239} INFO - Sync 1 DAGs
[2025-06-13T12:41:04.751+0000] {logging_mixin.py:190} INFO - [2025-06-13T12:41:04.751+0000] {dag.py:4180} INFO - Setting next_dagrun for fetch_stock_options to 2025-06-13 12:35:00+00:00, run_after=2025-06-13 12:40:00+00:00
[2025-06-13T12:41:04.782+0000] {processor.py:208} INFO - Processing /opt/airflow/dags/fetch_stock_options.py took 0.121 seconds
[2025-06-13T12:41:35.056+0000] {processor.py:186} INFO - Started process (PID=177) to work on /opt/airflow/dags/fetch_stock_options.py
[2025-06-13T12:41:35.057+0000] {processor.py:914} INFO - Processing file /opt/airflow/dags/fetch_stock_options.py for tasks to queue
[2025-06-13T12:41:35.063+0000] {logging_mixin.py:190} INFO - [2025-06-13T12:41:35.062+0000] {dagbag.py:588} INFO - Filling up the DagBag from /opt/airflow/dags/fetch_stock_options.py
[2025-06-13T12:41:35.111+0000] {processor.py:925} INFO - DAG(s) 'fetch_stock_options' retrieved from /opt/airflow/dags/fetch_stock_options.py
[2025-06-13T12:41:35.145+0000] {logging_mixin.py:190} INFO - [2025-06-13T12:41:35.144+0000] {dag.py:3239} INFO - Sync 1 DAGs
[2025-06-13T12:41:35.174+0000] {logging_mixin.py:190} INFO - [2025-06-13T12:41:35.174+0000] {dag.py:4180} INFO - Setting next_dagrun for fetch_stock_options to 2025-06-13 12:35:00+00:00, run_after=2025-06-13 12:40:00+00:00
[2025-06-13T12:41:35.199+0000] {processor.py:208} INFO - Processing /opt/airflow/dags/fetch_stock_options.py took 0.152 seconds
[2025-06-13T12:42:05.435+0000] {processor.py:186} INFO - Started process (PID=182) to work on /opt/airflow/dags/fetch_stock_options.py
[2025-06-13T12:42:05.436+0000] {processor.py:914} INFO - Processing file /opt/airflow/dags/fetch_stock_options.py for tasks to queue
[2025-06-13T12:42:05.440+0000] {logging_mixin.py:190} INFO - [2025-06-13T12:42:05.440+0000] {dagbag.py:588} INFO - Filling up the DagBag from /opt/airflow/dags/fetch_stock_options.py
[2025-06-13T12:42:05.469+0000] {processor.py:925} INFO - DAG(s) 'fetch_stock_options' retrieved from /opt/airflow/dags/fetch_stock_options.py
[2025-06-13T12:42:05.500+0000] {logging_mixin.py:190} INFO - [2025-06-13T12:42:05.500+0000] {dag.py:3239} INFO - Sync 1 DAGs
[2025-06-13T12:42:05.519+0000] {logging_mixin.py:190} INFO - [2025-06-13T12:42:05.519+0000] {dag.py:4180} INFO - Setting next_dagrun for fetch_stock_options to 2025-06-13 12:35:00+00:00, run_after=2025-06-13 12:40:00+00:00
[2025-06-13T12:42:05.538+0000] {processor.py:208} INFO - Processing /opt/airflow/dags/fetch_stock_options.py took 0.111 seconds
[2025-06-13T12:42:35.819+0000] {processor.py:186} INFO - Started process (PID=187) to work on /opt/airflow/dags/fetch_stock_options.py
[2025-06-13T12:42:35.820+0000] {processor.py:914} INFO - Processing file /opt/airflow/dags/fetch_stock_options.py for tasks to queue
[2025-06-13T12:42:35.822+0000] {logging_mixin.py:190} INFO - [2025-06-13T12:42:35.822+0000] {dagbag.py:588} INFO - Filling up the DagBag from /opt/airflow/dags/fetch_stock_options.py
[2025-06-13T12:42:35.849+0000] {processor.py:925} INFO - DAG(s) 'fetch_stock_options' retrieved from /opt/airflow/dags/fetch_stock_options.py
[2025-06-13T12:42:35.868+0000] {logging_mixin.py:190} INFO - [2025-06-13T12:42:35.867+0000] {dag.py:3239} INFO - Sync 1 DAGs
[2025-06-13T12:42:35.890+0000] {logging_mixin.py:190} INFO - [2025-06-13T12:42:35.890+0000] {dag.py:4180} INFO - Setting next_dagrun for fetch_stock_options to 2025-06-13 12:35:00+00:00, run_after=2025-06-13 12:40:00+00:00
[2025-06-13T12:42:35.908+0000] {processor.py:208} INFO - Processing /opt/airflow/dags/fetch_stock_options.py took 0.093 seconds
[2025-06-13T12:43:06.146+0000] {processor.py:186} INFO - Started process (PID=192) to work on /opt/airflow/dags/fetch_stock_options.py
[2025-06-13T12:43:06.147+0000] {processor.py:914} INFO - Processing file /opt/airflow/dags/fetch_stock_options.py for tasks to queue
[2025-06-13T12:43:06.148+0000] {logging_mixin.py:190} INFO - [2025-06-13T12:43:06.148+0000] {dagbag.py:588} INFO - Filling up the DagBag from /opt/airflow/dags/fetch_stock_options.py
[2025-06-13T12:43:06.166+0000] {processor.py:925} INFO - DAG(s) 'fetch_stock_options' retrieved from /opt/airflow/dags/fetch_stock_options.py
[2025-06-13T12:43:06.184+0000] {logging_mixin.py:190} INFO - [2025-06-13T12:43:06.184+0000] {dag.py:3239} INFO - Sync 1 DAGs
[2025-06-13T12:43:06.202+0000] {logging_mixin.py:190} INFO - [2025-06-13T12:43:06.202+0000] {dag.py:4180} INFO - Setting next_dagrun for fetch_stock_options to 2025-06-13 12:35:00+00:00, run_after=2025-06-13 12:40:00+00:00
[2025-06-13T12:43:06.219+0000] {processor.py:208} INFO - Processing /opt/airflow/dags/fetch_stock_options.py took 0.077 seconds
[2025-06-13T12:43:36.548+0000] {processor.py:186} INFO - Started process (PID=197) to work on /opt/airflow/dags/fetch_stock_options.py
[2025-06-13T12:43:36.549+0000] {processor.py:914} INFO - Processing file /opt/airflow/dags/fetch_stock_options.py for tasks to queue
[2025-06-13T12:43:36.551+0000] {logging_mixin.py:190} INFO - [2025-06-13T12:43:36.551+0000] {dagbag.py:588} INFO - Filling up the DagBag from /opt/airflow/dags/fetch_stock_options.py
[2025-06-13T12:43:36.580+0000] {processor.py:925} INFO - DAG(s) 'fetch_stock_options' retrieved from /opt/airflow/dags/fetch_stock_options.py
[2025-06-13T12:43:36.600+0000] {logging_mixin.py:190} INFO - [2025-06-13T12:43:36.599+0000] {dag.py:3239} INFO - Sync 1 DAGs
[2025-06-13T12:43:36.618+0000] {logging_mixin.py:190} INFO - [2025-06-13T12:43:36.617+0000] {dag.py:4180} INFO - Setting next_dagrun for fetch_stock_options to 2025-06-13 12:35:00+00:00, run_after=2025-06-13 12:40:00+00:00
[2025-06-13T12:43:36.634+0000] {processor.py:208} INFO - Processing /opt/airflow/dags/fetch_stock_options.py took 0.091 seconds
[2025-06-13T12:44:06.838+0000] {processor.py:186} INFO - Started process (PID=202) to work on /opt/airflow/dags/fetch_stock_options.py
[2025-06-13T12:44:06.840+0000] {processor.py:914} INFO - Processing file /opt/airflow/dags/fetch_stock_options.py for tasks to queue
[2025-06-13T12:44:06.843+0000] {logging_mixin.py:190} INFO - [2025-06-13T12:44:06.842+0000] {dagbag.py:588} INFO - Filling up the DagBag from /opt/airflow/dags/fetch_stock_options.py
[2025-06-13T12:44:06.880+0000] {processor.py:925} INFO - DAG(s) 'fetch_stock_options' retrieved from /opt/airflow/dags/fetch_stock_options.py
[2025-06-13T12:44:06.898+0000] {logging_mixin.py:190} INFO - [2025-06-13T12:44:06.898+0000] {dag.py:3239} INFO - Sync 1 DAGs
[2025-06-13T12:44:06.918+0000] {logging_mixin.py:190} INFO - [2025-06-13T12:44:06.917+0000] {dag.py:4180} INFO - Setting next_dagrun for fetch_stock_options to 2025-06-13 12:35:00+00:00, run_after=2025-06-13 12:40:00+00:00
[2025-06-13T12:44:06.933+0000] {processor.py:208} INFO - Processing /opt/airflow/dags/fetch_stock_options.py took 0.101 seconds
[2025-06-13T12:44:37.224+0000] {processor.py:186} INFO - Started process (PID=207) to work on /opt/airflow/dags/fetch_stock_options.py
[2025-06-13T12:44:37.225+0000] {processor.py:914} INFO - Processing file /opt/airflow/dags/fetch_stock_options.py for tasks to queue
[2025-06-13T12:44:37.227+0000] {logging_mixin.py:190} INFO - [2025-06-13T12:44:37.227+0000] {dagbag.py:588} INFO - Filling up the DagBag from /opt/airflow/dags/fetch_stock_options.py
[2025-06-13T12:44:37.254+0000] {processor.py:925} INFO - DAG(s) 'fetch_stock_options' retrieved from /opt/airflow/dags/fetch_stock_options.py
[2025-06-13T12:44:37.273+0000] {logging_mixin.py:190} INFO - [2025-06-13T12:44:37.273+0000] {dag.py:3239} INFO - Sync 1 DAGs
[2025-06-13T12:44:37.294+0000] {logging_mixin.py:190} INFO - [2025-06-13T12:44:37.294+0000] {dag.py:4180} INFO - Setting next_dagrun for fetch_stock_options to 2025-06-13 12:35:00+00:00, run_after=2025-06-13 12:40:00+00:00
[2025-06-13T12:44:37.311+0000] {processor.py:208} INFO - Processing /opt/airflow/dags/fetch_stock_options.py took 0.091 seconds
[2025-06-13T12:45:07.606+0000] {processor.py:186} INFO - Started process (PID=212) to work on /opt/airflow/dags/fetch_stock_options.py
[2025-06-13T12:45:07.607+0000] {processor.py:914} INFO - Processing file /opt/airflow/dags/fetch_stock_options.py for tasks to queue
[2025-06-13T12:45:07.613+0000] {logging_mixin.py:190} INFO - [2025-06-13T12:45:07.612+0000] {dagbag.py:588} INFO - Filling up the DagBag from /opt/airflow/dags/fetch_stock_options.py
[2025-06-13T12:45:07.659+0000] {processor.py:925} INFO - DAG(s) 'fetch_stock_options' retrieved from /opt/airflow/dags/fetch_stock_options.py
[2025-06-13T12:45:07.685+0000] {logging_mixin.py:190} INFO - [2025-06-13T12:45:07.684+0000] {dag.py:3239} INFO - Sync 1 DAGs
[2025-06-13T12:45:07.703+0000] {logging_mixin.py:190} INFO - [2025-06-13T12:45:07.702+0000] {dag.py:4180} INFO - Setting next_dagrun for fetch_stock_options to 2025-06-13 12:40:00+00:00, run_after=2025-06-13 12:45:00+00:00
[2025-06-13T12:45:07.720+0000] {processor.py:208} INFO - Processing /opt/airflow/dags/fetch_stock_options.py took 0.125 seconds
[2025-06-13T12:45:38.035+0000] {processor.py:186} INFO - Started process (PID=217) to work on /opt/airflow/dags/fetch_stock_options.py
[2025-06-13T12:45:38.036+0000] {processor.py:914} INFO - Processing file /opt/airflow/dags/fetch_stock_options.py for tasks to queue
[2025-06-13T12:45:38.038+0000] {logging_mixin.py:190} INFO - [2025-06-13T12:45:38.038+0000] {dagbag.py:588} INFO - Filling up the DagBag from /opt/airflow/dags/fetch_stock_options.py
[2025-06-13T12:45:38.056+0000] {processor.py:925} INFO - DAG(s) 'fetch_stock_options' retrieved from /opt/airflow/dags/fetch_stock_options.py
[2025-06-13T12:45:38.073+0000] {logging_mixin.py:190} INFO - [2025-06-13T12:45:38.072+0000] {dag.py:3239} INFO - Sync 1 DAGs
[2025-06-13T12:45:38.088+0000] {logging_mixin.py:190} INFO - [2025-06-13T12:45:38.088+0000] {dag.py:4180} INFO - Setting next_dagrun for fetch_stock_options to 2025-06-13 12:40:00+00:00, run_after=2025-06-13 12:45:00+00:00
[2025-06-13T12:45:38.103+0000] {processor.py:208} INFO - Processing /opt/airflow/dags/fetch_stock_options.py took 0.074 seconds
[2025-06-13T12:46:08.350+0000] {processor.py:186} INFO - Started process (PID=222) to work on /opt/airflow/dags/fetch_stock_options.py
[2025-06-13T12:46:08.351+0000] {processor.py:914} INFO - Processing file /opt/airflow/dags/fetch_stock_options.py for tasks to queue
[2025-06-13T12:46:08.354+0000] {logging_mixin.py:190} INFO - [2025-06-13T12:46:08.354+0000] {dagbag.py:588} INFO - Filling up the DagBag from /opt/airflow/dags/fetch_stock_options.py
[2025-06-13T12:46:08.391+0000] {processor.py:925} INFO - DAG(s) 'fetch_stock_options' retrieved from /opt/airflow/dags/fetch_stock_options.py
[2025-06-13T12:46:08.411+0000] {logging_mixin.py:190} INFO - [2025-06-13T12:46:08.411+0000] {dag.py:3239} INFO - Sync 1 DAGs
[2025-06-13T12:46:08.429+0000] {logging_mixin.py:190} INFO - [2025-06-13T12:46:08.429+0000] {dag.py:4180} INFO - Setting next_dagrun for fetch_stock_options to 2025-06-13 12:40:00+00:00, run_after=2025-06-13 12:45:00+00:00
[2025-06-13T12:46:08.445+0000] {processor.py:208} INFO - Processing /opt/airflow/dags/fetch_stock_options.py took 0.104 seconds
[2025-06-13T12:46:38.773+0000] {processor.py:186} INFO - Started process (PID=227) to work on /opt/airflow/dags/fetch_stock_options.py
[2025-06-13T12:46:38.774+0000] {processor.py:914} INFO - Processing file /opt/airflow/dags/fetch_stock_options.py for tasks to queue
[2025-06-13T12:46:38.776+0000] {logging_mixin.py:190} INFO - [2025-06-13T12:46:38.776+0000] {dagbag.py:588} INFO - Filling up the DagBag from /opt/airflow/dags/fetch_stock_options.py
[2025-06-13T12:46:38.791+0000] {processor.py:925} INFO - DAG(s) 'fetch_stock_options' retrieved from /opt/airflow/dags/fetch_stock_options.py
[2025-06-13T12:46:38.808+0000] {logging_mixin.py:190} INFO - [2025-06-13T12:46:38.808+0000] {dag.py:3239} INFO - Sync 1 DAGs
[2025-06-13T12:46:38.823+0000] {logging_mixin.py:190} INFO - [2025-06-13T12:46:38.823+0000] {dag.py:4180} INFO - Setting next_dagrun for fetch_stock_options to 2025-06-13 12:40:00+00:00, run_after=2025-06-13 12:45:00+00:00
[2025-06-13T12:46:38.837+0000] {processor.py:208} INFO - Processing /opt/airflow/dags/fetch_stock_options.py took 0.068 seconds
[2025-06-13T12:47:09.159+0000] {processor.py:186} INFO - Started process (PID=232) to work on /opt/airflow/dags/fetch_stock_options.py
[2025-06-13T12:47:09.161+0000] {processor.py:914} INFO - Processing file /opt/airflow/dags/fetch_stock_options.py for tasks to queue
[2025-06-13T12:47:09.164+0000] {logging_mixin.py:190} INFO - [2025-06-13T12:47:09.163+0000] {dagbag.py:588} INFO - Filling up the DagBag from /opt/airflow/dags/fetch_stock_options.py
[2025-06-13T12:47:09.199+0000] {processor.py:925} INFO - DAG(s) 'fetch_stock_options' retrieved from /opt/airflow/dags/fetch_stock_options.py
[2025-06-13T12:47:09.217+0000] {logging_mixin.py:190} INFO - [2025-06-13T12:47:09.217+0000] {dag.py:3239} INFO - Sync 1 DAGs
[2025-06-13T12:47:09.235+0000] {logging_mixin.py:190} INFO - [2025-06-13T12:47:09.235+0000] {dag.py:4180} INFO - Setting next_dagrun for fetch_stock_options to 2025-06-13 12:40:00+00:00, run_after=2025-06-13 12:45:00+00:00
[2025-06-13T12:47:09.250+0000] {processor.py:208} INFO - Processing /opt/airflow/dags/fetch_stock_options.py took 0.101 seconds
[2025-06-13T12:47:55.361+0000] {processor.py:186} INFO - Started process (PID=237) to work on /opt/airflow/dags/fetch_stock_options.py
[2025-06-13T12:47:56.476+0000] {processor.py:914} INFO - Processing file /opt/airflow/dags/fetch_stock_options.py for tasks to queue
[2025-06-13T12:47:56.499+0000] {logging_mixin.py:190} INFO - [2025-06-13T12:47:56.499+0000] {dagbag.py:588} INFO - Filling up the DagBag from /opt/airflow/dags/fetch_stock_options.py
[2025-06-13T12:47:59.740+0000] {processor.py:925} INFO - DAG(s) 'fetch_stock_options' retrieved from /opt/airflow/dags/fetch_stock_options.py
[2025-06-13T12:47:59.774+0000] {logging_mixin.py:190} INFO - [2025-06-13T12:47:59.773+0000] {dag.py:3239} INFO - Sync 1 DAGs
[2025-06-13T12:47:59.802+0000] {logging_mixin.py:190} INFO - [2025-06-13T12:47:59.802+0000] {dag.py:4180} INFO - Setting next_dagrun for fetch_stock_options to 2025-06-13 12:40:00+00:00, run_after=2025-06-13 12:45:00+00:00
[2025-06-13T12:48:00.129+0000] {processor.py:208} INFO - Processing /opt/airflow/dags/fetch_stock_options.py took 4.781 seconds
[2025-06-13T12:48:31.098+0000] {processor.py:186} INFO - Started process (PID=242) to work on /opt/airflow/dags/fetch_stock_options.py
[2025-06-13T12:48:31.101+0000] {processor.py:914} INFO - Processing file /opt/airflow/dags/fetch_stock_options.py for tasks to queue
[2025-06-13T12:48:31.103+0000] {logging_mixin.py:190} INFO - [2025-06-13T12:48:31.103+0000] {dagbag.py:588} INFO - Filling up the DagBag from /opt/airflow/dags/fetch_stock_options.py
[2025-06-13T12:48:31.160+0000] {processor.py:925} INFO - DAG(s) 'fetch_stock_options' retrieved from /opt/airflow/dags/fetch_stock_options.py
[2025-06-13T12:48:31.185+0000] {logging_mixin.py:190} INFO - [2025-06-13T12:48:31.185+0000] {dag.py:3239} INFO - Sync 1 DAGs
[2025-06-13T12:48:31.208+0000] {logging_mixin.py:190} INFO - [2025-06-13T12:48:31.208+0000] {dag.py:4180} INFO - Setting next_dagrun for fetch_stock_options to 2025-06-13 12:40:00+00:00, run_after=2025-06-13 12:45:00+00:00
[2025-06-13T12:48:31.231+0000] {processor.py:208} INFO - Processing /opt/airflow/dags/fetch_stock_options.py took 0.139 seconds
[2025-06-13T12:49:01.613+0000] {processor.py:186} INFO - Started process (PID=247) to work on /opt/airflow/dags/fetch_stock_options.py
[2025-06-13T12:49:01.614+0000] {processor.py:914} INFO - Processing file /opt/airflow/dags/fetch_stock_options.py for tasks to queue
[2025-06-13T12:49:01.616+0000] {logging_mixin.py:190} INFO - [2025-06-13T12:49:01.616+0000] {dagbag.py:588} INFO - Filling up the DagBag from /opt/airflow/dags/fetch_stock_options.py
[2025-06-13T12:49:01.634+0000] {processor.py:925} INFO - DAG(s) 'fetch_stock_options' retrieved from /opt/airflow/dags/fetch_stock_options.py
[2025-06-13T12:49:01.654+0000] {logging_mixin.py:190} INFO - [2025-06-13T12:49:01.654+0000] {dag.py:3239} INFO - Sync 1 DAGs
[2025-06-13T12:49:01.671+0000] {logging_mixin.py:190} INFO - [2025-06-13T12:49:01.671+0000] {dag.py:4180} INFO - Setting next_dagrun for fetch_stock_options to 2025-06-13 12:40:00+00:00, run_after=2025-06-13 12:45:00+00:00
[2025-06-13T12:49:01.687+0000] {processor.py:208} INFO - Processing /opt/airflow/dags/fetch_stock_options.py took 0.079 seconds
[2025-06-13T12:49:31.923+0000] {processor.py:186} INFO - Started process (PID=252) to work on /opt/airflow/dags/fetch_stock_options.py
[2025-06-13T12:49:31.924+0000] {processor.py:914} INFO - Processing file /opt/airflow/dags/fetch_stock_options.py for tasks to queue
[2025-06-13T12:49:31.926+0000] {logging_mixin.py:190} INFO - [2025-06-13T12:49:31.926+0000] {dagbag.py:588} INFO - Filling up the DagBag from /opt/airflow/dags/fetch_stock_options.py
[2025-06-13T12:49:31.945+0000] {processor.py:925} INFO - DAG(s) 'fetch_stock_options' retrieved from /opt/airflow/dags/fetch_stock_options.py
[2025-06-13T12:49:31.963+0000] {logging_mixin.py:190} INFO - [2025-06-13T12:49:31.963+0000] {dag.py:3239} INFO - Sync 1 DAGs
[2025-06-13T12:49:31.982+0000] {logging_mixin.py:190} INFO - [2025-06-13T12:49:31.982+0000] {dag.py:4180} INFO - Setting next_dagrun for fetch_stock_options to 2025-06-13 12:40:00+00:00, run_after=2025-06-13 12:45:00+00:00
[2025-06-13T12:49:31.997+0000] {processor.py:208} INFO - Processing /opt/airflow/dags/fetch_stock_options.py took 0.079 seconds
[2025-06-13T12:50:02.346+0000] {processor.py:186} INFO - Started process (PID=257) to work on /opt/airflow/dags/fetch_stock_options.py
[2025-06-13T12:50:02.348+0000] {processor.py:914} INFO - Processing file /opt/airflow/dags/fetch_stock_options.py for tasks to queue
[2025-06-13T12:50:02.350+0000] {logging_mixin.py:190} INFO - [2025-06-13T12:50:02.349+0000] {dagbag.py:588} INFO - Filling up the DagBag from /opt/airflow/dags/fetch_stock_options.py
[2025-06-13T12:50:02.367+0000] {processor.py:925} INFO - DAG(s) 'fetch_stock_options' retrieved from /opt/airflow/dags/fetch_stock_options.py
[2025-06-13T12:50:02.386+0000] {logging_mixin.py:190} INFO - [2025-06-13T12:50:02.385+0000] {dag.py:3239} INFO - Sync 1 DAGs
[2025-06-13T12:50:02.404+0000] {logging_mixin.py:190} INFO - [2025-06-13T12:50:02.404+0000] {dag.py:4180} INFO - Setting next_dagrun for fetch_stock_options to 2025-06-13 12:45:00+00:00, run_after=2025-06-13 12:50:00+00:00
[2025-06-13T12:50:02.420+0000] {processor.py:208} INFO - Processing /opt/airflow/dags/fetch_stock_options.py took 0.079 seconds
[2025-06-13T12:50:32.642+0000] {processor.py:186} INFO - Started process (PID=262) to work on /opt/airflow/dags/fetch_stock_options.py
[2025-06-13T12:50:32.643+0000] {processor.py:914} INFO - Processing file /opt/airflow/dags/fetch_stock_options.py for tasks to queue
[2025-06-13T12:50:32.645+0000] {logging_mixin.py:190} INFO - [2025-06-13T12:50:32.644+0000] {dagbag.py:588} INFO - Filling up the DagBag from /opt/airflow/dags/fetch_stock_options.py
[2025-06-13T12:50:32.662+0000] {processor.py:925} INFO - DAG(s) 'fetch_stock_options' retrieved from /opt/airflow/dags/fetch_stock_options.py
[2025-06-13T12:50:32.679+0000] {logging_mixin.py:190} INFO - [2025-06-13T12:50:32.679+0000] {dag.py:3239} INFO - Sync 1 DAGs
[2025-06-13T12:50:32.696+0000] {logging_mixin.py:190} INFO - [2025-06-13T12:50:32.696+0000] {dag.py:4180} INFO - Setting next_dagrun for fetch_stock_options to 2025-06-13 12:45:00+00:00, run_after=2025-06-13 12:50:00+00:00
[2025-06-13T12:50:32.712+0000] {processor.py:208} INFO - Processing /opt/airflow/dags/fetch_stock_options.py took 0.075 seconds
[2025-06-13T12:51:03.040+0000] {processor.py:186} INFO - Started process (PID=267) to work on /opt/airflow/dags/fetch_stock_options.py
[2025-06-13T12:51:03.041+0000] {processor.py:914} INFO - Processing file /opt/airflow/dags/fetch_stock_options.py for tasks to queue
[2025-06-13T12:51:03.043+0000] {logging_mixin.py:190} INFO - [2025-06-13T12:51:03.043+0000] {dagbag.py:588} INFO - Filling up the DagBag from /opt/airflow/dags/fetch_stock_options.py
[2025-06-13T12:51:03.063+0000] {processor.py:925} INFO - DAG(s) 'fetch_stock_options' retrieved from /opt/airflow/dags/fetch_stock_options.py
[2025-06-13T12:51:03.081+0000] {logging_mixin.py:190} INFO - [2025-06-13T12:51:03.081+0000] {dag.py:3239} INFO - Sync 1 DAGs
[2025-06-13T12:51:03.098+0000] {logging_mixin.py:190} INFO - [2025-06-13T12:51:03.098+0000] {dag.py:4180} INFO - Setting next_dagrun for fetch_stock_options to 2025-06-13 12:45:00+00:00, run_after=2025-06-13 12:50:00+00:00
[2025-06-13T12:51:03.115+0000] {processor.py:208} INFO - Processing /opt/airflow/dags/fetch_stock_options.py took 0.080 seconds
[2025-06-13T12:51:33.315+0000] {processor.py:186} INFO - Started process (PID=272) to work on /opt/airflow/dags/fetch_stock_options.py
[2025-06-13T12:51:33.316+0000] {processor.py:914} INFO - Processing file /opt/airflow/dags/fetch_stock_options.py for tasks to queue
[2025-06-13T12:51:33.318+0000] {logging_mixin.py:190} INFO - [2025-06-13T12:51:33.318+0000] {dagbag.py:588} INFO - Filling up the DagBag from /opt/airflow/dags/fetch_stock_options.py
[2025-06-13T12:51:33.336+0000] {processor.py:925} INFO - DAG(s) 'fetch_stock_options' retrieved from /opt/airflow/dags/fetch_stock_options.py
[2025-06-13T12:51:33.353+0000] {logging_mixin.py:190} INFO - [2025-06-13T12:51:33.353+0000] {dag.py:3239} INFO - Sync 1 DAGs
[2025-06-13T12:51:33.369+0000] {logging_mixin.py:190} INFO - [2025-06-13T12:51:33.369+0000] {dag.py:4180} INFO - Setting next_dagrun for fetch_stock_options to 2025-06-13 12:45:00+00:00, run_after=2025-06-13 12:50:00+00:00
[2025-06-13T12:51:33.385+0000] {processor.py:208} INFO - Processing /opt/airflow/dags/fetch_stock_options.py took 0.074 seconds
[2025-06-13T12:52:03.732+0000] {processor.py:186} INFO - Started process (PID=277) to work on /opt/airflow/dags/fetch_stock_options.py
[2025-06-13T12:52:03.733+0000] {processor.py:914} INFO - Processing file /opt/airflow/dags/fetch_stock_options.py for tasks to queue
[2025-06-13T12:52:03.735+0000] {logging_mixin.py:190} INFO - [2025-06-13T12:52:03.735+0000] {dagbag.py:588} INFO - Filling up the DagBag from /opt/airflow/dags/fetch_stock_options.py
[2025-06-13T12:52:03.752+0000] {processor.py:925} INFO - DAG(s) 'fetch_stock_options' retrieved from /opt/airflow/dags/fetch_stock_options.py
[2025-06-13T12:52:03.769+0000] {logging_mixin.py:190} INFO - [2025-06-13T12:52:03.769+0000] {dag.py:3239} INFO - Sync 1 DAGs
[2025-06-13T12:52:03.785+0000] {logging_mixin.py:190} INFO - [2025-06-13T12:52:03.785+0000] {dag.py:4180} INFO - Setting next_dagrun for fetch_stock_options to 2025-06-13 12:45:00+00:00, run_after=2025-06-13 12:50:00+00:00
[2025-06-13T12:52:03.800+0000] {processor.py:208} INFO - Processing /opt/airflow/dags/fetch_stock_options.py took 0.072 seconds
[2025-06-13T12:52:34.082+0000] {processor.py:186} INFO - Started process (PID=282) to work on /opt/airflow/dags/fetch_stock_options.py
[2025-06-13T12:52:34.083+0000] {processor.py:914} INFO - Processing file /opt/airflow/dags/fetch_stock_options.py for tasks to queue
[2025-06-13T12:52:34.084+0000] {logging_mixin.py:190} INFO - [2025-06-13T12:52:34.084+0000] {dagbag.py:588} INFO - Filling up the DagBag from /opt/airflow/dags/fetch_stock_options.py
[2025-06-13T12:52:34.115+0000] {processor.py:925} INFO - DAG(s) 'fetch_stock_options' retrieved from /opt/airflow/dags/fetch_stock_options.py
[2025-06-13T12:52:34.133+0000] {logging_mixin.py:190} INFO - [2025-06-13T12:52:34.133+0000] {dag.py:3239} INFO - Sync 1 DAGs
[2025-06-13T12:52:34.149+0000] {logging_mixin.py:190} INFO - [2025-06-13T12:52:34.149+0000] {dag.py:4180} INFO - Setting next_dagrun for fetch_stock_options to 2025-06-13 12:45:00+00:00, run_after=2025-06-13 12:50:00+00:00
[2025-06-13T12:52:34.165+0000] {processor.py:208} INFO - Processing /opt/airflow/dags/fetch_stock_options.py took 0.089 seconds
[2025-06-13T18:15:59.329+0000] {processor.py:186} INFO - Started process (PID=168) to work on /opt/airflow/dags/fetch_stock_options.py
[2025-06-13T18:15:59.330+0000] {processor.py:914} INFO - Processing file /opt/airflow/dags/fetch_stock_options.py for tasks to queue
[2025-06-13T18:15:59.333+0000] {logging_mixin.py:190} INFO - [2025-06-13T18:15:59.332+0000] {dagbag.py:588} INFO - Filling up the DagBag from /opt/airflow/dags/fetch_stock_options.py
[2025-06-13T18:15:59.382+0000] {processor.py:925} INFO - DAG(s) 'fetch_stock_options' retrieved from /opt/airflow/dags/fetch_stock_options.py
[2025-06-13T18:15:59.604+0000] {logging_mixin.py:190} INFO - [2025-06-13T18:15:59.603+0000] {override.py:1900} INFO - Created Permission View: can edit on DAG:fetch_stock_options
[2025-06-13T18:15:59.616+0000] {logging_mixin.py:190} INFO - [2025-06-13T18:15:59.616+0000] {override.py:1900} INFO - Created Permission View: can read on DAG:fetch_stock_options
[2025-06-13T18:15:59.627+0000] {logging_mixin.py:190} INFO - [2025-06-13T18:15:59.627+0000] {override.py:1900} INFO - Created Permission View: can delete on DAG:fetch_stock_options
[2025-06-13T18:15:59.641+0000] {logging_mixin.py:190} INFO - [2025-06-13T18:15:59.641+0000] {override.py:1900} INFO - Created Permission View: can read on DAG Run:fetch_stock_options
[2025-06-13T18:15:59.653+0000] {logging_mixin.py:190} INFO - [2025-06-13T18:15:59.652+0000] {override.py:1900} INFO - Created Permission View: menu access on DAG Run:fetch_stock_options
[2025-06-13T18:15:59.664+0000] {logging_mixin.py:190} INFO - [2025-06-13T18:15:59.664+0000] {override.py:1900} INFO - Created Permission View: can delete on DAG Run:fetch_stock_options
[2025-06-13T18:15:59.674+0000] {logging_mixin.py:190} INFO - [2025-06-13T18:15:59.673+0000] {override.py:1900} INFO - Created Permission View: can create on DAG Run:fetch_stock_options
[2025-06-13T18:15:59.674+0000] {logging_mixin.py:190} INFO - [2025-06-13T18:15:59.674+0000] {dag.py:3239} INFO - Sync 1 DAGs
[2025-06-13T18:15:59.696+0000] {logging_mixin.py:190} INFO - [2025-06-13T18:15:59.696+0000] {dag.py:3262} INFO - Creating ORM DAG for fetch_stock_options
[2025-06-13T18:15:59.709+0000] {logging_mixin.py:190} INFO - [2025-06-13T18:15:59.709+0000] {dag.py:4180} INFO - Setting next_dagrun for fetch_stock_options to 2025-06-13 18:10:00+00:00, run_after=2025-06-13 18:15:00+00:00
[2025-06-13T18:15:59.734+0000] {processor.py:208} INFO - Processing /opt/airflow/dags/fetch_stock_options.py took 0.416 seconds
[2025-06-13T18:16:30.105+0000] {processor.py:186} INFO - Started process (PID=179) to work on /opt/airflow/dags/fetch_stock_options.py
[2025-06-13T18:16:30.106+0000] {processor.py:914} INFO - Processing file /opt/airflow/dags/fetch_stock_options.py for tasks to queue
[2025-06-13T18:16:30.108+0000] {logging_mixin.py:190} INFO - [2025-06-13T18:16:30.108+0000] {dagbag.py:588} INFO - Filling up the DagBag from /opt/airflow/dags/fetch_stock_options.py
[2025-06-13T18:16:30.128+0000] {processor.py:925} INFO - DAG(s) 'fetch_stock_options' retrieved from /opt/airflow/dags/fetch_stock_options.py
[2025-06-13T18:16:30.164+0000] {logging_mixin.py:190} INFO - [2025-06-13T18:16:30.164+0000] {dag.py:3239} INFO - Sync 1 DAGs
[2025-06-13T18:16:30.200+0000] {logging_mixin.py:190} INFO - [2025-06-13T18:16:30.200+0000] {dag.py:4180} INFO - Setting next_dagrun for fetch_stock_options to 2025-06-13 18:10:00+00:00, run_after=2025-06-13 18:15:00+00:00
[2025-06-13T18:16:30.226+0000] {processor.py:208} INFO - Processing /opt/airflow/dags/fetch_stock_options.py took 0.130 seconds
[2025-06-13T18:17:00.459+0000] {processor.py:186} INFO - Started process (PID=184) to work on /opt/airflow/dags/fetch_stock_options.py
[2025-06-13T18:17:00.460+0000] {processor.py:914} INFO - Processing file /opt/airflow/dags/fetch_stock_options.py for tasks to queue
[2025-06-13T18:17:00.462+0000] {logging_mixin.py:190} INFO - [2025-06-13T18:17:00.461+0000] {dagbag.py:588} INFO - Filling up the DagBag from /opt/airflow/dags/fetch_stock_options.py
[2025-06-13T18:17:00.483+0000] {processor.py:925} INFO - DAG(s) 'fetch_stock_options' retrieved from /opt/airflow/dags/fetch_stock_options.py
[2025-06-13T18:17:00.515+0000] {logging_mixin.py:190} INFO - [2025-06-13T18:17:00.515+0000] {dag.py:3239} INFO - Sync 1 DAGs
[2025-06-13T18:17:00.544+0000] {logging_mixin.py:190} INFO - [2025-06-13T18:17:00.544+0000] {dag.py:4180} INFO - Setting next_dagrun for fetch_stock_options to 2025-06-13 18:10:00+00:00, run_after=2025-06-13 18:15:00+00:00
[2025-06-13T18:17:00.571+0000] {processor.py:208} INFO - Processing /opt/airflow/dags/fetch_stock_options.py took 0.118 seconds
[2025-06-13T18:17:30.930+0000] {processor.py:186} INFO - Started process (PID=195) to work on /opt/airflow/dags/fetch_stock_options.py
[2025-06-13T18:17:30.931+0000] {processor.py:914} INFO - Processing file /opt/airflow/dags/fetch_stock_options.py for tasks to queue
[2025-06-13T18:17:30.934+0000] {logging_mixin.py:190} INFO - [2025-06-13T18:17:30.934+0000] {dagbag.py:588} INFO - Filling up the DagBag from /opt/airflow/dags/fetch_stock_options.py
[2025-06-13T18:17:31.010+0000] {processor.py:925} INFO - DAG(s) 'fetch_stock_options' retrieved from /opt/airflow/dags/fetch_stock_options.py
[2025-06-13T18:17:31.031+0000] {logging_mixin.py:190} INFO - [2025-06-13T18:17:31.031+0000] {dag.py:3239} INFO - Sync 1 DAGs
[2025-06-13T18:17:31.054+0000] {logging_mixin.py:190} INFO - [2025-06-13T18:17:31.054+0000] {dag.py:4180} INFO - Setting next_dagrun for fetch_stock_options to 2025-06-13 18:10:00+00:00, run_after=2025-06-13 18:15:00+00:00
[2025-06-13T18:17:31.076+0000] {processor.py:208} INFO - Processing /opt/airflow/dags/fetch_stock_options.py took 0.151 seconds
[2025-06-13T18:18:01.249+0000] {processor.py:186} INFO - Started process (PID=200) to work on /opt/airflow/dags/fetch_stock_options.py
[2025-06-13T18:18:01.250+0000] {processor.py:914} INFO - Processing file /opt/airflow/dags/fetch_stock_options.py for tasks to queue
[2025-06-13T18:18:01.252+0000] {logging_mixin.py:190} INFO - [2025-06-13T18:18:01.252+0000] {dagbag.py:588} INFO - Filling up the DagBag from /opt/airflow/dags/fetch_stock_options.py
[2025-06-13T18:18:01.280+0000] {processor.py:925} INFO - DAG(s) 'fetch_stock_options' retrieved from /opt/airflow/dags/fetch_stock_options.py
[2025-06-13T18:18:01.299+0000] {logging_mixin.py:190} INFO - [2025-06-13T18:18:01.298+0000] {dag.py:3239} INFO - Sync 1 DAGs
[2025-06-13T18:18:01.317+0000] {logging_mixin.py:190} INFO - [2025-06-13T18:18:01.316+0000] {dag.py:4180} INFO - Setting next_dagrun for fetch_stock_options to 2025-06-13 18:10:00+00:00, run_after=2025-06-13 18:15:00+00:00
[2025-06-13T18:18:01.339+0000] {processor.py:208} INFO - Processing /opt/airflow/dags/fetch_stock_options.py took 0.095 seconds
[2025-06-13T18:18:31.592+0000] {processor.py:186} INFO - Started process (PID=226) to work on /opt/airflow/dags/fetch_stock_options.py
[2025-06-13T18:18:31.593+0000] {processor.py:914} INFO - Processing file /opt/airflow/dags/fetch_stock_options.py for tasks to queue
[2025-06-13T18:18:31.596+0000] {logging_mixin.py:190} INFO - [2025-06-13T18:18:31.595+0000] {dagbag.py:588} INFO - Filling up the DagBag from /opt/airflow/dags/fetch_stock_options.py
[2025-06-13T18:18:31.634+0000] {processor.py:925} INFO - DAG(s) 'fetch_stock_options' retrieved from /opt/airflow/dags/fetch_stock_options.py
[2025-06-13T18:18:31.657+0000] {logging_mixin.py:190} INFO - [2025-06-13T18:18:31.657+0000] {dag.py:3239} INFO - Sync 1 DAGs
[2025-06-13T18:18:31.677+0000] {logging_mixin.py:190} INFO - [2025-06-13T18:18:31.677+0000] {dag.py:4180} INFO - Setting next_dagrun for fetch_stock_options to 2025-06-13 18:10:00+00:00, run_after=2025-06-13 18:15:00+00:00
[2025-06-13T18:18:31.703+0000] {processor.py:208} INFO - Processing /opt/airflow/dags/fetch_stock_options.py took 0.118 seconds
[2025-06-13T18:19:01.856+0000] {processor.py:186} INFO - Started process (PID=231) to work on /opt/airflow/dags/fetch_stock_options.py
[2025-06-13T18:19:01.857+0000] {processor.py:914} INFO - Processing file /opt/airflow/dags/fetch_stock_options.py for tasks to queue
[2025-06-13T18:19:01.859+0000] {logging_mixin.py:190} INFO - [2025-06-13T18:19:01.859+0000] {dagbag.py:588} INFO - Filling up the DagBag from /opt/airflow/dags/fetch_stock_options.py
[2025-06-13T18:19:01.879+0000] {processor.py:925} INFO - DAG(s) 'fetch_stock_options' retrieved from /opt/airflow/dags/fetch_stock_options.py
[2025-06-13T18:19:01.899+0000] {logging_mixin.py:190} INFO - [2025-06-13T18:19:01.899+0000] {dag.py:3239} INFO - Sync 1 DAGs
[2025-06-13T18:19:01.921+0000] {logging_mixin.py:190} INFO - [2025-06-13T18:19:01.921+0000] {dag.py:4180} INFO - Setting next_dagrun for fetch_stock_options to 2025-06-13 18:10:00+00:00, run_after=2025-06-13 18:15:00+00:00
[2025-06-13T18:19:01.941+0000] {processor.py:208} INFO - Processing /opt/airflow/dags/fetch_stock_options.py took 0.090 seconds
[2025-06-13T18:19:32.261+0000] {processor.py:186} INFO - Started process (PID=236) to work on /opt/airflow/dags/fetch_stock_options.py
[2025-06-13T18:19:32.263+0000] {processor.py:914} INFO - Processing file /opt/airflow/dags/fetch_stock_options.py for tasks to queue
[2025-06-13T18:19:32.266+0000] {logging_mixin.py:190} INFO - [2025-06-13T18:19:32.266+0000] {dagbag.py:588} INFO - Filling up the DagBag from /opt/airflow/dags/fetch_stock_options.py
[2025-06-13T18:19:32.295+0000] {processor.py:925} INFO - DAG(s) 'fetch_stock_options' retrieved from /opt/airflow/dags/fetch_stock_options.py
[2025-06-13T18:19:32.313+0000] {logging_mixin.py:190} INFO - [2025-06-13T18:19:32.313+0000] {dag.py:3239} INFO - Sync 1 DAGs
[2025-06-13T18:19:32.332+0000] {logging_mixin.py:190} INFO - [2025-06-13T18:19:32.332+0000] {dag.py:4180} INFO - Setting next_dagrun for fetch_stock_options to 2025-06-13 18:10:00+00:00, run_after=2025-06-13 18:15:00+00:00
[2025-06-13T18:19:32.361+0000] {processor.py:208} INFO - Processing /opt/airflow/dags/fetch_stock_options.py took 0.107 seconds
[2025-06-13T18:20:02.594+0000] {processor.py:186} INFO - Started process (PID=241) to work on /opt/airflow/dags/fetch_stock_options.py
[2025-06-13T18:20:02.594+0000] {processor.py:914} INFO - Processing file /opt/airflow/dags/fetch_stock_options.py for tasks to queue
[2025-06-13T18:20:02.597+0000] {logging_mixin.py:190} INFO - [2025-06-13T18:20:02.597+0000] {dagbag.py:588} INFO - Filling up the DagBag from /opt/airflow/dags/fetch_stock_options.py
[2025-06-13T18:20:02.613+0000] {processor.py:925} INFO - DAG(s) 'fetch_stock_options' retrieved from /opt/airflow/dags/fetch_stock_options.py
[2025-06-13T18:20:02.630+0000] {logging_mixin.py:190} INFO - [2025-06-13T18:20:02.630+0000] {dag.py:3239} INFO - Sync 1 DAGs
[2025-06-13T18:20:02.650+0000] {logging_mixin.py:190} INFO - [2025-06-13T18:20:02.650+0000] {dag.py:4180} INFO - Setting next_dagrun for fetch_stock_options to 2025-06-13 18:15:00+00:00, run_after=2025-06-13 18:20:00+00:00
[2025-06-13T18:20:02.670+0000] {processor.py:208} INFO - Processing /opt/airflow/dags/fetch_stock_options.py took 0.082 seconds
[2025-06-13T18:20:32.887+0000] {processor.py:186} INFO - Started process (PID=246) to work on /opt/airflow/dags/fetch_stock_options.py
[2025-06-13T18:20:32.888+0000] {processor.py:914} INFO - Processing file /opt/airflow/dags/fetch_stock_options.py for tasks to queue
[2025-06-13T18:20:32.890+0000] {logging_mixin.py:190} INFO - [2025-06-13T18:20:32.890+0000] {dagbag.py:588} INFO - Filling up the DagBag from /opt/airflow/dags/fetch_stock_options.py
[2025-06-13T18:20:32.924+0000] {processor.py:925} INFO - DAG(s) 'fetch_stock_options' retrieved from /opt/airflow/dags/fetch_stock_options.py
[2025-06-13T18:20:32.940+0000] {logging_mixin.py:190} INFO - [2025-06-13T18:20:32.940+0000] {dag.py:3239} INFO - Sync 1 DAGs
[2025-06-13T18:20:32.964+0000] {logging_mixin.py:190} INFO - [2025-06-13T18:20:32.963+0000] {dag.py:4180} INFO - Setting next_dagrun for fetch_stock_options to 2025-06-13 18:15:00+00:00, run_after=2025-06-13 18:20:00+00:00
[2025-06-13T18:20:32.999+0000] {processor.py:208} INFO - Processing /opt/airflow/dags/fetch_stock_options.py took 0.118 seconds
[2025-06-13T18:21:03.199+0000] {processor.py:186} INFO - Started process (PID=251) to work on /opt/airflow/dags/fetch_stock_options.py
[2025-06-13T18:21:03.199+0000] {processor.py:914} INFO - Processing file /opt/airflow/dags/fetch_stock_options.py for tasks to queue
[2025-06-13T18:21:03.201+0000] {logging_mixin.py:190} INFO - [2025-06-13T18:21:03.201+0000] {dagbag.py:588} INFO - Filling up the DagBag from /opt/airflow/dags/fetch_stock_options.py
[2025-06-13T18:21:03.220+0000] {processor.py:925} INFO - DAG(s) 'fetch_stock_options' retrieved from /opt/airflow/dags/fetch_stock_options.py
[2025-06-13T18:21:03.234+0000] {logging_mixin.py:190} INFO - [2025-06-13T18:21:03.234+0000] {dag.py:3239} INFO - Sync 1 DAGs
[2025-06-13T18:21:03.250+0000] {logging_mixin.py:190} INFO - [2025-06-13T18:21:03.250+0000] {dag.py:4180} INFO - Setting next_dagrun for fetch_stock_options to 2025-06-13 18:15:00+00:00, run_after=2025-06-13 18:20:00+00:00
[2025-06-13T18:21:03.269+0000] {processor.py:208} INFO - Processing /opt/airflow/dags/fetch_stock_options.py took 0.075 seconds
[2025-06-13T18:21:33.461+0000] {processor.py:186} INFO - Started process (PID=256) to work on /opt/airflow/dags/fetch_stock_options.py
[2025-06-13T18:21:33.461+0000] {processor.py:914} INFO - Processing file /opt/airflow/dags/fetch_stock_options.py for tasks to queue
[2025-06-13T18:21:33.464+0000] {logging_mixin.py:190} INFO - [2025-06-13T18:21:33.463+0000] {dagbag.py:588} INFO - Filling up the DagBag from /opt/airflow/dags/fetch_stock_options.py
[2025-06-13T18:21:33.485+0000] {processor.py:925} INFO - DAG(s) 'fetch_stock_options' retrieved from /opt/airflow/dags/fetch_stock_options.py
[2025-06-13T18:21:33.501+0000] {logging_mixin.py:190} INFO - [2025-06-13T18:21:33.501+0000] {dag.py:3239} INFO - Sync 1 DAGs
[2025-06-13T18:21:33.519+0000] {logging_mixin.py:190} INFO - [2025-06-13T18:21:33.518+0000] {dag.py:4180} INFO - Setting next_dagrun for fetch_stock_options to 2025-06-13 18:15:00+00:00, run_after=2025-06-13 18:20:00+00:00
[2025-06-13T18:21:33.537+0000] {processor.py:208} INFO - Processing /opt/airflow/dags/fetch_stock_options.py took 0.081 seconds
[2025-06-13T18:22:03.934+0000] {processor.py:186} INFO - Started process (PID=261) to work on /opt/airflow/dags/fetch_stock_options.py
[2025-06-13T18:22:03.935+0000] {processor.py:914} INFO - Processing file /opt/airflow/dags/fetch_stock_options.py for tasks to queue
[2025-06-13T18:22:03.937+0000] {logging_mixin.py:190} INFO - [2025-06-13T18:22:03.937+0000] {dagbag.py:588} INFO - Filling up the DagBag from /opt/airflow/dags/fetch_stock_options.py
[2025-06-13T18:22:03.953+0000] {processor.py:925} INFO - DAG(s) 'fetch_stock_options' retrieved from /opt/airflow/dags/fetch_stock_options.py
[2025-06-13T18:22:03.969+0000] {logging_mixin.py:190} INFO - [2025-06-13T18:22:03.969+0000] {dag.py:3239} INFO - Sync 1 DAGs
[2025-06-13T18:22:03.986+0000] {logging_mixin.py:190} INFO - [2025-06-13T18:22:03.986+0000] {dag.py:4180} INFO - Setting next_dagrun for fetch_stock_options to 2025-06-13 18:15:00+00:00, run_after=2025-06-13 18:20:00+00:00
[2025-06-13T18:22:04.006+0000] {processor.py:208} INFO - Processing /opt/airflow/dags/fetch_stock_options.py took 0.076 seconds
